#
# A fatal error has been detected by the Java Runtime Environment:
#
#  EXCEPTION_ACCESS_VIOLATION (0xc0000005) at pc=0x00007fffc3f4a469, pid=284, tid=4384
#
# JRE version: OpenJDK Runtime Environment (11.0.10) (build 11.0.10+0-b96-7249189)
# Java VM: OpenJDK 64-Bit Server VM (11.0.10+0-b96-7249189, mixed mode, tiered, compressed oops, g1 gc, windows-amd64)
# Problematic frame:
# V  [jvm.dll+0x2da469]
#
# No core dump will be written. Minidumps are not enabled by default on client versions of Windows
#
# If you would like to submit a bug report, please visit:
#   https://bugreport.java.com/bugreport/crash.jsp
#

---------------  S U M M A R Y ------------

Command Line: --add-opens=java.base/java.util=ALL-UNNAMED --add-opens=java.base/java.lang=ALL-UNNAMED --add-opens=java.base/java.lang.invoke=ALL-UNNAMED --add-opens=java.base/java.util=ALL-UNNAMED --add-opens=java.prefs/java.util.prefs=ALL-UNNAMED --add-opens=java.prefs/java.util.prefs=ALL-UNNAMED --add-opens=java.base/java.nio.charset=ALL-UNNAMED --add-opens=java.base/java.net=ALL-UNNAMED --add-opens=java.base/java.util.concurrent.atomic=ALL-UNNAMED -Xmx2048m -Dfile.encoding=windows-1252 -Duser.country=IN -Duser.language=en -Duser.variant org.gradle.launcher.daemon.bootstrap.GradleDaemon 7.0.2

Host: Intel(R) Pentium(R) CPU B950 @ 2.10GHz, 2 cores, 3G,  Windows 10 , 64 bit Build 19041 (10.0.19041.928)
Time: Sat Oct  2 11:16:45 2021 Pacific Daylight Time elapsed time: 8248.535854 seconds (0d 2h 17m 28s)

---------------  T H R E A D  ---------------

Current thread (0x00000209bb644800):  ConcurrentGCThread "G1 Conc#0" [stack: 0x000000ca83600000,0x000000ca83700000] [id=4384]

Stack: [0x000000ca83600000,0x000000ca83700000],  sp=0x000000ca836ff4a0,  free space=1021k
Native frames: (J=compiled Java code, j=interpreted, Vv=VM code, C=native code)
V  [jvm.dll+0x2da469]
V  [jvm.dll+0x2da396]
V  [jvm.dll+0x2d21ed]
V  [jvm.dll+0x2d1aa1]
V  [jvm.dll+0x2dffcf]
V  [jvm.dll+0x2e1d8b]
V  [jvm.dll+0x2e395b]
V  [jvm.dll+0x2e2579]
V  [jvm.dll+0x2e6b46]
V  [jvm.dll+0x748da0]
V  [jvm.dll+0x6e3d45]
V  [jvm.dll+0x5ebe96]
C  [ucrtbase.dll+0x21bb2]
C  [KERNEL32.DLL+0x17034]
C  [ntdll.dll+0x52651]


siginfo: EXCEPTION_ACCESS_VIOLATION (0xc0000005), reading address 0x0000000000000160


Register to memory mapping:

RIP=0x00007fffc3f4a469 jvm.dll
RAX=0x00000209bb622c80 points into unknown readable memory: 0x0000000000000000 | 00 00 00 00 00 00 00 00
RBX=0x0000000000020000 is an unknown value
RCX=0x00000209bb63a670 points into unknown readable memory: 0x00000209bb643000 | 00 30 64 bb 09 02 00 00
RDX=0x0 is NULL
RSP=0x000000ca836ff4a0 points into unknown readable memory: 0x0000000000000004 | 04 00 00 00 00 00 00 00
RBP=0x00000209bb63a670 points into unknown readable memory: 0x00000209bb643000 | 00 30 64 bb 09 02 00 00
RSI=0x0000000100800488 is pointing into metadata
RDI=0x0000000000020000 is an unknown value
R8 =0x0 is NULL
R9 =0x0000000000020000 is an unknown value
R10=0x00000209bb63a670 points into unknown readable memory: 0x00000209bb643000 | 00 30 64 bb 09 02 00 00
R11=0x00000209ce8f0000 points into unknown readable memory: 0x4924488889248891 | 91 88 24 89 88 48 24 49
R12=0x000000000000000c is an unknown value
R13=0xaaaaaaaaaaaaaaab is an unknown value
R14=0x0 is NULL
R15=0x0000000089692470 is an oop: org.apache.xerces.xni.QName 
{0x0000000089692470} - klass: 'org/apache/xerces/xni/QName'


Registers:
RAX=0x00000209bb622c80, RBX=0x0000000000020000, RCX=0x00000209bb63a670, RDX=0x0000000000000000
RSP=0x000000ca836ff4a0, RBP=0x00000209bb63a670, RSI=0x0000000100800488, RDI=0x0000000000020000
R8 =0x0000000000000000, R9 =0x0000000000020000, R10=0x00000209bb63a670, R11=0x00000209ce8f0000
R12=0x000000000000000c, R13=0xaaaaaaaaaaaaaaab, R14=0x0000000000000000, R15=0x0000000089692470
RIP=0x00007fffc3f4a469, EFLAGS=0x0000000000010206

Top of Stack: (sp=0x000000ca836ff4a0)
0x000000ca836ff4a0:   0000000000000004 00007fffc3f4a517
0x000000ca836ff4b0:   0000000000000096 0000000000000001
0x000000ca836ff4c0:   0000000100800490 00007fffc3f4a396
0x000000ca836ff4d0:   00000209bb645001 00007fffc3f4a396
0x000000ca836ff4e0:   00000209bb6467d0 000000ca836ff6a8
0x000000ca836ff4f0:   0000000000000000 000000ca836ff6a8
0x000000ca836ff500:   000000008969248c 00007fffc3f421ed
0x000000ca836ff510:   0000000000000004 0000000089692480
0x000000ca836ff520:   00000000896923a0 00000000896923cc
0x000000ca836ff530:   000000ca836ff680 00000209bb645001
0x000000ca836ff540:   0000000100800268 00007fffc3f41aa1
0x000000ca836ff550:   0000000000000004 000000ca836ff6a8
0x000000ca836ff560:   0000000089692470 0000000000000000
0x000000ca836ff570:   0000000089692470 00007fffc3f4ffcf
0x000000ca836ff580:   00000209bb6467d0 00000000012e0000
0x000000ca836ff590:   000000ca836ff680 0000000000000000 

Instructions: (pc=0x00007fffc3f4a469)
0x00007fffc3f4a369:   00 00 00 00 48 8b fa 4c 8b ca 49 8b 42 08 8b 53
0x00007fffc3f4a379:   10 8b 88 c0 02 00 00 48 8b 80 b0 02 00 00 49 d3
0x00007fffc3f4a389:   e8 49 8b ca 4e 8b 04 c0 e8 ba 00 00 00 84 c0 75
0x00007fffc3f4a399:   0b 48 8b 5c 24 48 48 83 c4 30 5f c3 48 8b 43 20
0x00007fffc3f4a3a9:   48 8b 88 d8 02 00 00 48 8b 83 98 00 00 00 48 85
0x00007fffc3f4a3b9:   c0 74 0e 48 3b f8 72 0e 48 3b bb a0 00 00 00 72
0x00007fffc3f4a3c9:   77 48 3b f9 73 72 80 3d c2 d1 71 00 00 74 15 8b
0x00007fffc3f4a3d9:   47 08 8b 0d 37 47 6d 00 48 d3 e0 48 03 05 25 47
0x00007fffc3f4a3e9:   6d 00 eb 04 48 8b 47 08 81 78 08 00 00 00 c0 72
0x00007fffc3f4a3f9:   35 48 8b 83 b0 00 00 00 48 39 83 a8 00 00 00 73
0x00007fffc3f4a409:   10 48 8b 83 c8 00 00 00 48 39 83 c0 00 00 00 72
0x00007fffc3f4a419:   27 48 8b cb e8 0e a4 00 00 b0 01 48 8b 5c 24 48
0x00007fffc3f4a429:   48 83 c4 30 5f c3 48 8d 54 24 40 48 89 7c 24 40
0x00007fffc3f4a439:   48 8b cb e8 ff 18 00 00 b0 01 48 8b 5c 24 48 48
0x00007fffc3f4a449:   83 c4 30 5f c3 cc cc 48 89 5c 24 18 48 89 6c 24
0x00007fffc3f4a459:   20 41 56 48 83 ec 20 49 8b d9 44 8b f2 48 8b e9
0x00007fffc3f4a469:   4d 3b 88 60 01 00 00 72 13 32 c0 48 8b 5c 24 40
0x00007fffc3f4a479:   48 8b 6c 24 48 48 83 c4 20 41 5e c3 48 8b 81 90
0x00007fffc3f4a489:   00 00 00 48 8b d3 48 89 74 24 30 48 2b 10 8b 48
0x00007fffc3f4a499:   10 48 c1 ea 03 48 d3 ea 48 8d 48 18 e8 c6 38 e3
0x00007fffc3f4a4a9:   ff 0f b6 f0 84 c0 74 6f 48 89 7c 24 38 48 8b 7c
0x00007fffc3f4a4b9:   24 50 48 85 ff 75 2d 40 38 3d d1 d0 71 00 74 15
0x00007fffc3f4a4c9:   8b 53 08 8b 0d 46 46 6d 00 48 d3 e2 48 03 15 34
0x00007fffc3f4a4d9:   46 6d 00 eb 04 48 8b 53 08 48 8b cb e8 f6 24 eb
0x00007fffc3f4a4e9:   ff 48 63 f8 48 8b 85 f0 02 00 00 8b 0d be d6 71
0x00007fffc3f4a4f9:   00 4a 8b 14 f0 48 8b 42 18 48 8b 40 10 48 2b d8
0x00007fffc3f4a509:   48 d3 eb 48 8d 4a 38 8b d3 e8 c9 e4 ff ff 48 01
0x00007fffc3f4a519:   78 08 48 8b 7c 24 38 48 8b 5c 24 40 40 0f b6 c6
0x00007fffc3f4a529:   48 8b 74 24 30 48 8b 6c 24 48 48 83 c4 20 41 5e
0x00007fffc3f4a539:   c3 cc cc cc cc cc cc 4c 8b 81 b8 02 00 00 48 8b
0x00007fffc3f4a549:   81 a8 02 00 00 8b 91 c0 02 00 00 49 03 c0 8b ca
0x00007fffc3f4a559:   48 d3 e0 49 d3 e0 49 2b c0 48 83 e0 f8 c3 cc cc 


Stack slot to memory mapping:
stack at sp + 0 slots: 0x0000000000000004 is an unknown value
stack at sp + 1 slots: 0x00007fffc3f4a517 jvm.dll
stack at sp + 2 slots: 0x0000000000000096 is an unknown value
stack at sp + 3 slots: 0x0000000000000001 is an unknown value
stack at sp + 4 slots: 0x0000000100800490 is a pointer to class: 
stack at sp + 5 slots: 0x00007fffc3f4a396 jvm.dll
stack at sp + 6 slots: 0x00000209bb645001 points into unknown readable memory: 00 00 00 00 00 00 00
stack at sp + 7 slots: 0x00007fffc3f4a396 jvm.dll


---------------  P R O C E S S  ---------------

Threads class SMR info:
_java_thread_list=0x00000209e4584a20, length=48, elements={
0x00000209bb5f8800, 0x00000209d547d000, 0x00000209d547f800, 0x00000209d54de000,
0x00000209d54df800, 0x00000209d54e1800, 0x00000209d54e6000, 0x00000209d5650000,
0x00000209d5653000, 0x00000209d56b4800, 0x00000209d69ee000, 0x00000209d620b000,
0x00000209d6ede800, 0x00000209d781f800, 0x00000209d7820000, 0x00000209d7824000,
0x00000209d7821000, 0x00000209d7823800, 0x00000209d9cff800, 0x00000209d9cfe000,
0x00000209d9d01000, 0x00000209d9cfb800, 0x00000209d9d02000, 0x00000209d9854000,
0x00000209d9855000, 0x00000209d9cff000, 0x00000209d9d05800, 0x00000209d9d04800,
0x00000209d9d00800, 0x00000209d9d09800, 0x00000209d9d08000, 0x00000209d9d08800,
0x00000209d9849800, 0x00000209d9847000, 0x00000209d9848000, 0x00000209d984c000,
0x00000209d984d000, 0x00000209d984d800, 0x00000209d984e800, 0x00000209d9848800,
0x00000209d9850000, 0x00000209d984f000, 0x00000209d984a800, 0x00000209d9853800,
0x00000209d9852800, 0x00000209d9855800, 0x00000209d7821800, 0x00000209d7825000
}

Java Threads: ( => current thread )
  0x00000209bb5f8800 JavaThread "main" [_thread_blocked, id=6768, stack(0x000000ca83200000,0x000000ca83300000)]
  0x00000209d547d000 JavaThread "Reference Handler" daemon [_thread_blocked, id=3836, stack(0x000000ca83a00000,0x000000ca83b00000)]
  0x00000209d547f800 JavaThread "Finalizer" daemon [_thread_blocked, id=4028, stack(0x000000ca83b00000,0x000000ca83c00000)]
  0x00000209d54de000 JavaThread "Signal Dispatcher" daemon [_thread_blocked, id=5324, stack(0x000000ca83c00000,0x000000ca83d00000)]
  0x00000209d54df800 JavaThread "Attach Listener" daemon [_thread_blocked, id=3200, stack(0x000000ca83d00000,0x000000ca83e00000)]
  0x00000209d54e1800 JavaThread "Service Thread" daemon [_thread_blocked, id=4832, stack(0x000000ca83e00000,0x000000ca83f00000)]
  0x00000209d54e6000 JavaThread "C2 CompilerThread0" daemon [_thread_blocked, id=1272, stack(0x000000ca83f00000,0x000000ca84000000)]
  0x00000209d5650000 JavaThread "C1 CompilerThread0" daemon [_thread_blocked, id=1160, stack(0x000000ca84000000,0x000000ca84100000)]
  0x00000209d5653000 JavaThread "Sweeper thread" daemon [_thread_blocked, id=6236, stack(0x000000ca84100000,0x000000ca84200000)]
  0x00000209d56b4800 JavaThread "Common-Cleaner" daemon [_thread_blocked, id=1228, stack(0x000000ca84200000,0x000000ca84300000)]
  0x00000209d69ee000 JavaThread "Daemon health stats" [_thread_blocked, id=6756, stack(0x000000ca84500000,0x000000ca84600000)]
  0x00000209d620b000 JavaThread "Incoming local TCP Connector on port 59391" [_thread_in_native, id=6648, stack(0x000000ca84600000,0x000000ca84700000)]
  0x00000209d6ede800 JavaThread "Daemon periodic checks" [_thread_blocked, id=4176, stack(0x000000ca84700000,0x000000ca84800000)]
  0x00000209d781f800 JavaThread "Cache worker for file hash cache (C:\Users\Prasanth\.gradle\caches\7.0.2\fileHashes)" [_thread_blocked, id=4652, stack(0x000000ca84f00000,0x000000ca85000000)]
  0x00000209d7820000 JavaThread "File lock request listener" [_thread_in_native, id=1616, stack(0x000000ca85000000,0x000000ca85100000)]
  0x00000209d7824000 JavaThread "Cache worker for journal cache (C:\Users\Prasanth\.gradle\caches\journal-1)" [_thread_blocked, id=476, stack(0x000000ca85100000,0x000000ca85200000)]
  0x00000209d7821000 JavaThread "File watcher server" daemon [_thread_in_native, id=4004, stack(0x000000ca85300000,0x000000ca85400000)]
  0x00000209d7823800 JavaThread "File watcher consumer" daemon [_thread_blocked, id=6692, stack(0x000000ca85400000,0x000000ca85500000)]
  0x00000209d9cff800 JavaThread "jar transforms" [_thread_blocked, id=5388, stack(0x000000ca85500000,0x000000ca85600000)]
  0x00000209d9cfe000 JavaThread "jar transforms Thread 2" [_thread_blocked, id=6908, stack(0x000000ca85600000,0x000000ca85700000)]
  0x00000209d9d01000 JavaThread "Cache worker for execution history cache (C:\Users\Prasanth\.gradle\caches\7.0.2\executionHistory)" [_thread_blocked, id=6960, stack(0x000000ca85a00000,0x000000ca85b00000)]
  0x00000209d9cfb800 JavaThread "Cache worker for file content cache (C:\Users\Prasanth\.gradle\caches\7.0.2\fileContent)" [_thread_blocked, id=7112, stack(0x000000ca85b00000,0x000000ca85c00000)]
  0x00000209d9d02000 JavaThread "Memory manager" [_thread_blocked, id=1768, stack(0x000000ca86200000,0x000000ca86300000)]
  0x00000209d9854000 JavaThread "Cache worker for Java compile cache (C:\Users\Prasanth\.gradle\caches\7.0.2\javaCompile)" [_thread_blocked, id=3012, stack(0x000000ca84b00000,0x000000ca84c00000)]
  0x00000209d9855000 JavaThread "ForkJoinPool.commonPool-worker-1" daemon [_thread_blocked, id=724, stack(0x000000ca86900000,0x000000ca86a00000)]
  0x00000209d9cff000 JavaThread "Daemon Thread 9" [_thread_blocked, id=7192, stack(0x000000ca83100000,0x000000ca83200000)]
  0x00000209d9d05800 JavaThread "Handler for socket connection from /127.0.0.1:59391 to /127.0.0.1:57446" [_thread_in_native, id=7220, stack(0x000000ca83300000,0x000000ca83400000)]
  0x00000209d9d04800 JavaThread "Cancel handler" [_thread_blocked, id=7540, stack(0x000000ca84800000,0x000000ca84900000)]
  0x00000209d9d00800 JavaThread "Daemon worker Thread 9" [_thread_blocked, id=7568, stack(0x000000ca84900000,0x000000ca84a00000)]
  0x00000209d9d09800 JavaThread "Asynchronous log dispatcher for DefaultDaemonConnection: socket connection from /127.0.0.1:59391 to /127.0.0.1:57446" [_thread_blocked, id=7624, stack(0x000000ca84a00000,0x000000ca84b00000)]
  0x00000209d9d08000 JavaThread "Daemon client event forwarder" [_thread_blocked, id=7640, stack(0x000000ca84d00000,0x000000ca84e00000)]
  0x00000209d9d08800 JavaThread "Cache worker for file hash cache (C:\Users\Prasanth\AndroidStudioProjects\SkyblueShopping\.gradle\7.0.2\fileHashes)" [_thread_blocked, id=7864, stack(0x000000ca84e00000,0x000000ca84f00000)]
  0x00000209d9849800 JavaThread "Cache worker for checksums cache (C:\Users\Prasanth\AndroidStudioProjects\SkyblueShopping\.gradle\checksums)" [_thread_blocked, id=7900, stack(0x000000ca85200000,0x000000ca85300000)]
  0x00000209d9847000 JavaThread "Cache worker for cache directory md-supplier (C:\Users\Prasanth\.gradle\caches\7.0.2\md-supplier)" [_thread_blocked, id=7904, stack(0x000000ca85700000,0x000000ca85800000)]
  0x00000209d9848000 JavaThread "Cache worker for cache directory md-rule (C:\Users\Prasanth\.gradle\caches\7.0.2\md-rule)" [_thread_blocked, id=7912, stack(0x000000ca85800000,0x000000ca85900000)]
  0x00000209d984c000 JavaThread "Cache worker for dependencies-accessors (C:\Users\Prasanth\AndroidStudioProjects\SkyblueShopping\.gradle\7.0.2\dependencies-accessors)" [_thread_blocked, id=8028, stack(0x000000ca85900000,0x000000ca85a00000)]
  0x00000209d984d000 JavaThread "Cache worker for Build Output Cleanup Cache (C:\Users\Prasanth\AndroidStudioProjects\SkyblueShopping\.gradle\buildOutputCleanup)" [_thread_blocked, id=6044, stack(0x000000ca85c00000,0x000000ca85d00000)]
  0x00000209d984d800 JavaThread "Build operations" [_thread_blocked, id=5636, stack(0x000000ca85d00000,0x000000ca85e00000)]
  0x00000209d984e800 JavaThread "Build operations Thread 2" [_thread_blocked, id=2356, stack(0x000000ca85e00000,0x000000ca85f00000)]
  0x00000209d9848800 JavaThread "build event listener" [_thread_blocked, id=5440, stack(0x000000ca84c00000,0x000000ca84d00000)]
  0x00000209d9850000 JavaThread "Execution worker for ':'" [_thread_blocked, id=4876, stack(0x000000ca85f00000,0x000000ca86000000)]
  0x00000209d984f000 JavaThread "Cache worker for execution history cache (C:\Users\Prasanth\AndroidStudioProjects\SkyblueShopping\.gradle\7.0.2\executionHistory)" [_thread_blocked, id=4872, stack(0x000000ca86000000,0x000000ca86100000)]
  0x00000209d984a800 JavaThread "WorkerExecutor Queue" [_thread_blocked, id=7756, stack(0x000000ca86100000,0x000000ca86200000)]
  0x00000209d9853800 JavaThread "WorkerExecutor Queue Thread 2" [_thread_blocked, id=7684, stack(0x000000ca86300000,0x000000ca86400000)]
  0x00000209d9852800 JavaThread "pool-27-thread-1" [_thread_blocked, id=7508, stack(0x000000ca86400000,0x000000ca86500000)]
  0x00000209d9855800 JavaThread "stderr" [_thread_in_native, id=7488, stack(0x000000ca86500000,0x000000ca86600000)]
  0x00000209d7821800 JavaThread "stdout" [_thread_in_native, id=6072, stack(0x000000ca86600000,0x000000ca86700000)]
  0x00000209d7825000 JavaThread "Cache worker for Java compile cache (C:\Users\Prasanth\AndroidStudioProjects\SkyblueShopping\.gradle\7.0.2\javaCompile)" [_thread_blocked, id=4472, stack(0x000000ca86700000,0x000000ca86800000)]

Other Threads:
  0x00000209d5474000 VMThread "VM Thread" [stack: 0x000000ca83900000,0x000000ca83a00000] [id=6416]
  0x00000209d5725000 WatcherThread [stack: 0x000000ca84300000,0x000000ca84400000] [id=4768]
  0x00000209bb610000 GCTaskThread "GC Thread#0" [stack: 0x000000ca83400000,0x000000ca83500000] [id=6168]
  0x00000209d580a800 GCTaskThread "GC Thread#1" [stack: 0x000000ca84400000,0x000000ca84500000] [id=4104]
  0x00000209bb643000 ConcurrentGCThread "G1 Main Marker" [stack: 0x000000ca83500000,0x000000ca83600000] [id=4388]
=>0x00000209bb644800 ConcurrentGCThread "G1 Conc#0" [stack: 0x000000ca83600000,0x000000ca83700000] [id=4384]
  0x00000209bb694800 ConcurrentGCThread "G1 Refine#0" [stack: 0x000000ca83700000,0x000000ca83800000] [id=6588]
  0x00000209bb695800 ConcurrentGCThread "G1 Young RemSet Sampling" [stack: 0x000000ca83800000,0x000000ca83900000] [id=1924]

Threads with active compile tasks:

VM state:not at safepoint (normal execution)

VM Mutex/Monitor currently owned by a thread:  ([mutex/lock_event])
[0x00000209bb5f6ee0] CompiledIC_lock - owner thread: 0x00000209d984a800

Heap address: 0x0000000080000000, size: 2048 MB, Compressed Oops mode: 32-bit
Narrow klass base: 0x0000000000000000, Narrow klass shift: 3
Compressed class space size: 1073741824 Address: 0x0000000100000000

Heap:
 garbage-first heap   total 402432K, used 167398K [0x0000000080000000, 0x0000000100000000)
  region size 1024K, 6 young (6144K), 3 survivors (3072K)
 Metaspace       used 151392K, capacity 156166K, committed 157824K, reserved 1187840K
  class space    used 18228K, capacity 19944K, committed 20352K, reserved 1048576K
Heap Regions: E=young(eden), S=young(survivor), O=old, HS=humongous(starts), HC=humongous(continues), CS=collection set, F=free, A=archive, TAMS=top-at-mark-start (previous, next)
|   0|0x0000000080000000, 0x0000000080100000, 0x0000000080100000|100%| O|  |TAMS 0x0000000080100000, 0x0000000080100000| Untracked 
|   1|0x0000000080100000, 0x0000000080200000, 0x0000000080200000|100%| O|  |TAMS 0x0000000080200000, 0x0000000080200000| Untracked 
|   2|0x0000000080200000, 0x0000000080300000, 0x0000000080300000|100%| O|  |TAMS 0x0000000080300000, 0x0000000080300000| Untracked 
|   3|0x0000000080300000, 0x0000000080400000, 0x0000000080400000|100%| O|  |TAMS 0x0000000080400000, 0x0000000080400000| Untracked 
|   4|0x0000000080400000, 0x0000000080500000, 0x0000000080500000|100%|HS|  |TAMS 0x0000000080500000, 0x0000000080500000| Complete 
|   5|0x0000000080500000, 0x0000000080600000, 0x0000000080600000|100%|HC|  |TAMS 0x0000000080600000, 0x0000000080600000| Complete 
|   6|0x0000000080600000, 0x0000000080700000, 0x0000000080700000|100%|HC|  |TAMS 0x0000000080700000, 0x0000000080700000| Complete 
|   7|0x0000000080700000, 0x0000000080800000, 0x0000000080800000|100%| O|  |TAMS 0x0000000080800000, 0x0000000080800000| Untracked 
|   8|0x0000000080800000, 0x0000000080900000, 0x0000000080900000|100%| O|  |TAMS 0x0000000080900000, 0x0000000080900000| Untracked 
|   9|0x0000000080900000, 0x0000000080a00000, 0x0000000080a00000|100%| O|  |TAMS 0x0000000080a00000, 0x0000000080a00000| Untracked 
|  10|0x0000000080a00000, 0x0000000080b00000, 0x0000000080b00000|100%| O|  |TAMS 0x0000000080b00000, 0x0000000080b00000| Untracked 
|  11|0x0000000080b00000, 0x0000000080c00000, 0x0000000080c00000|100%| O|  |TAMS 0x0000000080c00000, 0x0000000080c00000| Untracked 
|  12|0x0000000080c00000, 0x0000000080d00000, 0x0000000080d00000|100%| O|  |TAMS 0x0000000080d00000, 0x0000000080d00000| Untracked 
|  13|0x0000000080d00000, 0x0000000080e00000, 0x0000000080e00000|100%| O|  |TAMS 0x0000000080e00000, 0x0000000080e00000| Untracked 
|  14|0x0000000080e00000, 0x0000000080f00000, 0x0000000080f00000|100%| O|  |TAMS 0x0000000080f00000, 0x0000000080f00000| Untracked 
|  15|0x0000000080f00000, 0x0000000081000000, 0x0000000081000000|100%| O|  |TAMS 0x0000000081000000, 0x0000000081000000| Untracked 
|  16|0x0000000081000000, 0x0000000081100000, 0x0000000081100000|100%|HS|  |TAMS 0x0000000081100000, 0x0000000081100000| Complete 
|  17|0x0000000081100000, 0x0000000081200000, 0x0000000081200000|100%|HC|  |TAMS 0x0000000081200000, 0x0000000081200000| Complete 
|  18|0x0000000081200000, 0x0000000081300000, 0x0000000081300000|100%|HS|  |TAMS 0x0000000081300000, 0x0000000081300000| Complete 
|  19|0x0000000081300000, 0x0000000081400000, 0x0000000081400000|100%|HC|  |TAMS 0x0000000081400000, 0x0000000081400000| Complete 
|  20|0x0000000081400000, 0x0000000081500000, 0x0000000081500000|100%|HC|  |TAMS 0x0000000081500000, 0x0000000081500000| Complete 
|  21|0x0000000081500000, 0x0000000081600000, 0x0000000081600000|100%|HS|  |TAMS 0x0000000081600000, 0x0000000081600000| Complete 
|  22|0x0000000081600000, 0x0000000081700000, 0x0000000081700000|100%|HC|  |TAMS 0x0000000081700000, 0x0000000081700000| Complete 
|  23|0x0000000081700000, 0x0000000081800000, 0x0000000081800000|100%|HC|  |TAMS 0x0000000081800000, 0x0000000081800000| Complete 
|  24|0x0000000081800000, 0x0000000081900000, 0x0000000081900000|100%|HC|  |TAMS 0x0000000081900000, 0x0000000081900000| Complete 
|  25|0x0000000081900000, 0x0000000081a00000, 0x0000000081a00000|100%|HC|  |TAMS 0x0000000081a00000, 0x0000000081a00000| Complete 
|  26|0x0000000081a00000, 0x0000000081b00000, 0x0000000081b00000|100%| O|  |TAMS 0x0000000081b00000, 0x0000000081b00000| Untracked 
|  27|0x0000000081b00000, 0x0000000081c00000, 0x0000000081c00000|100%| O|  |TAMS 0x0000000081c00000, 0x0000000081c00000| Untracked 
|  28|0x0000000081c00000, 0x0000000081d00000, 0x0000000081d00000|100%| O|  |TAMS 0x0000000081d00000, 0x0000000081d00000| Untracked 
|  29|0x0000000081d00000, 0x0000000081e00000, 0x0000000081e00000|100%| O|  |TAMS 0x0000000081e00000, 0x0000000081e00000| Untracked 
|  30|0x0000000081e00000, 0x0000000081f00000, 0x0000000081f00000|100%| O|  |TAMS 0x0000000081f00000, 0x0000000081f00000| Untracked 
|  31|0x0000000081f00000, 0x0000000082000000, 0x0000000082000000|100%| O|  |TAMS 0x0000000082000000, 0x0000000082000000| Untracked 
|  32|0x0000000082000000, 0x0000000082100000, 0x0000000082100000|100%| O|  |TAMS 0x0000000082100000, 0x0000000082100000| Untracked 
|  33|0x0000000082100000, 0x0000000082200000, 0x0000000082200000|100%| O|  |TAMS 0x0000000082200000, 0x0000000082200000| Untracked 
|  34|0x0000000082200000, 0x0000000082300000, 0x0000000082300000|100%| O|  |TAMS 0x0000000082300000, 0x0000000082300000| Untracked 
|  35|0x0000000082300000, 0x0000000082400000, 0x0000000082400000|100%| O|  |TAMS 0x0000000082400000, 0x0000000082400000| Untracked 
|  36|0x0000000082400000, 0x0000000082500000, 0x0000000082500000|100%| O|  |TAMS 0x0000000082500000, 0x0000000082500000| Untracked 
|  37|0x0000000082500000, 0x0000000082600000, 0x0000000082600000|100%| O|  |TAMS 0x0000000082600000, 0x0000000082600000| Untracked 
|  38|0x0000000082600000, 0x0000000082700000, 0x0000000082700000|100%| O|  |TAMS 0x0000000082700000, 0x0000000082700000| Untracked 
|  39|0x0000000082700000, 0x0000000082800000, 0x0000000082800000|100%| O|  |TAMS 0x0000000082800000, 0x0000000082800000| Untracked 
|  40|0x0000000082800000, 0x0000000082900000, 0x0000000082900000|100%| O|  |TAMS 0x0000000082900000, 0x0000000082900000| Untracked 
|  41|0x0000000082900000, 0x0000000082a00000, 0x0000000082a00000|100%| O|  |TAMS 0x0000000082a00000, 0x0000000082a00000| Untracked 
|  42|0x0000000082a00000, 0x0000000082b00000, 0x0000000082b00000|100%| O|  |TAMS 0x0000000082b00000, 0x0000000082b00000| Untracked 
|  43|0x0000000082b00000, 0x0000000082c00000, 0x0000000082c00000|100%| O|  |TAMS 0x0000000082c00000, 0x0000000082c00000| Untracked 
|  44|0x0000000082c00000, 0x0000000082d00000, 0x0000000082d00000|100%| O|  |TAMS 0x0000000082d00000, 0x0000000082d00000| Untracked 
|  45|0x0000000082d00000, 0x0000000082e00000, 0x0000000082e00000|100%| O|  |TAMS 0x0000000082e00000, 0x0000000082e00000| Untracked 
|  46|0x0000000082e00000, 0x0000000082f00000, 0x0000000082f00000|100%| O|  |TAMS 0x0000000082f00000, 0x0000000082f00000| Untracked 
|  47|0x0000000082f00000, 0x0000000083000000, 0x0000000083000000|100%|HS|  |TAMS 0x0000000083000000, 0x0000000083000000| Complete 
|  48|0x0000000083000000, 0x0000000083100000, 0x0000000083100000|100%|HC|  |TAMS 0x0000000083100000, 0x0000000083100000| Complete 
|  49|0x0000000083100000, 0x0000000083200000, 0x0000000083200000|100%|HC|  |TAMS 0x0000000083200000, 0x0000000083200000| Complete 
|  50|0x0000000083200000, 0x0000000083300000, 0x0000000083300000|100%| O|  |TAMS 0x0000000083300000, 0x0000000083300000| Untracked 
|  51|0x0000000083300000, 0x0000000083400000, 0x0000000083400000|100%| O|  |TAMS 0x0000000083400000, 0x0000000083400000| Untracked 
|  52|0x0000000083400000, 0x0000000083500000, 0x0000000083500000|100%| O|  |TAMS 0x0000000083500000, 0x0000000083500000| Untracked 
|  53|0x0000000083500000, 0x0000000083600000, 0x0000000083600000|100%| O|  |TAMS 0x0000000083600000, 0x0000000083600000| Untracked 
|  54|0x0000000083600000, 0x0000000083700000, 0x0000000083700000|100%| O|  |TAMS 0x0000000083700000, 0x0000000083700000| Untracked 
|  55|0x0000000083700000, 0x0000000083800000, 0x0000000083800000|100%| O|  |TAMS 0x0000000083800000, 0x0000000083800000| Untracked 
|  56|0x0000000083800000, 0x0000000083900000, 0x0000000083900000|100%| O|  |TAMS 0x0000000083900000, 0x0000000083900000| Untracked 
|  57|0x0000000083900000, 0x0000000083a00000, 0x0000000083a00000|100%|HS|  |TAMS 0x0000000083a00000, 0x0000000083a00000| Complete 
|  58|0x0000000083a00000, 0x0000000083b00000, 0x0000000083b00000|100%| O|  |TAMS 0x0000000083b00000, 0x0000000083b00000| Untracked 
|  59|0x0000000083b00000, 0x0000000083c00000, 0x0000000083c00000|100%| O|  |TAMS 0x0000000083b00000, 0x0000000083c00000| Untracked 
|  60|0x0000000083c00000, 0x0000000083d00000, 0x0000000083d00000|100%|HS|  |TAMS 0x0000000083d00000, 0x0000000083d00000| Complete 
|  61|0x0000000083d00000, 0x0000000083e00000, 0x0000000083e00000|100%|HS|  |TAMS 0x0000000083e00000, 0x0000000083e00000| Complete 
|  62|0x0000000083e00000, 0x0000000083f00000, 0x0000000083f00000|100%|HC|  |TAMS 0x0000000083f00000, 0x0000000083f00000| Complete 
|  63|0x0000000083f00000, 0x0000000084000000, 0x0000000084000000|100%| O|  |TAMS 0x0000000084000000, 0x0000000084000000| Untracked 
|  64|0x0000000084000000, 0x0000000084100000, 0x0000000084100000|100%| O|  |TAMS 0x0000000084100000, 0x0000000084100000| Untracked 
|  65|0x0000000084100000, 0x0000000084200000, 0x0000000084200000|100%| O|  |TAMS 0x0000000084200000, 0x0000000084200000| Untracked 
|  66|0x0000000084200000, 0x0000000084300000, 0x0000000084300000|100%| O|  |TAMS 0x0000000084300000, 0x0000000084300000| Untracked 
|  67|0x0000000084300000, 0x0000000084400000, 0x0000000084400000|100%| O|  |TAMS 0x0000000084400000, 0x0000000084400000| Untracked 
|  68|0x0000000084400000, 0x0000000084500000, 0x0000000084500000|100%| O|  |TAMS 0x0000000084500000, 0x0000000084500000| Untracked 
|  69|0x0000000084500000, 0x0000000084600000, 0x0000000084600000|100%| O|  |TAMS 0x0000000084600000, 0x0000000084600000| Untracked 
|  70|0x0000000084600000, 0x0000000084700000, 0x0000000084700000|100%| O|  |TAMS 0x0000000084700000, 0x0000000084700000| Untracked 
|  71|0x0000000084700000, 0x0000000084800000, 0x0000000084800000|100%| O|  |TAMS 0x0000000084800000, 0x0000000084800000| Untracked 
|  72|0x0000000084800000, 0x0000000084900000, 0x0000000084900000|100%| O|  |TAMS 0x0000000084900000, 0x0000000084900000| Untracked 
|  73|0x0000000084900000, 0x0000000084a00000, 0x0000000084a00000|100%| O|  |TAMS 0x0000000084a00000, 0x0000000084a00000| Untracked 
|  74|0x0000000084a00000, 0x0000000084b00000, 0x0000000084b00000|100%| O|  |TAMS 0x0000000084b00000, 0x0000000084b00000| Untracked 
|  75|0x0000000084b00000, 0x0000000084c00000, 0x0000000084c00000|100%| O|  |TAMS 0x0000000084c00000, 0x0000000084c00000| Untracked 
|  76|0x0000000084c00000, 0x0000000084d00000, 0x0000000084d00000|100%| O|  |TAMS 0x0000000084d00000, 0x0000000084d00000| Untracked 
|  77|0x0000000084d00000, 0x0000000084e00000, 0x0000000084e00000|100%| O|  |TAMS 0x0000000084e00000, 0x0000000084e00000| Untracked 
|  78|0x0000000084e00000, 0x0000000084f00000, 0x0000000084f00000|100%| O|  |TAMS 0x0000000084f00000, 0x0000000084f00000| Untracked 
|  79|0x0000000084f00000, 0x0000000085000000, 0x0000000085000000|100%| O|  |TAMS 0x0000000085000000, 0x0000000085000000| Untracked 
|  80|0x0000000085000000, 0x0000000085100000, 0x0000000085100000|100%| O|  |TAMS 0x0000000085000000, 0x0000000085100000| Untracked 
|  81|0x0000000085100000, 0x0000000085200000, 0x0000000085200000|100%| O|  |TAMS 0x0000000085200000, 0x0000000085200000| Untracked 
|  82|0x0000000085200000, 0x0000000085300000, 0x0000000085300000|100%| O|  |TAMS 0x0000000085200000, 0x0000000085300000| Untracked 
|  83|0x0000000085300000, 0x0000000085400000, 0x0000000085400000|100%| O|  |TAMS 0x0000000085400000, 0x0000000085400000| Untracked 
|  84|0x0000000085400000, 0x0000000085500000, 0x0000000085500000|100%| O|  |TAMS 0x0000000085500000, 0x0000000085500000| Untracked 
|  85|0x0000000085500000, 0x0000000085600000, 0x0000000085600000|100%| O|  |TAMS 0x0000000085600000, 0x0000000085600000| Untracked 
|  86|0x0000000085600000, 0x0000000085700000, 0x0000000085700000|100%| O|  |TAMS 0x0000000085700000, 0x0000000085700000| Untracked 
|  87|0x0000000085700000, 0x0000000085800000, 0x0000000085800000|100%| O|  |TAMS 0x0000000085800000, 0x0000000085800000| Untracked 
|  88|0x0000000085800000, 0x0000000085900000, 0x0000000085900000|100%| O|  |TAMS 0x0000000085900000, 0x0000000085900000| Untracked 
|  89|0x0000000085900000, 0x0000000085a00000, 0x0000000085a00000|100%| O|  |TAMS 0x0000000085a00000, 0x0000000085a00000| Untracked 
|  90|0x0000000085a00000, 0x0000000085b00000, 0x0000000085b00000|100%| O|  |TAMS 0x0000000085b00000, 0x0000000085b00000| Untracked 
|  91|0x0000000085b00000, 0x0000000085c00000, 0x0000000085c00000|100%| O|  |TAMS 0x0000000085c00000, 0x0000000085c00000| Untracked 
|  92|0x0000000085c00000, 0x0000000085d00000, 0x0000000085d00000|100%| O|  |TAMS 0x0000000085d00000, 0x0000000085d00000| Untracked 
|  93|0x0000000085d00000, 0x0000000085e00000, 0x0000000085e00000|100%| O|  |TAMS 0x0000000085e00000, 0x0000000085e00000| Untracked 
|  94|0x0000000085e00000, 0x0000000085f00000, 0x0000000085f00000|100%| O|  |TAMS 0x0000000085f00000, 0x0000000085f00000| Untracked 
|  95|0x0000000085f00000, 0x0000000086000000, 0x0000000086000000|100%| O|  |TAMS 0x0000000086000000, 0x0000000086000000| Untracked 
|  96|0x0000000086000000, 0x0000000086100000, 0x0000000086100000|100%| O|  |TAMS 0x0000000086100000, 0x0000000086100000| Untracked 
|  97|0x0000000086100000, 0x0000000086200000, 0x0000000086200000|100%| O|  |TAMS 0x0000000086200000, 0x0000000086200000| Untracked 
|  98|0x0000000086200000, 0x0000000086300000, 0x0000000086300000|100%| O|  |TAMS 0x0000000086300000, 0x0000000086300000| Untracked 
|  99|0x0000000086300000, 0x0000000086400000, 0x0000000086400000|100%| O|  |TAMS 0x0000000086400000, 0x0000000086400000| Untracked 
| 100|0x0000000086400000, 0x0000000086500000, 0x0000000086500000|100%| O|  |TAMS 0x0000000086500000, 0x0000000086500000| Untracked 
| 101|0x0000000086500000, 0x0000000086600000, 0x0000000086600000|100%| O|  |TAMS 0x0000000086600000, 0x0000000086600000| Untracked 
| 102|0x0000000086600000, 0x0000000086700000, 0x0000000086700000|100%| O|  |TAMS 0x0000000086700000, 0x0000000086700000| Untracked 
| 103|0x0000000086700000, 0x0000000086800000, 0x0000000086800000|100%| O|  |TAMS 0x0000000086800000, 0x0000000086800000| Untracked 
| 104|0x0000000086800000, 0x0000000086900000, 0x0000000086900000|100%| O|  |TAMS 0x0000000086900000, 0x0000000086900000| Untracked 
| 105|0x0000000086900000, 0x0000000086a00000, 0x0000000086a00000|100%| O|  |TAMS 0x0000000086a00000, 0x0000000086a00000| Untracked 
| 106|0x0000000086a00000, 0x0000000086b00000, 0x0000000086b00000|100%| O|  |TAMS 0x0000000086b00000, 0x0000000086b00000| Untracked 
| 107|0x0000000086b00000, 0x0000000086c00000, 0x0000000086c00000|100%| O|  |TAMS 0x0000000086c00000, 0x0000000086c00000| Untracked 
| 108|0x0000000086c00000, 0x0000000086d00000, 0x0000000086d00000|100%| O|  |TAMS 0x0000000086d00000, 0x0000000086d00000| Untracked 
| 109|0x0000000086d00000, 0x0000000086e00000, 0x0000000086e00000|100%| O|  |TAMS 0x0000000086e00000, 0x0000000086e00000| Untracked 
| 110|0x0000000086e00000, 0x0000000086f00000, 0x0000000086f00000|100%| O|  |TAMS 0x0000000086f00000, 0x0000000086f00000| Untracked 
| 111|0x0000000086f00000, 0x0000000087000000, 0x0000000087000000|100%| O|  |TAMS 0x0000000087000000, 0x0000000087000000| Untracked 
| 112|0x0000000087000000, 0x0000000087100000, 0x0000000087100000|100%| O|  |TAMS 0x0000000087100000, 0x0000000087100000| Untracked 
| 113|0x0000000087100000, 0x0000000087200000, 0x0000000087200000|100%| O|  |TAMS 0x0000000087200000, 0x0000000087200000| Untracked 
| 114|0x0000000087200000, 0x0000000087300000, 0x0000000087300000|100%| O|  |TAMS 0x0000000087300000, 0x0000000087300000| Untracked 
| 115|0x0000000087300000, 0x0000000087400000, 0x0000000087400000|100%| O|  |TAMS 0x0000000087300000, 0x0000000087400000| Untracked 
| 116|0x0000000087400000, 0x0000000087500000, 0x0000000087500000|100%| O|  |TAMS 0x0000000087500000, 0x0000000087500000| Untracked 
| 117|0x0000000087500000, 0x0000000087600000, 0x0000000087600000|100%| O|  |TAMS 0x0000000087600000, 0x0000000087600000| Untracked 
| 118|0x0000000087600000, 0x0000000087700000, 0x0000000087700000|100%| O|  |TAMS 0x0000000087700000, 0x0000000087700000| Untracked 
| 119|0x0000000087700000, 0x0000000087800000, 0x0000000087800000|100%| O|  |TAMS 0x0000000087800000, 0x0000000087800000| Untracked 
| 120|0x0000000087800000, 0x0000000087900000, 0x0000000087900000|100%| O|  |TAMS 0x0000000087900000, 0x0000000087900000| Untracked 
| 121|0x0000000087900000, 0x0000000087a00000, 0x0000000087a00000|100%| O|  |TAMS 0x0000000087a00000, 0x0000000087a00000| Untracked 
| 122|0x0000000087a00000, 0x0000000087b00000, 0x0000000087b00000|100%| O|  |TAMS 0x0000000087b00000, 0x0000000087b00000| Untracked 
| 123|0x0000000087b00000, 0x0000000087c00000, 0x0000000087c00000|100%|HS|  |TAMS 0x0000000087c00000, 0x0000000087c00000| Complete 
| 124|0x0000000087c00000, 0x0000000087d00000, 0x0000000087d00000|100%|HC|  |TAMS 0x0000000087d00000, 0x0000000087d00000| Complete 
| 125|0x0000000087d00000, 0x0000000087e00000, 0x0000000087e00000|100%| O|  |TAMS 0x0000000087e00000, 0x0000000087e00000| Untracked 
| 126|0x0000000087e00000, 0x0000000087f00000, 0x0000000087f00000|100%|HS|  |TAMS 0x0000000087f00000, 0x0000000087f00000| Complete 
| 127|0x0000000087f00000, 0x0000000088000000, 0x0000000088000000|100%|HC|  |TAMS 0x0000000088000000, 0x0000000088000000| Complete 
| 128|0x0000000088000000, 0x0000000088100000, 0x0000000088100000|100%|HC|  |TAMS 0x0000000088100000, 0x0000000088100000| Complete 
| 129|0x0000000088100000, 0x0000000088200000, 0x0000000088200000|100%|HC|  |TAMS 0x0000000088200000, 0x0000000088200000| Complete 
| 130|0x0000000088200000, 0x0000000088300000, 0x0000000088300000|100%|HC|  |TAMS 0x0000000088300000, 0x0000000088300000| Complete 
| 131|0x0000000088300000, 0x0000000088400000, 0x0000000088400000|100%| O|  |TAMS 0x0000000088400000, 0x0000000088400000| Untracked 
| 132|0x0000000088400000, 0x0000000088500000, 0x0000000088500000|100%| O|  |TAMS 0x0000000088500000, 0x0000000088500000| Untracked 
| 133|0x0000000088500000, 0x0000000088600000, 0x0000000088600000|100%| O|  |TAMS 0x0000000088600000, 0x0000000088600000| Untracked 
| 134|0x0000000088600000, 0x0000000088700000, 0x0000000088700000|100%| O|  |TAMS 0x0000000088700000, 0x0000000088700000| Untracked 
| 135|0x0000000088700000, 0x0000000088800000, 0x0000000088800000|100%| O|  |TAMS 0x0000000088800000, 0x0000000088800000| Untracked 
| 136|0x0000000088800000, 0x0000000088900000, 0x0000000088900000|100%| O|  |TAMS 0x0000000088800000, 0x0000000088900000| Untracked 
| 137|0x0000000088900000, 0x0000000088a00000, 0x0000000088a00000|100%| O|  |TAMS 0x0000000088900000, 0x0000000088a00000| Untracked 
| 138|0x0000000088a00000, 0x0000000088b00000, 0x0000000088b00000|100%| O|  |TAMS 0x0000000088b00000, 0x0000000088b00000| Untracked 
| 139|0x0000000088b00000, 0x0000000088c00000, 0x0000000088c00000|100%| O|  |TAMS 0x0000000088c00000, 0x0000000088c00000| Untracked 
| 140|0x0000000088c00000, 0x0000000088d00000, 0x0000000088d00000|100%| O|  |TAMS 0x0000000088d00000, 0x0000000088d00000| Untracked 
| 141|0x0000000088d00000, 0x0000000088e00000, 0x0000000088e00000|100%| O|  |TAMS 0x0000000088e00000, 0x0000000088e00000| Untracked 
| 142|0x0000000088e00000, 0x0000000088f00000, 0x0000000088f00000|100%| O|  |TAMS 0x0000000088f00000, 0x0000000088f00000| Untracked 
| 143|0x0000000088f00000, 0x0000000089000000, 0x0000000089000000|100%| O|  |TAMS 0x0000000089000000, 0x0000000089000000| Untracked 
| 144|0x0000000089000000, 0x0000000089100000, 0x0000000089100000|100%| O|  |TAMS 0x0000000089100000, 0x0000000089100000| Untracked 
| 145|0x0000000089100000, 0x0000000089200000, 0x0000000089200000|100%| O|  |TAMS 0x0000000089200000, 0x0000000089200000| Untracked 
| 146|0x0000000089200000, 0x0000000089300000, 0x0000000089300000|100%| O|  |TAMS 0x0000000089300000, 0x0000000089300000| Untracked 
| 147|0x0000000089300000, 0x0000000089400000, 0x0000000089400000|100%| O|  |TAMS 0x0000000089400000, 0x0000000089400000| Untracked 
| 148|0x0000000089400000, 0x0000000089500000, 0x0000000089500000|100%| O|  |TAMS 0x0000000089499400, 0x0000000089500000| Untracked 
| 149|0x0000000089500000, 0x0000000089600000, 0x0000000089600000|100%| O|  |TAMS 0x0000000089600000, 0x0000000089600000| Untracked 
| 150|0x0000000089600000, 0x0000000089700000, 0x0000000089700000|100%| O|  |TAMS 0x0000000089600000, 0x0000000089700000| Untracked 
| 151|0x0000000089700000, 0x0000000089800000, 0x0000000089800000|100%| O|  |TAMS 0x0000000089800000, 0x0000000089800000| Untracked 
| 152|0x0000000089800000, 0x0000000089900000, 0x0000000089900000|100%| O|  |TAMS 0x0000000089800000, 0x0000000089900000| Untracked 
| 153|0x0000000089900000, 0x0000000089a00000, 0x0000000089a00000|100%| O|  |TAMS 0x0000000089900000, 0x0000000089a00000| Untracked 
| 154|0x0000000089a00000, 0x0000000089b00000, 0x0000000089b00000|100%| O|  |TAMS 0x0000000089a00000, 0x0000000089b00000| Untracked 
| 155|0x0000000089b00000, 0x0000000089b79800, 0x0000000089c00000| 47%| O|  |TAMS 0x0000000089b00000, 0x0000000089b79800| Untracked 
| 156|0x0000000089c00000, 0x0000000089c00000, 0x0000000089d00000|  0%| F|  |TAMS 0x0000000089c00000, 0x0000000089c00000| Untracked 
| 157|0x0000000089d00000, 0x0000000089d00000, 0x0000000089e00000|  0%| F|  |TAMS 0x0000000089d00000, 0x0000000089d00000| Untracked 
| 158|0x0000000089e00000, 0x0000000089e00000, 0x0000000089f00000|  0%| F|  |TAMS 0x0000000089e00000, 0x0000000089e00000| Untracked 
| 159|0x0000000089f00000, 0x0000000089f00000, 0x000000008a000000|  0%| F|  |TAMS 0x0000000089f00000, 0x0000000089f00000| Untracked 
| 160|0x000000008a000000, 0x000000008a000000, 0x000000008a100000|  0%| F|  |TAMS 0x000000008a000000, 0x000000008a000000| Untracked 
| 161|0x000000008a100000, 0x000000008a100000, 0x000000008a200000|  0%| F|  |TAMS 0x000000008a100000, 0x000000008a100000| Untracked 
| 162|0x000000008a200000, 0x000000008a200000, 0x000000008a300000|  0%| F|  |TAMS 0x000000008a200000, 0x000000008a200000| Untracked 
| 163|0x000000008a300000, 0x000000008a300000, 0x000000008a400000|  0%| F|  |TAMS 0x000000008a300000, 0x000000008a300000| Untracked 
| 164|0x000000008a400000, 0x000000008a500000, 0x000000008a500000|100%| O|  |TAMS 0x000000008a500000, 0x000000008a500000| Untracked 
| 165|0x000000008a500000, 0x000000008a500000, 0x000000008a600000|  0%| F|  |TAMS 0x000000008a500000, 0x000000008a500000| Untracked 
| 166|0x000000008a600000, 0x000000008a600000, 0x000000008a700000|  0%| F|  |TAMS 0x000000008a600000, 0x000000008a600000| Untracked 
| 167|0x000000008a700000, 0x000000008a700000, 0x000000008a800000|  0%| F|  |TAMS 0x000000008a700000, 0x000000008a700000| Untracked 
| 168|0x000000008a800000, 0x000000008a800000, 0x000000008a900000|  0%| F|  |TAMS 0x000000008a800000, 0x000000008a800000| Untracked 
| 169|0x000000008a900000, 0x000000008a900000, 0x000000008aa00000|  0%| F|  |TAMS 0x000000008a900000, 0x000000008a900000| Untracked 
| 170|0x000000008aa00000, 0x000000008aa00000, 0x000000008ab00000|  0%| F|  |TAMS 0x000000008aa00000, 0x000000008aa00000| Untracked 
| 171|0x000000008ab00000, 0x000000008ab00000, 0x000000008ac00000|  0%| F|  |TAMS 0x000000008ab00000, 0x000000008ab00000| Untracked 
| 172|0x000000008ac00000, 0x000000008ac00000, 0x000000008ad00000|  0%| F|  |TAMS 0x000000008ac00000, 0x000000008ac00000| Untracked 
| 173|0x000000008ad00000, 0x000000008ad00000, 0x000000008ae00000|  0%| F|  |TAMS 0x000000008ad00000, 0x000000008ad00000| Untracked 
| 174|0x000000008ae00000, 0x000000008ae00000, 0x000000008af00000|  0%| F|  |TAMS 0x000000008ae00000, 0x000000008ae00000| Untracked 
| 175|0x000000008af00000, 0x000000008af00000, 0x000000008b000000|  0%| F|  |TAMS 0x000000008af00000, 0x000000008af00000| Untracked 
| 176|0x000000008b000000, 0x000000008b000000, 0x000000008b100000|  0%| F|  |TAMS 0x000000008b000000, 0x000000008b000000| Untracked 
| 177|0x000000008b100000, 0x000000008b100000, 0x000000008b200000|  0%| F|  |TAMS 0x000000008b100000, 0x000000008b100000| Untracked 
| 178|0x000000008b200000, 0x000000008b200000, 0x000000008b300000|  0%| F|  |TAMS 0x000000008b200000, 0x000000008b200000| Untracked 
| 179|0x000000008b300000, 0x000000008b300000, 0x000000008b400000|  0%| F|  |TAMS 0x000000008b300000, 0x000000008b300000| Untracked 
| 180|0x000000008b400000, 0x000000008b400000, 0x000000008b500000|  0%| F|  |TAMS 0x000000008b400000, 0x000000008b400000| Untracked 
| 181|0x000000008b500000, 0x000000008b500000, 0x000000008b600000|  0%| F|  |TAMS 0x000000008b500000, 0x000000008b500000| Untracked 
| 182|0x000000008b600000, 0x000000008b600000, 0x000000008b700000|  0%| F|  |TAMS 0x000000008b600000, 0x000000008b600000| Untracked 
| 183|0x000000008b700000, 0x000000008b700000, 0x000000008b800000|  0%| F|  |TAMS 0x000000008b700000, 0x000000008b700000| Untracked 
| 184|0x000000008b800000, 0x000000008b800000, 0x000000008b900000|  0%| F|  |TAMS 0x000000008b800000, 0x000000008b800000| Untracked 
| 185|0x000000008b900000, 0x000000008b900000, 0x000000008ba00000|  0%| F|  |TAMS 0x000000008b900000, 0x000000008b900000| Untracked 
| 186|0x000000008ba00000, 0x000000008ba00000, 0x000000008bb00000|  0%| F|  |TAMS 0x000000008ba00000, 0x000000008ba00000| Untracked 
| 187|0x000000008bb00000, 0x000000008bb00000, 0x000000008bc00000|  0%| F|  |TAMS 0x000000008bb00000, 0x000000008bb00000| Untracked 
| 188|0x000000008bc00000, 0x000000008bc00000, 0x000000008bd00000|  0%| F|  |TAMS 0x000000008bc00000, 0x000000008bc00000| Untracked 
| 189|0x000000008bd00000, 0x000000008bd00000, 0x000000008be00000|  0%| F|  |TAMS 0x000000008bd00000, 0x000000008bd00000| Untracked 
| 190|0x000000008be00000, 0x000000008be00000, 0x000000008bf00000|  0%| F|  |TAMS 0x000000008be00000, 0x000000008be00000| Untracked 
| 191|0x000000008bf00000, 0x000000008bf00000, 0x000000008c000000|  0%| F|  |TAMS 0x000000008bf00000, 0x000000008bf00000| Untracked 
| 192|0x000000008c000000, 0x000000008c000000, 0x000000008c100000|  0%| F|  |TAMS 0x000000008c000000, 0x000000008c000000| Untracked 
| 193|0x000000008c100000, 0x000000008c100000, 0x000000008c200000|  0%| F|  |TAMS 0x000000008c100000, 0x000000008c100000| Untracked 
| 194|0x000000008c200000, 0x000000008c200000, 0x000000008c300000|  0%| F|  |TAMS 0x000000008c200000, 0x000000008c200000| Untracked 
| 195|0x000000008c300000, 0x000000008c300000, 0x000000008c400000|  0%| F|  |TAMS 0x000000008c300000, 0x000000008c300000| Untracked 
| 196|0x000000008c400000, 0x000000008c400000, 0x000000008c500000|  0%| F|  |TAMS 0x000000008c400000, 0x000000008c400000| Untracked 
| 197|0x000000008c500000, 0x000000008c500000, 0x000000008c600000|  0%| F|  |TAMS 0x000000008c500000, 0x000000008c500000| Untracked 
| 198|0x000000008c600000, 0x000000008c600000, 0x000000008c700000|  0%| F|  |TAMS 0x000000008c600000, 0x000000008c600000| Untracked 
| 199|0x000000008c700000, 0x000000008c700000, 0x000000008c800000|  0%| F|  |TAMS 0x000000008c700000, 0x000000008c700000| Untracked 
| 200|0x000000008c800000, 0x000000008c800000, 0x000000008c900000|  0%| F|  |TAMS 0x000000008c800000, 0x000000008c800000| Untracked 
| 201|0x000000008c900000, 0x000000008c900000, 0x000000008ca00000|  0%| F|  |TAMS 0x000000008c900000, 0x000000008c900000| Untracked 
| 202|0x000000008ca00000, 0x000000008ca00000, 0x000000008cb00000|  0%| F|  |TAMS 0x000000008ca00000, 0x000000008ca00000| Untracked 
| 203|0x000000008cb00000, 0x000000008cb00000, 0x000000008cc00000|  0%| F|  |TAMS 0x000000008cb00000, 0x000000008cb00000| Untracked 
| 204|0x000000008cc00000, 0x000000008cc00000, 0x000000008cd00000|  0%| F|  |TAMS 0x000000008cc00000, 0x000000008cc00000| Untracked 
| 205|0x000000008cd00000, 0x000000008cd00000, 0x000000008ce00000|  0%| F|  |TAMS 0x000000008cd00000, 0x000000008cd00000| Untracked 
| 206|0x000000008ce00000, 0x000000008ce00000, 0x000000008cf00000|  0%| F|  |TAMS 0x000000008ce00000, 0x000000008ce00000| Untracked 
| 207|0x000000008cf00000, 0x000000008cf00000, 0x000000008d000000|  0%| F|  |TAMS 0x000000008cf00000, 0x000000008cf00000| Untracked 
| 208|0x000000008d000000, 0x000000008d000000, 0x000000008d100000|  0%| F|  |TAMS 0x000000008d000000, 0x000000008d000000| Untracked 
| 209|0x000000008d100000, 0x000000008d100000, 0x000000008d200000|  0%| F|  |TAMS 0x000000008d100000, 0x000000008d100000| Untracked 
| 210|0x000000008d200000, 0x000000008d200000, 0x000000008d300000|  0%| F|  |TAMS 0x000000008d200000, 0x000000008d200000| Untracked 
| 211|0x000000008d300000, 0x000000008d300000, 0x000000008d400000|  0%| F|  |TAMS 0x000000008d300000, 0x000000008d300000| Untracked 
| 212|0x000000008d400000, 0x000000008d400000, 0x000000008d500000|  0%| F|  |TAMS 0x000000008d400000, 0x000000008d400000| Untracked 
| 213|0x000000008d500000, 0x000000008d500000, 0x000000008d600000|  0%| F|  |TAMS 0x000000008d500000, 0x000000008d500000| Untracked 
| 214|0x000000008d600000, 0x000000008d600000, 0x000000008d700000|  0%| F|  |TAMS 0x000000008d600000, 0x000000008d600000| Untracked 
| 215|0x000000008d700000, 0x000000008d700000, 0x000000008d800000|  0%| F|  |TAMS 0x000000008d700000, 0x000000008d700000| Untracked 
| 216|0x000000008d800000, 0x000000008d800000, 0x000000008d900000|  0%| F|  |TAMS 0x000000008d800000, 0x000000008d800000| Untracked 
| 217|0x000000008d900000, 0x000000008d900000, 0x000000008da00000|  0%| F|  |TAMS 0x000000008d900000, 0x000000008d900000| Untracked 
| 218|0x000000008da00000, 0x000000008da00000, 0x000000008db00000|  0%| F|  |TAMS 0x000000008da00000, 0x000000008da00000| Untracked 
| 219|0x000000008db00000, 0x000000008db00000, 0x000000008dc00000|  0%| F|  |TAMS 0x000000008db00000, 0x000000008db00000| Untracked 
| 220|0x000000008dc00000, 0x000000008dc00000, 0x000000008dd00000|  0%| F|  |TAMS 0x000000008dc00000, 0x000000008dc00000| Untracked 
| 221|0x000000008dd00000, 0x000000008dd00000, 0x000000008de00000|  0%| F|  |TAMS 0x000000008dd00000, 0x000000008dd00000| Untracked 
| 222|0x000000008de00000, 0x000000008de00000, 0x000000008df00000|  0%| F|  |TAMS 0x000000008de00000, 0x000000008de00000| Untracked 
| 223|0x000000008df00000, 0x000000008df00000, 0x000000008e000000|  0%| F|  |TAMS 0x000000008df00000, 0x000000008df00000| Untracked 
| 224|0x000000008e000000, 0x000000008e000000, 0x000000008e100000|  0%| F|  |TAMS 0x000000008e000000, 0x000000008e000000| Untracked 
| 225|0x000000008e100000, 0x000000008e100000, 0x000000008e200000|  0%| F|  |TAMS 0x000000008e100000, 0x000000008e100000| Untracked 
| 226|0x000000008e200000, 0x000000008e200000, 0x000000008e300000|  0%| F|  |TAMS 0x000000008e200000, 0x000000008e200000| Untracked 
| 227|0x000000008e300000, 0x000000008e300000, 0x000000008e400000|  0%| F|  |TAMS 0x000000008e300000, 0x000000008e300000| Untracked 
| 228|0x000000008e400000, 0x000000008e400000, 0x000000008e500000|  0%| F|  |TAMS 0x000000008e400000, 0x000000008e400000| Untracked 
| 229|0x000000008e500000, 0x000000008e500000, 0x000000008e600000|  0%| F|  |TAMS 0x000000008e500000, 0x000000008e500000| Untracked 
| 230|0x000000008e600000, 0x000000008e600000, 0x000000008e700000|  0%| F|  |TAMS 0x000000008e600000, 0x000000008e600000| Untracked 
| 231|0x000000008e700000, 0x000000008e700000, 0x000000008e800000|  0%| F|  |TAMS 0x000000008e700000, 0x000000008e700000| Untracked 
| 232|0x000000008e800000, 0x000000008e800000, 0x000000008e900000|  0%| F|  |TAMS 0x000000008e800000, 0x000000008e800000| Untracked 
| 233|0x000000008e900000, 0x000000008e900000, 0x000000008ea00000|  0%| F|  |TAMS 0x000000008e900000, 0x000000008e900000| Untracked 
| 234|0x000000008ea00000, 0x000000008ea00000, 0x000000008eb00000|  0%| F|  |TAMS 0x000000008ea00000, 0x000000008ea00000| Untracked 
| 235|0x000000008eb00000, 0x000000008eb00000, 0x000000008ec00000|  0%| F|  |TAMS 0x000000008eb00000, 0x000000008eb00000| Untracked 
| 236|0x000000008ec00000, 0x000000008ec00000, 0x000000008ed00000|  0%| F|  |TAMS 0x000000008ec00000, 0x000000008ec00000| Untracked 
| 237|0x000000008ed00000, 0x000000008ed00000, 0x000000008ee00000|  0%| F|  |TAMS 0x000000008ed00000, 0x000000008ed00000| Untracked 
| 238|0x000000008ee00000, 0x000000008ee00000, 0x000000008ef00000|  0%| F|  |TAMS 0x000000008ee00000, 0x000000008ee00000| Untracked 
| 239|0x000000008ef00000, 0x000000008ef00000, 0x000000008f000000|  0%| F|  |TAMS 0x000000008ef00000, 0x000000008ef00000| Untracked 
| 240|0x000000008f000000, 0x000000008f000000, 0x000000008f100000|  0%| F|  |TAMS 0x000000008f000000, 0x000000008f000000| Untracked 
| 241|0x000000008f100000, 0x000000008f100000, 0x000000008f200000|  0%| F|  |TAMS 0x000000008f100000, 0x000000008f100000| Untracked 
| 242|0x000000008f200000, 0x000000008f200000, 0x000000008f300000|  0%| F|  |TAMS 0x000000008f200000, 0x000000008f200000| Untracked 
| 243|0x000000008f300000, 0x000000008f300000, 0x000000008f400000|  0%| F|  |TAMS 0x000000008f300000, 0x000000008f300000| Untracked 
| 244|0x000000008f400000, 0x000000008f400000, 0x000000008f500000|  0%| F|  |TAMS 0x000000008f400000, 0x000000008f400000| Untracked 
| 245|0x000000008f500000, 0x000000008f500000, 0x000000008f600000|  0%| F|  |TAMS 0x000000008f500000, 0x000000008f500000| Untracked 
| 246|0x000000008f600000, 0x000000008f600000, 0x000000008f700000|  0%| F|  |TAMS 0x000000008f600000, 0x000000008f600000| Untracked 
| 247|0x000000008f700000, 0x000000008f700000, 0x000000008f800000|  0%| F|  |TAMS 0x000000008f700000, 0x000000008f700000| Untracked 
| 248|0x000000008f800000, 0x000000008f800000, 0x000000008f900000|  0%| F|  |TAMS 0x000000008f800000, 0x000000008f800000| Untracked 
| 249|0x000000008f900000, 0x000000008f900000, 0x000000008fa00000|  0%| F|  |TAMS 0x000000008f900000, 0x000000008f900000| Untracked 
| 250|0x000000008fa00000, 0x000000008fa00000, 0x000000008fb00000|  0%| F|  |TAMS 0x000000008fa00000, 0x000000008fa00000| Untracked 
| 251|0x000000008fb00000, 0x000000008fb00000, 0x000000008fc00000|  0%| F|  |TAMS 0x000000008fb00000, 0x000000008fb00000| Untracked 
| 252|0x000000008fc00000, 0x000000008fc00000, 0x000000008fd00000|  0%| F|  |TAMS 0x000000008fc00000, 0x000000008fc00000| Untracked 
| 253|0x000000008fd00000, 0x000000008fd00000, 0x000000008fe00000|  0%| F|  |TAMS 0x000000008fd00000, 0x000000008fd00000| Untracked 
| 254|0x000000008fe00000, 0x000000008fe00000, 0x000000008ff00000|  0%| F|  |TAMS 0x000000008fe00000, 0x000000008fe00000| Untracked 
| 255|0x000000008ff00000, 0x000000008ff00000, 0x0000000090000000|  0%| F|  |TAMS 0x000000008ff00000, 0x000000008ff00000| Untracked 
| 256|0x0000000090000000, 0x0000000090000000, 0x0000000090100000|  0%| F|  |TAMS 0x0000000090000000, 0x0000000090000000| Untracked 
| 257|0x0000000090100000, 0x0000000090100000, 0x0000000090200000|  0%| F|  |TAMS 0x0000000090100000, 0x0000000090100000| Untracked 
| 258|0x0000000090200000, 0x0000000090200000, 0x0000000090300000|  0%| F|  |TAMS 0x0000000090200000, 0x0000000090200000| Untracked 
| 259|0x0000000090300000, 0x0000000090300000, 0x0000000090400000|  0%| F|  |TAMS 0x0000000090300000, 0x0000000090300000| Untracked 
| 260|0x0000000090400000, 0x0000000090400000, 0x0000000090500000|  0%| F|  |TAMS 0x0000000090400000, 0x0000000090400000| Untracked 
| 261|0x0000000090500000, 0x0000000090500000, 0x0000000090600000|  0%| F|  |TAMS 0x0000000090500000, 0x0000000090500000| Untracked 
| 262|0x0000000090600000, 0x0000000090600000, 0x0000000090700000|  0%| F|  |TAMS 0x0000000090600000, 0x0000000090600000| Untracked 
| 263|0x0000000090700000, 0x0000000090700000, 0x0000000090800000|  0%| F|  |TAMS 0x0000000090700000, 0x0000000090700000| Untracked 
| 264|0x0000000090800000, 0x0000000090900000, 0x0000000090900000|100%| O|  |TAMS 0x0000000090900000, 0x0000000090900000| Untracked 
| 265|0x0000000090900000, 0x0000000090900000, 0x0000000090a00000|  0%| F|  |TAMS 0x0000000090900000, 0x0000000090900000| Untracked 
| 266|0x0000000090a00000, 0x0000000090a00000, 0x0000000090b00000|  0%| F|  |TAMS 0x0000000090a00000, 0x0000000090a00000| Untracked 
| 267|0x0000000090b00000, 0x0000000090b00000, 0x0000000090c00000|  0%| F|  |TAMS 0x0000000090b00000, 0x0000000090b00000| Untracked 
| 268|0x0000000090c00000, 0x0000000090c00000, 0x0000000090d00000|  0%| F|  |TAMS 0x0000000090c00000, 0x0000000090c00000| Untracked 
| 269|0x0000000090d00000, 0x0000000090d00000, 0x0000000090e00000|  0%| F|  |TAMS 0x0000000090d00000, 0x0000000090d00000| Untracked 
| 270|0x0000000090e00000, 0x0000000090e00000, 0x0000000090f00000|  0%| F|  |TAMS 0x0000000090e00000, 0x0000000090e00000| Untracked 
| 271|0x0000000090f00000, 0x0000000090f00000, 0x0000000091000000|  0%| F|  |TAMS 0x0000000090f00000, 0x0000000090f00000| Untracked 
| 272|0x0000000091000000, 0x0000000091000000, 0x0000000091100000|  0%| F|  |TAMS 0x0000000091000000, 0x0000000091000000| Untracked 
| 273|0x0000000091100000, 0x0000000091100000, 0x0000000091200000|  0%| F|  |TAMS 0x0000000091100000, 0x0000000091100000| Untracked 
| 274|0x0000000091200000, 0x0000000091200000, 0x0000000091300000|  0%| F|  |TAMS 0x0000000091200000, 0x0000000091200000| Untracked 
| 275|0x0000000091300000, 0x0000000091400000, 0x0000000091400000|100%| O|  |TAMS 0x0000000091400000, 0x0000000091400000| Untracked 
| 276|0x0000000091400000, 0x0000000091400000, 0x0000000091500000|  0%| F|  |TAMS 0x0000000091400000, 0x0000000091400000| Untracked 
| 277|0x0000000091500000, 0x0000000091500000, 0x0000000091600000|  0%| F|  |TAMS 0x0000000091500000, 0x0000000091500000| Untracked 
| 278|0x0000000091600000, 0x0000000091600000, 0x0000000091700000|  0%| F|  |TAMS 0x0000000091600000, 0x0000000091600000| Untracked 
| 279|0x0000000091700000, 0x0000000091700000, 0x0000000091800000|  0%| F|  |TAMS 0x0000000091700000, 0x0000000091700000| Untracked 
| 280|0x0000000091800000, 0x0000000091800000, 0x0000000091900000|  0%| F|  |TAMS 0x0000000091800000, 0x0000000091800000| Untracked 
| 281|0x0000000091900000, 0x0000000091900000, 0x0000000091a00000|  0%| F|  |TAMS 0x0000000091900000, 0x0000000091900000| Untracked 
| 282|0x0000000091a00000, 0x0000000091a00000, 0x0000000091b00000|  0%| F|  |TAMS 0x0000000091a00000, 0x0000000091a00000| Untracked 
| 283|0x0000000091b00000, 0x0000000091b00000, 0x0000000091c00000|  0%| F|  |TAMS 0x0000000091b00000, 0x0000000091b00000| Untracked 
| 284|0x0000000091c00000, 0x0000000091c00000, 0x0000000091d00000|  0%| F|  |TAMS 0x0000000091c00000, 0x0000000091c00000| Untracked 
| 285|0x0000000091d00000, 0x0000000091d00000, 0x0000000091e00000|  0%| F|  |TAMS 0x0000000091d00000, 0x0000000091d00000| Untracked 
| 286|0x0000000091e00000, 0x0000000091e00000, 0x0000000091f00000|  0%| F|  |TAMS 0x0000000091e00000, 0x0000000091e00000| Untracked 
| 287|0x0000000091f00000, 0x0000000091f00000, 0x0000000092000000|  0%| F|  |TAMS 0x0000000091f00000, 0x0000000091f00000| Untracked 
| 288|0x0000000092000000, 0x0000000092000000, 0x0000000092100000|  0%| F|  |TAMS 0x0000000092000000, 0x0000000092000000| Untracked 
| 289|0x0000000092100000, 0x0000000092100000, 0x0000000092200000|  0%| F|  |TAMS 0x0000000092100000, 0x0000000092100000| Untracked 
| 290|0x0000000092200000, 0x0000000092200000, 0x0000000092300000|  0%| F|  |TAMS 0x0000000092200000, 0x0000000092200000| Untracked 
| 291|0x0000000092300000, 0x0000000092300000, 0x0000000092400000|  0%| F|  |TAMS 0x0000000092300000, 0x0000000092300000| Untracked 
| 292|0x0000000092400000, 0x0000000092400000, 0x0000000092500000|  0%| F|  |TAMS 0x0000000092400000, 0x0000000092400000| Untracked 
| 293|0x0000000092500000, 0x0000000092500000, 0x0000000092600000|  0%| F|  |TAMS 0x0000000092500000, 0x0000000092500000| Untracked 
| 294|0x0000000092600000, 0x0000000092600000, 0x0000000092700000|  0%| F|  |TAMS 0x0000000092600000, 0x0000000092600000| Untracked 
| 295|0x0000000092700000, 0x0000000092700000, 0x0000000092800000|  0%| F|  |TAMS 0x0000000092700000, 0x0000000092700000| Untracked 
| 296|0x0000000092800000, 0x0000000092800000, 0x0000000092900000|  0%| F|  |TAMS 0x0000000092800000, 0x0000000092800000| Untracked 
| 297|0x0000000092900000, 0x0000000092900000, 0x0000000092a00000|  0%| F|  |TAMS 0x0000000092900000, 0x0000000092900000| Untracked 
| 298|0x0000000092a00000, 0x0000000092a00000, 0x0000000092b00000|  0%| F|  |TAMS 0x0000000092a00000, 0x0000000092a00000| Untracked 
| 299|0x0000000092b00000, 0x0000000092b00000, 0x0000000092c00000|  0%| F|  |TAMS 0x0000000092b00000, 0x0000000092b00000| Untracked 
| 300|0x0000000092c00000, 0x0000000092c00000, 0x0000000092d00000|  0%| F|  |TAMS 0x0000000092c00000, 0x0000000092c00000| Untracked 
| 301|0x0000000092d00000, 0x0000000092d00000, 0x0000000092e00000|  0%| F|  |TAMS 0x0000000092d00000, 0x0000000092d00000| Untracked 
| 302|0x0000000092e00000, 0x0000000092e00000, 0x0000000092f00000|  0%| F|  |TAMS 0x0000000092e00000, 0x0000000092e00000| Untracked 
| 303|0x0000000092f00000, 0x0000000092f00000, 0x0000000093000000|  0%| F|  |TAMS 0x0000000092f00000, 0x0000000092f00000| Untracked 
| 304|0x0000000093000000, 0x0000000093000000, 0x0000000093100000|  0%| F|  |TAMS 0x0000000093000000, 0x0000000093000000| Untracked 
| 305|0x0000000093100000, 0x0000000093100000, 0x0000000093200000|  0%| F|  |TAMS 0x0000000093100000, 0x0000000093100000| Untracked 
| 306|0x0000000093200000, 0x0000000093200000, 0x0000000093300000|  0%| F|  |TAMS 0x0000000093200000, 0x0000000093200000| Untracked 
| 307|0x0000000093300000, 0x0000000093300000, 0x0000000093400000|  0%| F|  |TAMS 0x0000000093300000, 0x0000000093300000| Untracked 
| 308|0x0000000093400000, 0x0000000093400000, 0x0000000093500000|  0%| F|  |TAMS 0x0000000093400000, 0x0000000093400000| Untracked 
| 309|0x0000000093500000, 0x0000000093500000, 0x0000000093600000|  0%| F|  |TAMS 0x0000000093500000, 0x0000000093500000| Untracked 
| 310|0x0000000093600000, 0x0000000093600000, 0x0000000093700000|  0%| F|  |TAMS 0x0000000093600000, 0x0000000093600000| Untracked 
| 311|0x0000000093700000, 0x0000000093700000, 0x0000000093800000|  0%| F|  |TAMS 0x0000000093700000, 0x0000000093700000| Untracked 
| 312|0x0000000093800000, 0x0000000093800000, 0x0000000093900000|  0%| F|  |TAMS 0x0000000093800000, 0x0000000093800000| Untracked 
| 313|0x0000000093900000, 0x0000000093900000, 0x0000000093a00000|  0%| F|  |TAMS 0x0000000093900000, 0x0000000093900000| Untracked 
| 314|0x0000000093a00000, 0x0000000093a00000, 0x0000000093b00000|  0%| F|  |TAMS 0x0000000093a00000, 0x0000000093a00000| Untracked 
| 315|0x0000000093b00000, 0x0000000093b00000, 0x0000000093c00000|  0%| F|  |TAMS 0x0000000093b00000, 0x0000000093b00000| Untracked 
| 316|0x0000000093c00000, 0x0000000093c00000, 0x0000000093d00000|  0%| F|  |TAMS 0x0000000093c00000, 0x0000000093c00000| Untracked 
| 317|0x0000000093d00000, 0x0000000093d00000, 0x0000000093e00000|  0%| F|  |TAMS 0x0000000093d00000, 0x0000000093d00000| Untracked 
| 318|0x0000000093e00000, 0x0000000093e00000, 0x0000000093f00000|  0%| F|  |TAMS 0x0000000093e00000, 0x0000000093e00000| Untracked 
| 319|0x0000000093f00000, 0x0000000093f00000, 0x0000000094000000|  0%| F|  |TAMS 0x0000000093f00000, 0x0000000093f00000| Untracked 
| 320|0x0000000094000000, 0x0000000094000000, 0x0000000094100000|  0%| F|  |TAMS 0x0000000094000000, 0x0000000094000000| Untracked 
| 321|0x0000000094100000, 0x0000000094100000, 0x0000000094200000|  0%| F|  |TAMS 0x0000000094100000, 0x0000000094100000| Untracked 
| 322|0x0000000094200000, 0x0000000094200000, 0x0000000094300000|  0%| F|  |TAMS 0x0000000094200000, 0x0000000094200000| Untracked 
| 323|0x0000000094300000, 0x0000000094300000, 0x0000000094400000|  0%| F|  |TAMS 0x0000000094300000, 0x0000000094300000| Untracked 
| 324|0x0000000094400000, 0x0000000094400000, 0x0000000094500000|  0%| F|  |TAMS 0x0000000094400000, 0x0000000094400000| Untracked 
| 325|0x0000000094500000, 0x0000000094500000, 0x0000000094600000|  0%| F|  |TAMS 0x0000000094500000, 0x0000000094500000| Untracked 
| 326|0x0000000094600000, 0x0000000094600000, 0x0000000094700000|  0%| F|  |TAMS 0x0000000094600000, 0x0000000094600000| Untracked 
| 327|0x0000000094700000, 0x0000000094700000, 0x0000000094800000|  0%| F|  |TAMS 0x0000000094700000, 0x0000000094700000| Untracked 
| 328|0x0000000094800000, 0x0000000094800000, 0x0000000094900000|  0%| F|  |TAMS 0x0000000094800000, 0x0000000094800000| Untracked 
| 329|0x0000000094900000, 0x0000000094900000, 0x0000000094a00000|  0%| F|  |TAMS 0x0000000094900000, 0x0000000094900000| Untracked 
| 330|0x0000000094a00000, 0x0000000094a00000, 0x0000000094b00000|  0%| F|  |TAMS 0x0000000094a00000, 0x0000000094a00000| Untracked 
| 331|0x0000000094b00000, 0x0000000094b00000, 0x0000000094c00000|  0%| F|  |TAMS 0x0000000094b00000, 0x0000000094b00000| Untracked 
| 332|0x0000000094c00000, 0x0000000094c00000, 0x0000000094d00000|  0%| F|  |TAMS 0x0000000094c00000, 0x0000000094c00000| Untracked 
| 333|0x0000000094d00000, 0x0000000094d00000, 0x0000000094e00000|  0%| F|  |TAMS 0x0000000094d00000, 0x0000000094d00000| Untracked 
| 334|0x0000000094e00000, 0x0000000094e00000, 0x0000000094f00000|  0%| F|  |TAMS 0x0000000094e00000, 0x0000000094e00000| Untracked 
| 335|0x0000000094f00000, 0x0000000094f00000, 0x0000000095000000|  0%| F|  |TAMS 0x0000000094f00000, 0x0000000094f00000| Untracked 
| 336|0x0000000095000000, 0x0000000095000000, 0x0000000095100000|  0%| F|  |TAMS 0x0000000095000000, 0x0000000095000000| Untracked 
| 337|0x0000000095100000, 0x0000000095100000, 0x0000000095200000|  0%| F|  |TAMS 0x0000000095100000, 0x0000000095100000| Untracked 
| 338|0x0000000095200000, 0x0000000095200000, 0x0000000095300000|  0%| F|  |TAMS 0x0000000095200000, 0x0000000095200000| Untracked 
| 339|0x0000000095300000, 0x0000000095300000, 0x0000000095400000|  0%| F|  |TAMS 0x0000000095300000, 0x0000000095300000| Untracked 
| 340|0x0000000095400000, 0x0000000095400000, 0x0000000095500000|  0%| F|  |TAMS 0x0000000095400000, 0x0000000095400000| Untracked 
| 341|0x0000000095500000, 0x0000000095500000, 0x0000000095600000|  0%| F|  |TAMS 0x0000000095500000, 0x0000000095500000| Untracked 
| 342|0x0000000095600000, 0x0000000095600000, 0x0000000095700000|  0%| F|  |TAMS 0x0000000095600000, 0x0000000095600000| Untracked 
| 343|0x0000000095700000, 0x0000000095700000, 0x0000000095800000|  0%| F|  |TAMS 0x0000000095700000, 0x0000000095700000| Untracked 
| 344|0x0000000095800000, 0x0000000095800000, 0x0000000095900000|  0%| F|  |TAMS 0x0000000095800000, 0x0000000095800000| Untracked 
| 345|0x0000000095900000, 0x0000000095900000, 0x0000000095a00000|  0%| F|  |TAMS 0x0000000095900000, 0x0000000095900000| Untracked 
| 346|0x0000000095a00000, 0x0000000095a00000, 0x0000000095b00000|  0%| F|  |TAMS 0x0000000095a00000, 0x0000000095a00000| Untracked 
| 347|0x0000000095b00000, 0x0000000095b00000, 0x0000000095c00000|  0%| F|  |TAMS 0x0000000095b00000, 0x0000000095b00000| Untracked 
| 348|0x0000000095c00000, 0x0000000095c00000, 0x0000000095d00000|  0%| F|  |TAMS 0x0000000095c00000, 0x0000000095c00000| Untracked 
| 349|0x0000000095d00000, 0x0000000095d00000, 0x0000000095e00000|  0%| F|  |TAMS 0x0000000095d00000, 0x0000000095d00000| Untracked 
| 350|0x0000000095e00000, 0x0000000095e00000, 0x0000000095f00000|  0%| F|  |TAMS 0x0000000095e00000, 0x0000000095e00000| Untracked 
| 351|0x0000000095f00000, 0x0000000095f00000, 0x0000000096000000|  0%| F|  |TAMS 0x0000000095f00000, 0x0000000095f00000| Untracked 
| 352|0x0000000096000000, 0x0000000096000000, 0x0000000096100000|  0%| F|  |TAMS 0x0000000096000000, 0x0000000096000000| Untracked 
| 353|0x0000000096100000, 0x0000000096100000, 0x0000000096200000|  0%| F|  |TAMS 0x0000000096100000, 0x0000000096100000| Untracked 
| 354|0x0000000096200000, 0x0000000096200000, 0x0000000096300000|  0%| F|  |TAMS 0x0000000096200000, 0x0000000096200000| Untracked 
| 355|0x0000000096300000, 0x0000000096300000, 0x0000000096400000|  0%| F|  |TAMS 0x0000000096300000, 0x0000000096300000| Untracked 
| 356|0x0000000096400000, 0x0000000096400000, 0x0000000096500000|  0%| F|  |TAMS 0x0000000096400000, 0x0000000096400000| Untracked 
| 357|0x0000000096500000, 0x0000000096500000, 0x0000000096600000|  0%| F|  |TAMS 0x0000000096500000, 0x0000000096500000| Untracked 
| 358|0x0000000096600000, 0x0000000096600000, 0x0000000096700000|  0%| F|  |TAMS 0x0000000096600000, 0x0000000096600000| Untracked 
| 359|0x0000000096700000, 0x0000000096700000, 0x0000000096800000|  0%| F|  |TAMS 0x0000000096700000, 0x0000000096700000| Untracked 
| 360|0x0000000096800000, 0x0000000096800000, 0x0000000096900000|  0%| F|  |TAMS 0x0000000096800000, 0x0000000096800000| Untracked 
| 361|0x0000000096900000, 0x0000000096900000, 0x0000000096a00000|  0%| F|  |TAMS 0x0000000096900000, 0x0000000096900000| Untracked 
| 362|0x0000000096a00000, 0x0000000096a00000, 0x0000000096b00000|  0%| F|  |TAMS 0x0000000096a00000, 0x0000000096a00000| Untracked 
| 363|0x0000000096b00000, 0x0000000096b00000, 0x0000000096c00000|  0%| F|  |TAMS 0x0000000096b00000, 0x0000000096b00000| Untracked 
| 364|0x0000000096c00000, 0x0000000096c00000, 0x0000000096d00000|  0%| F|  |TAMS 0x0000000096c00000, 0x0000000096c00000| Untracked 
| 365|0x0000000096d00000, 0x0000000096d00000, 0x0000000096e00000|  0%| F|  |TAMS 0x0000000096d00000, 0x0000000096d00000| Untracked 
| 366|0x0000000096e00000, 0x0000000096e00000, 0x0000000096f00000|  0%| F|  |TAMS 0x0000000096e00000, 0x0000000096e00000| Untracked 
| 367|0x0000000096f00000, 0x0000000096f00000, 0x0000000097000000|  0%| F|  |TAMS 0x0000000096f00000, 0x0000000096f00000| Untracked 
| 368|0x0000000097000000, 0x0000000097000000, 0x0000000097100000|  0%| F|  |TAMS 0x0000000097000000, 0x0000000097000000| Untracked 
| 369|0x0000000097100000, 0x0000000097100000, 0x0000000097200000|  0%| F|  |TAMS 0x0000000097100000, 0x0000000097100000| Untracked 
| 370|0x0000000097200000, 0x0000000097200000, 0x0000000097300000|  0%| F|  |TAMS 0x0000000097200000, 0x0000000097200000| Untracked 
| 371|0x0000000097300000, 0x0000000097400000, 0x0000000097400000|100%| S|CS|TAMS 0x0000000097300000, 0x0000000097300000| Complete 
| 372|0x0000000097400000, 0x0000000097400000, 0x0000000097500000|  0%| F|  |TAMS 0x0000000097400000, 0x0000000097400000| Untracked 
| 373|0x0000000097500000, 0x0000000097600000, 0x0000000097600000|100%| S|CS|TAMS 0x0000000097500000, 0x0000000097500000| Complete 
| 374|0x0000000097600000, 0x0000000097600000, 0x0000000097700000|  0%| F|  |TAMS 0x0000000097600000, 0x0000000097600000| Untracked 
| 375|0x0000000097700000, 0x0000000097800000, 0x0000000097800000|100%| S|CS|TAMS 0x0000000097700000, 0x0000000097700000| Complete 
| 376|0x0000000097800000, 0x0000000097800000, 0x0000000097900000|  0%| F|  |TAMS 0x0000000097800000, 0x0000000097800000| Untracked 
| 377|0x0000000097900000, 0x0000000097900000, 0x0000000097a00000|  0%| F|  |TAMS 0x0000000097900000, 0x0000000097900000| Untracked 
| 378|0x0000000097a00000, 0x0000000097a00000, 0x0000000097b00000|  0%| F|  |TAMS 0x0000000097a00000, 0x0000000097a00000| Untracked 
| 379|0x0000000097b00000, 0x0000000097b00000, 0x0000000097c00000|  0%| F|  |TAMS 0x0000000097b00000, 0x0000000097b00000| Untracked 
| 380|0x0000000097c00000, 0x0000000097c00000, 0x0000000097d00000|  0%| F|  |TAMS 0x0000000097c00000, 0x0000000097c00000| Untracked 
| 381|0x0000000097d00000, 0x0000000097d00000, 0x0000000097e00000|  0%| F|  |TAMS 0x0000000097d00000, 0x0000000097d00000| Untracked 
| 382|0x0000000097e00000, 0x0000000097e00000, 0x0000000097f00000|  0%| F|  |TAMS 0x0000000097e00000, 0x0000000097e00000| Untracked 
| 383|0x0000000097f00000, 0x0000000097f00000, 0x0000000098000000|  0%| F|  |TAMS 0x0000000097f00000, 0x0000000097f00000| Untracked 
| 384|0x0000000098000000, 0x0000000098000000, 0x0000000098100000|  0%| F|  |TAMS 0x0000000098000000, 0x0000000098000000| Untracked 
| 385|0x0000000098100000, 0x0000000098100000, 0x0000000098200000|  0%| F|  |TAMS 0x0000000098100000, 0x0000000098100000| Untracked 
| 386|0x0000000098200000, 0x0000000098200000, 0x0000000098300000|  0%| F|  |TAMS 0x0000000098200000, 0x0000000098200000| Untracked 
| 387|0x0000000098300000, 0x0000000098300000, 0x0000000098400000|  0%| F|  |TAMS 0x0000000098300000, 0x0000000098300000| Untracked 
| 388|0x0000000098400000, 0x0000000098400000, 0x0000000098500000|  0%| F|  |TAMS 0x0000000098400000, 0x0000000098400000| Untracked 
| 389|0x0000000098500000, 0x0000000098500000, 0x0000000098600000|  0%| F|  |TAMS 0x0000000098500000, 0x0000000098500000| Untracked 
| 390|0x0000000098600000, 0x0000000098639870, 0x0000000098700000| 22%| E|  |TAMS 0x0000000098600000, 0x0000000098600000| Complete 
| 391|0x0000000098700000, 0x0000000098800000, 0x0000000098800000|100%| E|CS|TAMS 0x0000000098700000, 0x0000000098700000| Complete 
| 392|0x0000000098800000, 0x0000000098900000, 0x0000000098900000|100%| E|CS|TAMS 0x0000000098800000, 0x0000000098800000| Complete 

Card table byte_map: [0x00000209ce0f0000,0x00000209ce4f0000] _byte_map_base: 0x00000209cdcf0000

Marking Bits (Prev, Next): (CMBitMap*) 0x00000209bb63a6c0, (CMBitMap*) 0x00000209bb63a688
 Prev Bits: [0x00000209d08f0000, 0x00000209d28f0000)
 Next Bits: [0x00000209ce8f0000, 0x00000209d08f0000)

Polling page: 0x00000209b9490000

Metaspace:

Usage:
  Non-class:    133.03 MB capacity,   130.04 MB ( 98%) used,     2.44 MB (  2%) free+waste,   562.63 KB ( <1%) overhead. 
      Class:     19.48 MB capacity,    17.80 MB ( 91%) used,     1.44 MB (  7%) free+waste,   241.81 KB (  1%) overhead. 
       Both:    152.51 MB capacity,   147.84 MB ( 97%) used,     3.88 MB (  3%) free+waste,   804.44 KB ( <1%) overhead. 

Virtual space:
  Non-class space:      136.00 MB reserved,     134.25 MB ( 99%) committed 
      Class space:        1.00 GB reserved,      19.88 MB (  2%) committed 
             Both:        1.13 GB reserved,     154.13 MB ( 13%) committed 

Chunk freelists:
   Non-Class:  1.03 MB
       Class:  355.00 KB
        Both:  1.38 MB

MaxMetaspaceSize: 17179869184.00 GB
CompressedClassSpaceSize: 1.00 GB

CodeHeap 'non-profiled nmethods': size=120064Kb used=25414Kb max_used=25414Kb free=94649Kb
 bounds [0x00000209c6bb0000, 0x00000209c8490000, 0x00000209ce0f0000]
CodeHeap 'profiled nmethods': size=120000Kb used=63046Kb max_used=63949Kb free=56954Kb
 bounds [0x00000209bf680000, 0x00000209c3540000, 0x00000209c6bb0000]
CodeHeap 'non-nmethods': size=5696Kb used=2377Kb max_used=2435Kb free=3318Kb
 bounds [0x00000209bf0f0000, 0x00000209bf360000, 0x00000209bf680000]
 total_blobs=29443 nmethods=28426 adapters=928
 compilation: enabled
              stopped_count=0, restarted_count=0
 full_count=0

Compilation events (20 events):
Event: 8247.269 Thread 0x00000209d5650000 36061       3       com.android.tools.r8.internal.a2$b::<init> (11 bytes)
Event: 8247.269 Thread 0x00000209d5650000 nmethod 36061 0x00000209c0e74110 code [0x00000209c0e742e0, 0x00000209c0e74558]
Event: 8247.273 Thread 0x00000209d5650000 36062       3       com.android.tools.r8.internal.c6::a (873 bytes)
Event: 8247.313 Thread 0x00000209d5650000 nmethod 36062 0x00000209c298f510 code [0x00000209c2990160, 0x00000209c2999d88]
Event: 8247.313 Thread 0x00000209d5650000 36065       3       java.util.ArrayDeque::forEach (93 bytes)
Event: 8247.313 Thread 0x00000209d5650000 nmethod 36065 0x00000209c1f1e510 code [0x00000209c1f1e740, 0x00000209c1f1edc8]
Event: 8247.313 Thread 0x00000209d5650000 36063       3       com.android.tools.r8.internal.Fh::a (14 bytes)
Event: 8247.314 Thread 0x00000209d5650000 nmethod 36063 0x00000209c0a87110 code [0x00000209c0a872c0, 0x00000209c0a87448]
Event: 8247.314 Thread 0x00000209d5650000 36064       3       com.android.tools.r8.internal.Fh::d (44 bytes)
Event: 8247.314 Thread 0x00000209d5650000 nmethod 36064 0x00000209c10db990 code [0x00000209c10dbb80, 0x00000209c10dc078]
Event: 8247.367 Thread 0x00000209d5650000 36066       3       com.android.tools.r8.internal.E7::a (592 bytes)
Event: 8247.374 Thread 0x00000209d5650000 nmethod 36066 0x00000209c2986890 code [0x00000209c2987200, 0x00000209c298d4c8]
Event: 8247.375 Thread 0x00000209d5650000 36067       3       com.android.tools.r8.internal.Le::c (163 bytes)
Event: 8247.376 Thread 0x00000209d5650000 nmethod 36067 0x00000209c2350810 code [0x00000209c2350ae0, 0x00000209c2351ce8]
Event: 8247.377 Thread 0x00000209d5650000 36068       3       com.android.tools.r8.internal.Le::h (391 bytes)
Event: 8247.381 Thread 0x00000209d5650000 nmethod 36068 0x00000209c2381a90 code [0x00000209c2381fe0, 0x00000209c23851b8]
Event: 8247.381 Thread 0x00000209d5650000 36069       3       com.android.tools.r8.internal.zh$a::next (25 bytes)
Event: 8247.381 Thread 0x00000209d5650000 nmethod 36069 0x00000209c0ea8690 code [0x00000209c0ea8860, 0x00000209c0ea8c08]
Event: 8247.383 Thread 0x00000209d5650000 36070       3       com.android.tools.r8.internal.Le::a (308 bytes)
Event: 8247.385 Thread 0x00000209d5650000 nmethod 36070 0x00000209c2360710 code [0x00000209c2360a40, 0x00000209c23620e8]

GC Heap History (20 events):
Event: 8221.713 GC heap before
{Heap before GC invocations=169 (full 0):
 garbage-first heap   total 402432K, used 156857K [0x0000000080000000, 0x0000000100000000)
  region size 1024K, 19 young (19456K), 1 survivors (1024K)
 Metaspace       used 151083K, capacity 155890K, committed 157824K, reserved 1187840K
  class space    used 18221K, capacity 19932K, committed 20352K, reserved 1048576K
}
Event: 8221.734 GC heap after
{Heap after GC invocations=170 (full 0):
 garbage-first heap   total 402432K, used 140816K [0x0000000080000000, 0x0000000100000000)
  region size 1024K, 2 young (2048K), 2 survivors (2048K)
 Metaspace       used 151083K, capacity 155890K, committed 157824K, reserved 1187840K
  class space    used 18221K, capacity 19932K, committed 20352K, reserved 1048576K
}
Event: 8229.585 GC heap before
{Heap before GC invocations=171 (full 0):
 garbage-first heap   total 402432K, used 159248K [0x0000000080000000, 0x0000000100000000)
  region size 1024K, 19 young (19456K), 2 survivors (2048K)
 Metaspace       used 151100K, capacity 155890K, committed 157824K, reserved 1187840K
  class space    used 18221K, capacity 19932K, committed 20352K, reserved 1048576K
}
Event: 8229.793 GC heap after
{Heap after GC invocations=172 (full 0):
 garbage-first heap   total 402432K, used 147327K [0x0000000080000000, 0x0000000100000000)
  region size 1024K, 3 young (3072K), 3 survivors (3072K)
 Metaspace       used 151100K, capacity 155890K, committed 157824K, reserved 1187840K
  class space    used 18221K, capacity 19932K, committed 20352K, reserved 1048576K
}
Event: 8233.538 GC heap before
{Heap before GC invocations=172 (full 0):
 garbage-first heap   total 402432K, used 163711K [0x0000000080000000, 0x0000000100000000)
  region size 1024K, 19 young (19456K), 3 survivors (3072K)
 Metaspace       used 151130K, capacity 155891K, committed 157824K, reserved 1187840K
  class space    used 18221K, capacity 19932K, committed 20352K, reserved 1048576K
}
Event: 8233.675 GC heap after
{Heap after GC invocations=173 (full 0):
 garbage-first heap   total 402432K, used 150012K [0x0000000080000000, 0x0000000100000000)
  region size 1024K, 3 young (3072K), 3 survivors (3072K)
 Metaspace       used 151130K, capacity 155891K, committed 157824K, reserved 1187840K
  class space    used 18221K, capacity 19932K, committed 20352K, reserved 1048576K
}
Event: 8235.478 GC heap before
{Heap before GC invocations=173 (full 0):
 garbage-first heap   total 402432K, used 166396K [0x0000000080000000, 0x0000000100000000)
  region size 1024K, 19 young (19456K), 3 survivors (3072K)
 Metaspace       used 151138K, capacity 155891K, committed 157824K, reserved 1187840K
  class space    used 18221K, capacity 19932K, committed 20352K, reserved 1048576K
}
Event: 8235.527 GC heap after
{Heap after GC invocations=174 (full 0):
 garbage-first heap   total 402432K, used 154060K [0x0000000080000000, 0x0000000100000000)
  region size 1024K, 3 young (3072K), 3 survivors (3072K)
 Metaspace       used 151138K, capacity 155891K, committed 157824K, reserved 1187840K
  class space    used 18221K, capacity 19932K, committed 20352K, reserved 1048576K
}
Event: 8238.012 GC heap before
{Heap before GC invocations=175 (full 0):
 garbage-first heap   total 402432K, used 170444K [0x0000000080000000, 0x0000000100000000)
  region size 1024K, 19 young (19456K), 3 survivors (3072K)
 Metaspace       used 151153K, capacity 155956K, committed 157824K, reserved 1187840K
  class space    used 18221K, capacity 19932K, committed 20352K, reserved 1048576K
}
Event: 8238.078 GC heap after
{Heap after GC invocations=176 (full 0):
 garbage-first heap   total 402432K, used 156311K [0x0000000080000000, 0x0000000100000000)
  region size 1024K, 3 young (3072K), 3 survivors (3072K)
 Metaspace       used 151153K, capacity 155956K, committed 157824K, reserved 1187840K
  class space    used 18221K, capacity 19932K, committed 20352K, reserved 1048576K
}
Event: 8240.218 GC heap before
{Heap before GC invocations=176 (full 0):
 garbage-first heap   total 402432K, used 172695K [0x0000000080000000, 0x0000000100000000)
  region size 1024K, 19 young (19456K), 3 survivors (3072K)
 Metaspace       used 151238K, capacity 156028K, committed 157824K, reserved 1187840K
  class space    used 18221K, capacity 19932K, committed 20352K, reserved 1048576K
}
Event: 8240.366 GC heap after
{Heap after GC invocations=177 (full 0):
 garbage-first heap   total 402432K, used 156482K [0x0000000080000000, 0x0000000100000000)
  region size 1024K, 2 young (2048K), 2 survivors (2048K)
 Metaspace       used 151238K, capacity 156028K, committed 157824K, reserved 1187840K
  class space    used 18221K, capacity 19932K, committed 20352K, reserved 1048576K
}
Event: 8242.311 GC heap before
{Heap before GC invocations=177 (full 0):
 garbage-first heap   total 402432K, used 173890K [0x0000000080000000, 0x0000000100000000)
  region size 1024K, 19 young (19456K), 2 survivors (2048K)
 Metaspace       used 151317K, capacity 156093K, committed 157824K, reserved 1187840K
  class space    used 18221K, capacity 19932K, committed 20352K, reserved 1048576K
}
Event: 8242.340 GC heap after
{Heap after GC invocations=178 (full 0):
 garbage-first heap   total 402432K, used 157231K [0x0000000080000000, 0x0000000100000000)
  region size 1024K, 2 young (2048K), 2 survivors (2048K)
 Metaspace       used 151317K, capacity 156093K, committed 157824K, reserved 1187840K
  class space    used 18221K, capacity 19932K, committed 20352K, reserved 1048576K
}
Event: 8244.317 GC heap before
{Heap before GC invocations=179 (full 0):
 garbage-first heap   total 402432K, used 177711K [0x0000000080000000, 0x0000000100000000)
  region size 1024K, 19 young (19456K), 2 survivors (2048K)
 Metaspace       used 151391K, capacity 156166K, committed 157824K, reserved 1187840K
  class space    used 18228K, capacity 19944K, committed 20352K, reserved 1048576K
}
Event: 8244.368 GC heap after
{Heap after GC invocations=180 (full 0):
 garbage-first heap   total 402432K, used 158803K [0x0000000080000000, 0x0000000100000000)
  region size 1024K, 3 young (3072K), 3 survivors (3072K)
 Metaspace       used 151391K, capacity 156166K, committed 157824K, reserved 1187840K
  class space    used 18228K, capacity 19944K, committed 20352K, reserved 1048576K
}
Event: 8245.946 GC heap before
{Heap before GC invocations=180 (full 0):
 garbage-first heap   total 402432K, used 174163K [0x0000000080000000, 0x0000000100000000)
  region size 1024K, 19 young (19456K), 3 survivors (3072K)
 Metaspace       used 151391K, capacity 156166K, committed 157824K, reserved 1187840K
  class space    used 18228K, capacity 19944K, committed 20352K, reserved 1048576K
}
Event: 8246.070 GC heap after
{Heap after GC invocations=181 (full 0):
 garbage-first heap   total 402432K, used 161110K [0x0000000080000000, 0x0000000100000000)
  region size 1024K, 3 young (3072K), 3 survivors (3072K)
 Metaspace       used 151391K, capacity 156166K, committed 157824K, reserved 1187840K
  class space    used 18228K, capacity 19944K, committed 20352K, reserved 1048576K
}
Event: 8246.589 GC heap before
{Heap before GC invocations=181 (full 0):
 garbage-first heap   total 402432K, used 177494K [0x0000000080000000, 0x0000000100000000)
  region size 1024K, 19 young (19456K), 3 survivors (3072K)
 Metaspace       used 151392K, capacity 156166K, committed 157824K, reserved 1187840K
  class space    used 18228K, capacity 19944K, committed 20352K, reserved 1048576K
}
Event: 8246.900 GC heap after
{Heap after GC invocations=182 (full 0):
 garbage-first heap   total 402432K, used 165350K [0x0000000080000000, 0x0000000100000000)
  region size 1024K, 3 young (3072K), 3 survivors (3072K)
 Metaspace       used 151392K, capacity 156166K, committed 157824K, reserved 1187840K
  class space    used 18228K, capacity 19944K, committed 20352K, reserved 1048576K
}

Deoptimization events (20 events):
Event: 8247.264 Thread 0x00000209d984a800 Uncommon trap: trap_request=0xffffff4d fr.pc=0x00000209c79306d8 relative=0x00000000000006d8
Event: 8247.264 Thread 0x00000209d984a800 Uncommon trap: reason=unstable_if action=reinterpret pc=0x00000209c79306d8 method=com.android.tools.r8.graph.j0.b(Ljava/lang/String;Ljava/lang/String;Lcom/android/tools/r8/origin/Origin;Lcom/android/tools/r8/graph/T;Lcom/android/tools/r8/DiagnosticsHandle
Event: 8247.264 Thread 0x00000209d984a800 DEOPT PACKING pc=0x00000209c79306d8 sp=0x000000ca861fcf40
Event: 8247.264 Thread 0x00000209d984a800 DEOPT UNPACKING pc=0x00000209bf116ca9 sp=0x000000ca861fce00 mode 2
Event: 8247.264 Thread 0x00000209d984a800 Uncommon trap: trap_request=0xffffff4d fr.pc=0x00000209c792f74c relative=0x000000000000052c
Event: 8247.264 Thread 0x00000209d984a800 Uncommon trap: reason=unstable_if action=reinterpret pc=0x00000209c792f74c method=com.android.tools.r8.graph.j0.b(Ljava/lang/String;Ljava/lang/String;Lcom/android/tools/r8/origin/Origin;Lcom/android/tools/r8/graph/T;Lcom/android/tools/r8/DiagnosticsHandle
Event: 8247.264 Thread 0x00000209d984a800 DEOPT PACKING pc=0x00000209c792f74c sp=0x000000ca861fce90
Event: 8247.264 Thread 0x00000209d984a800 DEOPT UNPACKING pc=0x00000209bf116ca9 sp=0x000000ca861fcdd8 mode 2
Event: 8247.265 Thread 0x00000209d984a800 Uncommon trap: trap_request=0xffffff4d fr.pc=0x00000209c792fd70 relative=0x0000000000000050
Event: 8247.265 Thread 0x00000209d984a800 Uncommon trap: reason=unstable_if action=reinterpret pc=0x00000209c792fd70 method=com.android.tools.r8.graph.j0.b(Ljava/lang/String;Ljava/lang/String;Lcom/android/tools/r8/origin/Origin;Lcom/android/tools/r8/graph/T;Lcom/android/tools/r8/DiagnosticsHandle
Event: 8247.265 Thread 0x00000209d984a800 DEOPT PACKING pc=0x00000209c792fd70 sp=0x000000ca861fce30
Event: 8247.265 Thread 0x00000209d984a800 DEOPT UNPACKING pc=0x00000209bf116ca9 sp=0x000000ca861fcdf0 mode 2
Event: 8247.267 Thread 0x00000209d984a800 Uncommon trap: trap_request=0xffffff4d fr.pc=0x00000209c7d53374 relative=0x0000000000000a94
Event: 8247.267 Thread 0x00000209d984a800 Uncommon trap: reason=unstable_if action=reinterpret pc=0x00000209c7d53374 method=com.android.tools.r8.internal.c6.a(Lcom/android/tools/r8/graph/V0;Lcom/android/tools/r8/internal/Ew;)V @ 69 c2
Event: 8247.267 Thread 0x00000209d984a800 DEOPT PACKING pc=0x00000209c7d53374 sp=0x000000ca861fd6d0
Event: 8247.267 Thread 0x00000209d984a800 DEOPT UNPACKING pc=0x00000209bf116ca9 sp=0x000000ca861fd650 mode 2
Event: 8247.328 Thread 0x00000209d984a800 Uncommon trap: trap_request=0xffffff4d fr.pc=0x00000209c76c1070 relative=0x00000000000008b0
Event: 8247.328 Thread 0x00000209d984a800 Uncommon trap: reason=unstable_if action=reinterpret pc=0x00000209c76c1070 method=com.android.tools.r8.ir.regalloc.b.compareTo(Ljava/lang/Object;)I @ 16 c2
Event: 8247.328 Thread 0x00000209d984a800 DEOPT PACKING pc=0x00000209c76c1070 sp=0x000000ca861fc700
Event: 8247.328 Thread 0x00000209d984a800 DEOPT UNPACKING pc=0x00000209bf116ca9 sp=0x000000ca861fc648 mode 2

Classes redefined (0 events):
No events

Internal exceptions (20 events):
Event: 8242.204 Thread 0x00000209d9d00800 Exception <a 'sun/nio/fs/WindowsException'{0x0000000097841c28}> (0x0000000097841c28) thrown at [./src/hotspot/share/prims/jni.cpp, line 615]
Event: 8242.204 Thread 0x00000209d9d00800 Exception <a 'sun/nio/fs/WindowsException'{0x0000000097841dc8}> (0x0000000097841dc8) thrown at [./src/hotspot/share/prims/jni.cpp, line 615]
Event: 8242.230 Thread 0x00000209d9d00800 Exception <a 'sun/nio/fs/WindowsException'{0x00000000978869a8}> (0x00000000978869a8) thrown at [./src/hotspot/share/prims/jni.cpp, line 615]
Event: 8242.230 Thread 0x00000209d9d00800 Exception <a 'sun/nio/fs/WindowsException'{0x0000000097886b28}> (0x0000000097886b28) thrown at [./src/hotspot/share/prims/jni.cpp, line 615]
Event: 8242.231 Thread 0x00000209d9d00800 Exception <a 'sun/nio/fs/WindowsException'{0x00000000978a01b0}> (0x00000000978a01b0) thrown at [./src/hotspot/share/prims/jni.cpp, line 615]
Event: 8242.231 Thread 0x00000209d9d00800 Exception <a 'sun/nio/fs/WindowsException'{0x00000000978a0358}> (0x00000000978a0358) thrown at [./src/hotspot/share/prims/jni.cpp, line 615]
Event: 8242.233 Thread 0x00000209d9d00800 Exception <a 'sun/nio/fs/WindowsException'{0x00000000978b54b0}> (0x00000000978b54b0) thrown at [./src/hotspot/share/prims/jni.cpp, line 615]
Event: 8242.233 Thread 0x00000209d9d00800 Exception <a 'sun/nio/fs/WindowsException'{0x00000000978b5650}> (0x00000000978b5650) thrown at [./src/hotspot/share/prims/jni.cpp, line 615]
Event: 8242.237 Thread 0x00000209d9d00800 Exception <a 'sun/nio/fs/WindowsException'{0x00000000978f3790}> (0x00000000978f3790) thrown at [./src/hotspot/share/prims/jni.cpp, line 615]
Event: 8243.112 Thread 0x00000209d9d00800 Exception <a 'sun/nio/fs/WindowsException'{0x000000009881e4a8}> (0x000000009881e4a8) thrown at [./src/hotspot/share/prims/jni.cpp, line 615]
Event: 8243.175 Thread 0x00000209d9d00800 Exception <a 'sun/nio/fs/WindowsException'{0x0000000098847ea0}> (0x0000000098847ea0) thrown at [./src/hotspot/share/prims/jni.cpp, line 615]
Event: 8243.198 Thread 0x00000209d9d00800 Exception <a 'sun/nio/fs/WindowsException'{0x0000000098879dc0}> (0x0000000098879dc0) thrown at [./src/hotspot/share/prims/jni.cpp, line 615]
Event: 8243.207 Thread 0x00000209d9d00800 Exception <a 'sun/nio/fs/WindowsException'{0x00000000988a46d8}> (0x00000000988a46d8) thrown at [./src/hotspot/share/prims/jni.cpp, line 615]
Event: 8243.220 Thread 0x00000209d9d00800 Exception <a 'sun/nio/fs/WindowsException'{0x00000000988ebf78}> (0x00000000988ebf78) thrown at [./src/hotspot/share/prims/jni.cpp, line 615]
Event: 8243.433 Thread 0x00000209d9d00800 Exception <a 'sun/nio/fs/WindowsException'{0x0000000098643fa0}> (0x0000000098643fa0) thrown at [./src/hotspot/share/prims/jni.cpp, line 615]
Event: 8243.469 Thread 0x00000209d9d00800 Exception <a 'sun/nio/fs/WindowsException'{0x00000000986827b0}> (0x00000000986827b0) thrown at [./src/hotspot/share/prims/jni.cpp, line 615]
Event: 8243.778 Thread 0x00000209d9d08000 Exception <a 'java/lang/NoSuchMethodError'{0x00000000983e43b8}: <clinit>> (0x00000000983e43b8) thrown at [./src/hotspot/share/prims/jni.cpp, line 1362]
Event: 8244.245 Thread 0x00000209d9850000 Exception <a 'sun/nio/fs/WindowsException'{0x0000000097ef08b0}> (0x0000000097ef08b0) thrown at [./src/hotspot/share/prims/jni.cpp, line 615]
Event: 8244.270 Thread 0x00000209d9850000 Exception <a 'java/lang/NoSuchMethodError'{0x0000000097d2fb30}: <clinit>> (0x0000000097d2fb30) thrown at [./src/hotspot/share/prims/jni.cpp, line 1362]
Event: 8246.296 Thread 0x00000209d984a800 Exception <a 'sun/nio/fs/WindowsException'{0x0000000097c4d9c0}> (0x0000000097c4d9c0) thrown at [./src/hotspot/share/prims/jni.cpp, line 615]

Events (20 events):
Event: 8240.080 Executing VM operation: ICBufferFull done
Event: 8240.207 Executing VM operation: G1CollectForAllocation
Event: 8240.366 Executing VM operation: G1CollectForAllocation done
Event: 8242.268 Executing VM operation: G1CollectForAllocation
Event: 8242.340 Executing VM operation: G1CollectForAllocation done
Event: 8242.807 Executing VM operation: CGC_Operation
Event: 8242.920 Executing VM operation: CGC_Operation done
Event: 8243.193 Executing VM operation: CGC_Operation
Event: 8243.194 Executing VM operation: CGC_Operation done
Event: 8243.979 Executing VM operation: RevokeBias
Event: 8243.979 Executing VM operation: RevokeBias done
Event: 8244.304 Executing VM operation: RevokeBias
Event: 8244.304 Executing VM operation: RevokeBias done
Event: 8244.317 Executing VM operation: G1CollectForAllocation
Event: 8244.368 Executing VM operation: G1CollectForAllocation done
Event: 8245.946 Executing VM operation: G1CollectForAllocation
Event: 8246.070 Executing VM operation: G1CollectForAllocation done
Event: 8246.567 Executing VM operation: G1CollectForAllocation
Event: 8246.900 Executing VM operation: G1CollectForAllocation done
Event: 8247.385 Executing VM operation: ICBufferFull


Dynamic libraries:
0x00007ff67def0000 - 0x00007ff67defa000 	C:\Program Files\Android\Android Studio\jre\bin\java.exe
0x00007fffefc50000 - 0x00007fffefe45000 	C:\Windows\SYSTEM32\ntdll.dll
0x00007fffef460000 - 0x00007fffef51d000 	C:\Windows\System32\KERNEL32.DLL
0x00007fffed9e0000 - 0x00007fffedca8000 	C:\Windows\System32\KERNELBASE.dll
0x00007fffed680000 - 0x00007fffed780000 	C:\Windows\System32\ucrtbase.dll
0x00007fffea960000 - 0x00007fffea979000 	C:\Program Files\Android\Android Studio\jre\bin\jli.dll
0x00007fffedec0000 - 0x00007fffee060000 	C:\Windows\System32\USER32.dll
0x00007fffed5d0000 - 0x00007fffed5f2000 	C:\Windows\System32\win32u.dll
0x00007fffef410000 - 0x00007fffef43a000 	C:\Windows\System32\GDI32.dll
0x00007fffed820000 - 0x00007fffed92b000 	C:\Windows\System32\gdi32full.dll
0x00007fffed780000 - 0x00007fffed81d000 	C:\Windows\System32\msvcp_win.dll
0x00007fffea940000 - 0x00007fffea957000 	C:\Program Files\Android\Android Studio\jre\bin\VCRUNTIME140.dll
0x00007fffec440000 - 0x00007fffec6da000 	C:\Windows\WinSxS\amd64_microsoft.windows.common-controls_6595b64144ccf1df_6.0.19041.844_none_ca00b6081b84eb1d\COMCTL32.dll
0x00007fffef9c0000 - 0x00007fffefa5e000 	C:\Windows\System32\msvcrt.dll
0x00007fffef920000 - 0x00007fffef950000 	C:\Windows\System32\IMM32.DLL
0x00007fffea8a0000 - 0x00007fffea93d000 	C:\Program Files\Android\Android Studio\jre\bin\msvcp140.dll
0x00007fffc3c70000 - 0x00007fffc473f000 	C:\Program Files\Android\Android Studio\jre\bin\server\jvm.dll
0x00007fffef360000 - 0x00007fffef40c000 	C:\Windows\System32\ADVAPI32.dll
0x00007fffedd70000 - 0x00007fffede0b000 	C:\Windows\System32\sechost.dll
0x00007fffef520000 - 0x00007fffef64b000 	C:\Windows\System32\RPCRT4.dll
0x00007fffedd60000 - 0x00007fffedd68000 	C:\Windows\System32\PSAPI.DLL
0x00007fffdb020000 - 0x00007fffdb029000 	C:\Windows\SYSTEM32\WSOCK32.dll
0x00007fffee150000 - 0x00007fffee1bb000 	C:\Windows\System32\WS2_32.dll
0x00007fffd00f0000 - 0x00007fffd0117000 	C:\Windows\SYSTEM32\WINMM.dll
0x00007fffea6e0000 - 0x00007fffea6ea000 	C:\Windows\SYSTEM32\VERSION.dll
0x00007fffea4e0000 - 0x00007fffea4f2000 	C:\Windows\SYSTEM32\kernel.appcore.dll
0x00007fffd5f40000 - 0x00007fffd5f51000 	C:\Program Files\Android\Android Studio\jre\bin\verify.dll
0x00007fffecb80000 - 0x00007fffecd64000 	C:\Windows\SYSTEM32\DBGHELP.DLL
0x00007fffeca30000 - 0x00007fffeca5c000 	C:\Windows\SYSTEM32\dbgcore.DLL
0x00007fffed600000 - 0x00007fffed680000 	C:\Windows\System32\bcryptPrimitives.dll
0x00007fffc3c40000 - 0x00007fffc3c69000 	C:\Program Files\Android\Android Studio\jre\bin\java.dll
0x00007fffd6a50000 - 0x00007fffd6a5b000 	C:\Program Files\Android\Android Studio\jre\bin\jimage.dll
0x00007fffc3c20000 - 0x00007fffc3c38000 	C:\Program Files\Android\Android Studio\jre\bin\zip.dll
0x00007fffee710000 - 0x00007fffeee52000 	C:\Windows\System32\SHELL32.dll
0x00007fffeae80000 - 0x00007fffeb611000 	C:\Windows\SYSTEM32\windows.storage.dll
0x00007fffee1c0000 - 0x00007fffee515000 	C:\Windows\System32\combase.dll
0x00007fffeca60000 - 0x00007fffeca8c000 	C:\Windows\SYSTEM32\Wldp.dll
0x00007fffede10000 - 0x00007fffedebe000 	C:\Windows\System32\SHCORE.dll
0x00007fffee060000 - 0x00007fffee0b5000 	C:\Windows\System32\shlwapi.dll
0x00007fffed2d0000 - 0x00007fffed2ef000 	C:\Windows\SYSTEM32\profapi.dll
0x00007fffc3be0000 - 0x00007fffc3bfa000 	C:\Program Files\Android\Android Studio\jre\bin\net.dll
0x00007fffe45c0000 - 0x00007fffe46cb000 	C:\Windows\SYSTEM32\WINHTTP.dll
0x00007fffec6e0000 - 0x00007fffec74a000 	C:\Windows\system32\mswsock.dll
0x00007fffc3bc0000 - 0x00007fffc3bd4000 	C:\Program Files\Android\Android Studio\jre\bin\nio.dll
0x00007fffeade0000 - 0x00007fffeae07000 	C:\Users\Prasanth\.gradle\native\8bec1ad78214c89d9ad589b4d07fe93259594b29d510b10fafb7a158f7737e5d\windows-amd64\native-platform.dll
0x00007fffeaca0000 - 0x00007fffeaddd000 	C:\Users\Prasanth\.gradle\native\53dbd7edfb1c66fb8903c78663c9afc45aea4f116125fa6feffd364cf09443e8\windows-amd64\native-platform-file-events.dll
0x00007fffd6090000 - 0x00007fffd609a000 	C:\Program Files\Android\Android Studio\jre\bin\management.dll
0x00007fffd33e0000 - 0x00007fffd33ec000 	C:\Program Files\Android\Android Studio\jre\bin\management_ext.dll
0x00007fffecdb0000 - 0x00007fffecdc8000 	C:\Windows\SYSTEM32\CRYPTSP.dll
0x00007fffebde0000 - 0x00007fffebe14000 	C:\Windows\system32\rsaenh.dll
0x00007fffed390000 - 0x00007fffed3b7000 	C:\Windows\System32\bcrypt.dll
0x00007fffed290000 - 0x00007fffed2be000 	C:\Windows\SYSTEM32\USERENV.dll
0x00007fffec8b0000 - 0x00007fffec8bc000 	C:\Windows\SYSTEM32\CRYPTBASE.dll
0x00007fffec130000 - 0x00007fffec16b000 	C:\Windows\SYSTEM32\IPHLPAPI.DLL
0x00007fffef950000 - 0x00007fffef958000 	C:\Windows\System32\NSI.dll
0x00007fffe5450000 - 0x00007fffe5467000 	C:\Windows\SYSTEM32\dhcpcsvc6.DLL
0x00007fffe5430000 - 0x00007fffe544d000 	C:\Windows\SYSTEM32\dhcpcsvc.DLL
0x00007fffec170000 - 0x00007fffec23c000 	C:\Windows\SYSTEM32\DNSAPI.dll
0x00007fffecd70000 - 0x00007fffecda3000 	C:\Windows\SYSTEM32\ntmarta.dll
0x00007fffe9f30000 - 0x00007fffe9fc0000 	C:\Windows\system32\apphelp.dll
0x00007fffcef20000 - 0x00007fffcef47000 	C:\Program Files\Android\Android Studio\jre\bin\sunec.dll

dbghelp: loaded successfully - version: 4.0.5 - missing functions: none
symbol engine: initialized successfully - sym options: 0x614 - pdb path: .;C:\Program Files\Android\Android Studio\jre\bin;C:\Windows\SYSTEM32;C:\Windows\WinSxS\amd64_microsoft.windows.common-controls_6595b64144ccf1df_6.0.19041.844_none_ca00b6081b84eb1d;C:\Program Files\Android\Android Studio\jre\bin\server;C:\Users\Prasanth\.gradle\native\8bec1ad78214c89d9ad589b4d07fe93259594b29d510b10fafb7a158f7737e5d\windows-amd64;C:\Users\Prasanth\.gradle\native\53dbd7edfb1c66fb8903c78663c9afc45aea4f116125fa6feffd364cf09443e8\windows-amd64

VM Arguments:
jvm_args: --add-opens=java.base/java.util=ALL-UNNAMED --add-opens=java.base/java.lang=ALL-UNNAMED --add-opens=java.base/java.lang.invoke=ALL-UNNAMED --add-opens=java.base/java.util=ALL-UNNAMED --add-opens=java.prefs/java.util.prefs=ALL-UNNAMED --add-opens=java.prefs/java.util.prefs=ALL-UNNAMED --add-opens=java.base/java.nio.charset=ALL-UNNAMED --add-opens=java.base/java.net=ALL-UNNAMED --add-opens=java.base/java.util.concurrent.atomic=ALL-UNNAMED -Xmx2048m -Dfile.encoding=windows-1252 -Duser.country=IN -Duser.language=en -Duser.variant 
java_command: org.gradle.launcher.daemon.bootstrap.GradleDaemon 7.0.2
java_class_path (initial): C:\Users\Prasanth\.gradle\wrapper\dists\gradle-7.0.2-bin\857tjihv64xamwrf0h14cai3r\gradle-7.0.2\lib\gradle-launcher-7.0.2.jar
Launcher Type: SUN_STANDARD

[Global flags]
     intx CICompilerCount                          = 2                                         {product} {ergonomic}
     uint ConcGCThreads                            = 1                                         {product} {ergonomic}
     uint G1ConcRefinementThreads                  = 2                                         {product} {ergonomic}
   size_t G1HeapRegionSize                         = 1048576                                   {product} {ergonomic}
    uintx GCDrainStackTargetSize                   = 64                                        {product} {ergonomic}
   size_t InitialHeapSize                          = 65011712                                  {product} {ergonomic}
   size_t MarkStackSize                            = 4194304                                   {product} {ergonomic}
   size_t MaxHeapSize                              = 2147483648                                {product} {command line}
   size_t MaxNewSize                               = 1287651328                                {product} {ergonomic}
   size_t MinHeapDeltaBytes                        = 1048576                                   {product} {ergonomic}
    uintx NonNMethodCodeHeapSize                   = 5825164                                {pd product} {ergonomic}
    uintx NonProfiledCodeHeapSize                  = 122916538                              {pd product} {ergonomic}
    uintx ProfiledCodeHeapSize                     = 122916538                              {pd product} {ergonomic}
    uintx ReservedCodeCacheSize                    = 251658240                              {pd product} {ergonomic}
     bool SegmentedCodeCache                       = true                                      {product} {ergonomic}
     bool UseCompressedClassPointers               = true                                 {lp64_product} {ergonomic}
     bool UseCompressedOops                        = true                                 {lp64_product} {ergonomic}
     bool UseG1GC                                  = true                                      {product} {ergonomic}
     bool UseLargePagesIndividualAllocation        = false                                  {pd product} {ergonomic}

Logging:
Log output configuration:
 #0: stdout all=warning uptime,level,tags
 #1: stderr all=off uptime,level,tags

Environment Variables:
PATH=C:\Windows\system32;C:\Windows;C:\Windows\System32\Wbem;C:\Windows\System32\WindowsPowerShell\v1.0\;C:\Windows\System32\OpenSSH\;C:\Users\Prasanth\AppData\Local\Microsoft\WindowsApps;
USERNAME=Prasanth
OS=Windows_NT
PROCESSOR_IDENTIFIER=Intel64 Family 6 Model 42 Stepping 7, GenuineIntel



---------------  S Y S T E M  ---------------

OS: Windows 10 , 64 bit Build 19041 (10.0.19041.928)
OS uptime: 0 days 2:28 hours

CPU:total 2 (initial active 2) (2 cores per cpu, 1 threads per core) family 6 model 42 stepping 7 microcode 0x2f, cmov, cx8, fxsr, mmx, sse, sse2, sse3, ssse3, sse4.1, sse4.2, popcnt, clmul, tsc, tscinvbit

Memory: 4k page, system-wide physical 3931M (971M free)
TotalPageFile size 6747M (AvailPageFile size 1474M)
current process WorkingSet (physical memory assigned to process): 526M, peak: 732M
current process commit charge ("private bytes"): 840M, peak: 851M

vm_info: OpenJDK 64-Bit Server VM (11.0.10+0-b96-7249189) for windows-amd64 JRE (11.0.10+0-b96-7249189), built on Mar 31 2021 21:44:00 by "builder" with MS VC++ 14.0 (VS2015)

END.
