#
# A fatal error has been detected by the Java Runtime Environment:
#
#  EXCEPTION_ACCESS_VIOLATION (0xc0000005) at pc=0x00007ff897db14b0, pid=9028, tid=6980
#
# JRE version: OpenJDK Runtime Environment (11.0.10) (build 11.0.10+0-b96-7249189)
# Java VM: OpenJDK 64-Bit Server VM (11.0.10+0-b96-7249189, mixed mode, tiered, compressed oops, g1 gc, windows-amd64)
# Problematic frame:
# V  [jvm.dll+0x2d14b0]
#
# No core dump will be written. Minidumps are not enabled by default on client versions of Windows
#
# If you would like to submit a bug report, please visit:
#   https://bugreport.java.com/bugreport/crash.jsp
#

---------------  S U M M A R Y ------------

Command Line: --add-opens=java.base/java.util=ALL-UNNAMED --add-opens=java.base/java.lang=ALL-UNNAMED --add-opens=java.base/java.lang.invoke=ALL-UNNAMED --add-opens=java.base/java.util=ALL-UNNAMED --add-opens=java.prefs/java.util.prefs=ALL-UNNAMED --add-opens=java.prefs/java.util.prefs=ALL-UNNAMED --add-opens=java.base/java.nio.charset=ALL-UNNAMED --add-opens=java.base/java.net=ALL-UNNAMED --add-opens=java.base/java.util.concurrent.atomic=ALL-UNNAMED -Xmx2048m -Dfile.encoding=windows-1252 -Duser.country=IN -Duser.language=en -Duser.variant org.gradle.launcher.daemon.bootstrap.GradleDaemon 7.0.2

Host: Intel(R) Pentium(R) CPU B950 @ 2.10GHz, 2 cores, 3G,  Windows 10 , 64 bit Build 19041 (10.0.19041.928)
Time: Sun Sep 26 18:53:53 2021 Pacific Daylight Time elapsed time: 674.834465 seconds (0d 0h 11m 14s)

---------------  T H R E A D  ---------------

Current thread (0x0000020778d12800):  GCTaskThread "GC Thread#0" [stack: 0x000000a90b000000,0x000000a90b100000] [id=6980]

Stack: [0x000000a90b000000,0x000000a90b100000],  sp=0x000000a90b0ff0f8,  free space=1020k
Native frames: (J=compiled Java code, j=interpreted, Vv=VM code, C=native code)
V  [jvm.dll+0x2d14b0]


siginfo: EXCEPTION_ACCESS_VIOLATION (0xc0000005), reading address 0x000000010d5b1ce8


Register to memory mapping:

RIP=0x00007ff897db14b0 jvm.dll
RAX=0x0000000000000207 is an unknown value
RBX=0x000000010d5b1ce8 is an unknown value
RCX=0x000002071ec6a1f0 points into unknown readable memory: 0x00007ff8983030b0 | b0 30 30 98 f8 7f 00 00
RDX=0x000000010d5b1ce8 is an unknown value
RSP=0x000000a90b0ff0f8 points into unknown readable memory: 0x00007ff897dde6ff | ff e6 dd 97 f8 7f 00 00
RBP=0x000002071ec6a1f0 points into unknown readable memory: 0x00007ff8983030b0 | b0 30 30 98 f8 7f 00 00
RSI=0x0000000100102e58 is pointing into metadata
RDI=0x000000010d5b14d0 is an unknown value
R8 =0x0000000100100820 is pointing into metadata
R9 =0x00007ff898473400 jvm.dll
R10=0x0000000100101a28 is pointing into metadata
R11=0x000002077c843d00 points into unknown readable memory: 0x4242424242424242 | 42 42 42 42 42 42 42 42
R12=0x0000000000050000 is an unknown value
R13=0x0 is NULL
R14=0x0000000100101a28 is pointing into metadata
R15=0x000000008dfd1478 is an oop: 
[error occurred during error reporting (printing register info), id 0xc0000005, EXCEPTION_ACCESS_VIOLATION (0xc0000005) at pc=0x00007ff8980ba02d]

Registers:
RAX=0x0000000000000207, RBX=0x000000010d5b1ce8, RCX=0x000002071ec6a1f0, RDX=0x000000010d5b1ce8
RSP=0x000000a90b0ff0f8, RBP=0x000002071ec6a1f0, RSI=0x0000000100102e58, RDI=0x000000010d5b14d0
R8 =0x0000000100100820, R9 =0x00007ff898473400, R10=0x0000000100101a28, R11=0x000002077c843d00
R12=0x0000000000050000, R13=0x0000000000000000, R14=0x0000000100101a28, R15=0x000000008dfd1478
RIP=0x00007ff897db14b0, EFLAGS=0x0000000000010206

Top of Stack: (sp=0x000000a90b0ff0f8)
0x000000a90b0ff0f8:   00007ff897dde6ff 0000000000050002
0x000000a90b0ff108:   00007ff897ddfc22 0000000000050000
0x000000a90b0ff118:   00007ff897da9abe 000000008dfd1478
0x000000a90b0ff128:   0000000000000001 000002071ec6a080
0x000000a90b0ff138:   00007ff897ddfd67 000000008dfd1478
0x000000a90b0ff148:   0000000000000009 000002071ec6a080
0x000000a90b0ff158:   000002071ec6a080 0000000000000000
0x000000a90b0ff168:   00007ff897ddf854 000002071ec6a080
0x000000a90b0ff178:   0000000000000002 0000000000000009
0x000000a90b0ff188:   0000000000000009 000002071ec6a098
0x000000a90b0ff198:   0000000000000000 000000048a500000
0x000000a90b0ff1a8:   000000000000000d 0000000000000001
0x000000a90b0ff1b8:   000002071ec6a080 0000000000000040
0x000000a90b0ff1c8:   0000020778d137b0 0000000000000000
0x000000a90b0ff1d8:   000002071ec6a080 000000a90b0ff401
0x000000a90b0ff1e8:   00007ff897db1282 000002071ec6a000 

Instructions: (pc=0x00007ff897db14b0)
0x00007ff897db13b0:   10 49 8b 81 88 04 00 00 48 d3 ea 8b ca 80 3c 08
0x00007ff897db13c0:   00 74 0f c6 04 08 00 49 8b 81 d0 06 00 00 c6 04
0x00007ff897db13d0:   01 00 8b 0d e0 67 72 00 49 8b c2 48 33 c3 48 d3
0x00007ff897db13e0:   e8 48 85 c0 74 29 48 8b 57 08 48 8b c3 4d 8b ca
0x00007ff897db13f0:   4c 8b c3 8b 8a c0 02 00 00 48 8b 92 b0 02 00 00
0x00007ff897db1400:   48 d3 e8 48 8b cf 48 8b 14 c2 e8 d1 2d 00 00 48
0x00007ff897db1410:   8b 5c 24 30 48 83 c4 20 5f c3 cc cc cc cc cc cc
0x00007ff897db1420:   8b 02 4c 8b c9 85 c0 75 05 45 33 c0 eb 13 8b 0d
0x00007ff897db1430:   d4 d6 6d 00 4c 8b c0 49 d3 e0 4c 03 05 bf d6 6d
0x00007ff897db1440:   00 4d 8b 51 08 41 8b 8a f0 06 00 00 49 8b 82 e0
0x00007ff897db1450:   06 00 00 49 d3 e8 41 0f b6 04 00 3c 01 7d 04 3c
0x00007ff897db1460:   ff 75 49 49 8b 82 b8 02 00 00 41 8b 8a c0 02 00
0x00007ff897db1470:   00 4c 8b d8 4d 8b 82 a8 02 00 00 4c 03 c0 49 d3
0x00007ff897db1480:   e3 49 d3 e0 4d 2b c3 49 c1 e8 03 49 3b d3 72 12
0x00007ff897db1490:   4b 8d 04 c3 48 3b d0 73 09 49 8b 49 18 e9 de 2c
0x00007ff897db14a0:   00 00 49 8b 49 10 48 8b 01 48 ff 20 c3 cc cc cc
0x00007ff897db14b0:   8b 02 4c 8b d2 4c 8b d9 85 c0 0f 84 91 00 00 00
0x00007ff897db14c0:   8b 0d 42 d6 6d 00 44 8b c8 4d 8b 43 10 49 d3 e1
0x00007ff897db14d0:   4c 03 0d 29 d6 6d 00 49 8b d1 41 8b 88 f0 06 00
0x00007ff897db14e0:   00 49 8b 80 e0 06 00 00 48 d3 ea 0f b6 04 02 84
0x00007ff897db14f0:   c0 7e 0e 4d 8b c1 49 8b d2 49 8b cb e9 1f 2c 00
0x00007ff897db1500:   00 8b 0d b1 66 72 00 49 8b d1 49 33 d2 48 d3 ea
0x00007ff897db1510:   48 85 d2 74 3c 3c ff 75 28 49 8b 80 88 04 00 00
0x00007ff897db1520:   49 8b d1 49 2b 50 10 48 d3 ea 8b ca 80 3c 08 00
0x00007ff897db1530:   74 0f c6 04 08 00 49 8b 80 d0 06 00 00 c6 04 01
0x00007ff897db1540:   00 49 8b 53 20 4d 8b c2 49 8b 4b 18 e9 8f 2c 00
0x00007ff897db1550:   00 c3 cc cc cc cc cc cc cc cc cc cc cc cc cc cc
0x00007ff897db1560:   40 57 48 83 ec 20 48 8b fa 4c 8b c9 48 8b 51 08
0x00007ff897db1570:   4c 8b 07 8b 8a f0 06 00 00 48 8b 82 e0 06 00 00
0x00007ff897db1580:   49 d3 e8 41 0f b6 04 00 3c 01 7d 04 3c ff 75 7f
0x00007ff897db1590:   48 8b 82 b8 02 00 00 8b 8a c0 02 00 00 4c 8b c0
0x00007ff897db15a0:   48 8b 92 a8 02 00 00 48 03 d0 49 d3 e0 48 d3 e2 


Stack slot to memory mapping:
stack at sp + 0 slots: 0x00007ff897dde6ff jvm.dll
stack at sp + 1 slots: 0x0000000000050002 is an unknown value
stack at sp + 2 slots: 0x00007ff897ddfc22 jvm.dll
stack at sp + 3 slots: 0x0000000000050000 is an unknown value
stack at sp + 4 slots: 0x00007ff897da9abe jvm.dll
stack at sp + 5 slots: 0x000000008dfd1478 is an oop: 
[error occurred during error reporting (inspecting top of stack), id 0xc0000005, EXCEPTION_ACCESS_VIOLATION (0xc0000005) at pc=0x00007ff8980ba02d]


---------------  P R O C E S S  ---------------

Threads class SMR info:
_java_thread_list=0x000002071ed73b40, length=43, elements={
0x0000020778cf9800, 0x000002077f55e000, 0x000002077f55f800, 0x000002077f5b9800,
0x000002077f5bc800, 0x000002077f5bf000, 0x000002077f5c2000, 0x000002077f5dd800,
0x000002077f5de800, 0x0000020713144800, 0x0000020714ade800, 0x0000020714979800,
0x00000207146f2000, 0x0000020714bb6000, 0x0000020714bb5000, 0x0000020714bb1000,
0x0000020714bb1800, 0x0000020714bb3800, 0x0000020714bb2800, 0x0000020714bb4000,
0x0000020714ee2800, 0x0000020714ee6000, 0x0000020714eea000, 0x0000020714edf800,
0x0000020714ee1000, 0x00000207197d6000, 0x00000207197d8800, 0x00000207197d9000,
0x00000207197d5000, 0x00000207197d6800, 0x00000207197df000, 0x00000207197db800,
0x00000207197dc800, 0x00000207197df800, 0x00000207197dd800, 0x00000207197da000,
0x00000207197db000, 0x00000207197e1800, 0x00000207197e0800, 0x00000207197de000,
0x00000207197e2000, 0x00000207197e3000, 0x0000020714ee3800
}

Java Threads: ( => current thread )
  0x0000020778cf9800 JavaThread "main" [_thread_blocked, id=9232, stack(0x000000a90af00000,0x000000a90b000000)]
  0x000002077f55e000 JavaThread "Reference Handler" daemon [_thread_blocked, id=5224, stack(0x000000a90b600000,0x000000a90b700000)]
  0x000002077f55f800 JavaThread "Finalizer" daemon [_thread_blocked, id=3504, stack(0x000000a90b700000,0x000000a90b800000)]
  0x000002077f5b9800 JavaThread "Signal Dispatcher" daemon [_thread_blocked, id=8960, stack(0x000000a90b800000,0x000000a90b900000)]
  0x000002077f5bc800 JavaThread "Attach Listener" daemon [_thread_blocked, id=5156, stack(0x000000a90b900000,0x000000a90ba00000)]
  0x000002077f5bf000 JavaThread "Service Thread" daemon [_thread_blocked, id=8344, stack(0x000000a90ba00000,0x000000a90bb00000)]
  0x000002077f5c2000 JavaThread "C2 CompilerThread0" daemon [_thread_blocked, id=3952, stack(0x000000a90bb00000,0x000000a90bc00000)]
  0x000002077f5dd800 JavaThread "C1 CompilerThread0" daemon [_thread_blocked, id=8532, stack(0x000000a90bc00000,0x000000a90bd00000)]
  0x000002077f5de800 JavaThread "Sweeper thread" daemon [_thread_blocked, id=7336, stack(0x000000a90bd00000,0x000000a90be00000)]
  0x0000020713144800 JavaThread "Common-Cleaner" daemon [_thread_blocked, id=6584, stack(0x000000a90be00000,0x000000a90bf00000)]
  0x0000020714ade800 JavaThread "Daemon health stats" [_thread_blocked, id=5900, stack(0x000000a90c100000,0x000000a90c200000)]
  0x0000020714979800 JavaThread "Incoming local TCP Connector on port 62623" [_thread_in_native, id=4616, stack(0x000000a90c200000,0x000000a90c300000)]
  0x00000207146f2000 JavaThread "Daemon periodic checks" [_thread_blocked, id=9692, stack(0x000000a90c400000,0x000000a90c500000)]
  0x0000020714bb6000 JavaThread "Cache worker for file hash cache (C:\Users\Prasanth\.gradle\caches\7.0.2\fileHashes)" [_thread_blocked, id=7520, stack(0x000000a90cb00000,0x000000a90cc00000)]
  0x0000020714bb5000 JavaThread "File lock request listener" [_thread_in_native, id=8656, stack(0x000000a90cc00000,0x000000a90cd00000)]
  0x0000020714bb1000 JavaThread "Cache worker for journal cache (C:\Users\Prasanth\.gradle\caches\journal-1)" [_thread_blocked, id=1152, stack(0x000000a90cd00000,0x000000a90ce00000)]
  0x0000020714bb1800 JavaThread "File watcher server" daemon [_thread_blocked, id=9588, stack(0x000000a90cf00000,0x000000a90d000000)]
  0x0000020714bb3800 JavaThread "File watcher consumer" daemon [_thread_blocked, id=8908, stack(0x000000a90d000000,0x000000a90d100000)]
  0x0000020714bb2800 JavaThread "jar transforms" [_thread_blocked, id=9392, stack(0x000000a90d100000,0x000000a90d200000)]
  0x0000020714bb4000 JavaThread "jar transforms Thread 2" [_thread_blocked, id=656, stack(0x000000a90d200000,0x000000a90d300000)]
  0x0000020714ee2800 JavaThread "Cache worker for execution history cache (C:\Users\Prasanth\.gradle\caches\7.0.2\executionHistory)" [_thread_blocked, id=5616, stack(0x000000a90d600000,0x000000a90d700000)]
  0x0000020714ee6000 JavaThread "Cache worker for file content cache (C:\Users\Prasanth\.gradle\caches\7.0.2\fileContent)" [_thread_blocked, id=7112, stack(0x000000a90d700000,0x000000a90d800000)]
  0x0000020714eea000 JavaThread "Memory manager" [_thread_blocked, id=9484, stack(0x000000a90dc00000,0x000000a90dd00000)]
  0x0000020714edf800 JavaThread "Daemon Thread 2" [_thread_blocked, id=7028, stack(0x000000a90ad00000,0x000000a90ae00000)]
  0x0000020714ee1000 JavaThread "Daemon worker Thread 2" [_thread_blocked, id=1428, stack(0x000000a90c500000,0x000000a90c600000)]
  0x00000207197d6000 JavaThread "Handler for socket connection from /127.0.0.1:62623 to /127.0.0.1:62836" [_thread_in_native, id=7840, stack(0x000000a90ae00000,0x000000a90af00000)]
  0x00000207197d8800 JavaThread "Cancel handler" [_thread_blocked, id=5100, stack(0x000000a90c300000,0x000000a90c400000)]
  0x00000207197d9000 JavaThread "Asynchronous log dispatcher for DefaultDaemonConnection: socket connection from /127.0.0.1:62623 to /127.0.0.1:62836" [_thread_blocked, id=8188, stack(0x000000a90c600000,0x000000a90c700000)]
  0x00000207197d5000 JavaThread "Stdin handler" [_thread_blocked, id=1860, stack(0x000000a90c700000,0x000000a90c800000)]
  0x00000207197d6800 JavaThread "Daemon client event forwarder" [_thread_blocked, id=9792, stack(0x000000a90c800000,0x000000a90c900000)]
  0x00000207197df000 JavaThread "Cache worker for file hash cache (C:\Users\Prasanth\AndroidStudioProjects\SkyblueShopping\.gradle\7.0.2\fileHashes)" [_thread_blocked, id=9480, stack(0x000000a90c900000,0x000000a90ca00000)]
  0x00000207197db800 JavaThread "Cache worker for checksums cache (C:\Users\Prasanth\AndroidStudioProjects\SkyblueShopping\.gradle\checksums)" [_thread_blocked, id=8456, stack(0x000000a90ca00000,0x000000a90cb00000)]
  0x00000207197dc800 JavaThread "Cache worker for cache directory md-supplier (C:\Users\Prasanth\.gradle\caches\7.0.2\md-supplier)" [_thread_blocked, id=9540, stack(0x000000a90ce00000,0x000000a90cf00000)]
  0x00000207197df800 JavaThread "Cache worker for cache directory md-rule (C:\Users\Prasanth\.gradle\caches\7.0.2\md-rule)" [_thread_blocked, id=8928, stack(0x000000a90d300000,0x000000a90d400000)]
  0x00000207197dd800 JavaThread "Cache worker for dependencies-accessors (C:\Users\Prasanth\AndroidStudioProjects\SkyblueShopping\.gradle\7.0.2\dependencies-accessors)" [_thread_blocked, id=9508, stack(0x000000a90d400000,0x000000a90d500000)]
  0x00000207197da000 JavaThread "Cache worker for Build Output Cleanup Cache (C:\Users\Prasanth\AndroidStudioProjects\SkyblueShopping\.gradle\buildOutputCleanup)" [_thread_blocked, id=1788, stack(0x000000a90d500000,0x000000a90d600000)]
  0x00000207197db000 JavaThread "Build operations" [_thread_blocked, id=1972, stack(0x000000a90d800000,0x000000a90d900000)]
  0x00000207197e1800 JavaThread "Build operations Thread 2" [_thread_blocked, id=7616, stack(0x000000a90d900000,0x000000a90da00000)]
  0x00000207197e0800 JavaThread "build event listener" [_thread_blocked, id=208, stack(0x000000a90db00000,0x000000a90dc00000)]
  0x00000207197de000 JavaThread "Execution worker for ':'" [_thread_blocked, id=2736, stack(0x000000a90dd00000,0x000000a90de00000)]
  0x00000207197e2000 JavaThread "Cache worker for execution history cache (C:\Users\Prasanth\AndroidStudioProjects\SkyblueShopping\.gradle\7.0.2\executionHistory)" [_thread_blocked, id=10024, stack(0x000000a90de00000,0x000000a90df00000)]
  0x00000207197e3000 JavaThread "WorkerExecutor Queue" [_thread_blocked, id=6844, stack(0x000000a90df00000,0x000000a90e000000)]
  0x0000020714ee3800 JavaThread "WorkerExecutor Queue Thread 2" [_thread_blocked, id=4756, stack(0x000000a90e000000,0x000000a90e100000)]

Other Threads:
  0x000002077f555800 VMThread "VM Thread" [stack: 0x000000a90b500000,0x000000a90b600000] [id=988]
  0x0000020713175000 WatcherThread [stack: 0x000000a90bf00000,0x000000a90c000000] [id=10092]
=>0x0000020778d12800 GCTaskThread "GC Thread#0" [stack: 0x000000a90b000000,0x000000a90b100000] [id=6980]
  0x0000020713299800 GCTaskThread "GC Thread#1" [stack: 0x000000a90c000000,0x000000a90c100000] [id=3692]
  0x0000020778d42800 ConcurrentGCThread "G1 Main Marker" [stack: 0x000000a90b100000,0x000000a90b200000] [id=9868]
  0x0000020778d44800 ConcurrentGCThread "G1 Conc#0" [stack: 0x000000a90b200000,0x000000a90b300000] [id=9616]
  0x0000020778d92000 ConcurrentGCThread "G1 Refine#0" [stack: 0x000000a90b300000,0x000000a90b400000] [id=10172]
  0x0000020778d93000 ConcurrentGCThread "G1 Young RemSet Sampling" [stack: 0x000000a90b400000,0x000000a90b500000] [id=8900]

Threads with active compile tasks:
C2 CompilerThread0 675123 27357       4       com.android.utils.XmlUtils::append (647 bytes)

VM state:at safepoint (normal execution)

VM Mutex/Monitor currently owned by a thread:  ([mutex/lock_event])
[0x0000020778cf6280] Threads_lock - owner thread: 0x000002077f555800
[0x0000020778cf64c0] Heap_lock - owner thread: 0x00000207197e3000

Heap address: 0x0000000080000000, size: 2048 MB, Compressed Oops mode: 32-bit
Narrow klass base: 0x0000000000000000, Narrow klass shift: 3
Compressed class space size: 1073741824 Address: 0x0000000100000000

Heap:
 garbage-first heap   total 334848K, used 283308K [0x0000000080000000, 0x0000000100000000)
  region size 1024K, 80 young (81920K), 5 survivors (5120K)
 Metaspace       used 148726K, capacity 153169K, committed 153340K, reserved 1183744K
  class space    used 18241K, capacity 19806K, committed 19840K, reserved 1048576K
Heap Regions: E=young(eden), S=young(survivor), O=old, HS=humongous(starts), HC=humongous(continues), CS=collection set, F=free, A=archive, TAMS=top-at-mark-start (previous, next)
|   0|0x0000000080000000, 0x0000000080100000, 0x0000000080100000|100%| O|  |TAMS 0x0000000080100000, 0x0000000080000000| Untracked 
|   1|0x0000000080100000, 0x0000000080200000, 0x0000000080200000|100%| O|  |TAMS 0x0000000080200000, 0x0000000080100000| Untracked 
|   2|0x0000000080200000, 0x0000000080300000, 0x0000000080300000|100%| O|  |TAMS 0x0000000080300000, 0x0000000080200000| Untracked 
|   3|0x0000000080300000, 0x0000000080400000, 0x0000000080400000|100%| O|  |TAMS 0x0000000080400000, 0x0000000080300000| Untracked 
|   4|0x0000000080400000, 0x0000000080500000, 0x0000000080500000|100%|HS|  |TAMS 0x0000000080500000, 0x0000000080400000| Complete 
|   5|0x0000000080500000, 0x0000000080600000, 0x0000000080600000|100%|HC|  |TAMS 0x0000000080600000, 0x0000000080500000| Complete 
|   6|0x0000000080600000, 0x0000000080700000, 0x0000000080700000|100%|HC|  |TAMS 0x0000000080700000, 0x0000000080600000| Complete 
|   7|0x0000000080700000, 0x0000000080800000, 0x0000000080800000|100%| O|  |TAMS 0x0000000080800000, 0x0000000080700000| Untracked 
|   8|0x0000000080800000, 0x0000000080900000, 0x0000000080900000|100%| O|  |TAMS 0x0000000080900000, 0x0000000080800000| Untracked 
|   9|0x0000000080900000, 0x0000000080a00000, 0x0000000080a00000|100%| O|  |TAMS 0x0000000080a00000, 0x0000000080900000| Untracked 
|  10|0x0000000080a00000, 0x0000000080b00000, 0x0000000080b00000|100%| O|  |TAMS 0x0000000080b00000, 0x0000000080a00000| Untracked 
|  11|0x0000000080b00000, 0x0000000080c00000, 0x0000000080c00000|100%| O|  |TAMS 0x0000000080c00000, 0x0000000080b00000| Untracked 
|  12|0x0000000080c00000, 0x0000000080d00000, 0x0000000080d00000|100%| O|  |TAMS 0x0000000080d00000, 0x0000000080c00000| Untracked 
|  13|0x0000000080d00000, 0x0000000080e00000, 0x0000000080e00000|100%| O|  |TAMS 0x0000000080e00000, 0x0000000080d00000| Untracked 
|  14|0x0000000080e00000, 0x0000000080f00000, 0x0000000080f00000|100%| O|  |TAMS 0x0000000080f00000, 0x0000000080e00000| Untracked 
|  15|0x0000000080f00000, 0x0000000081000000, 0x0000000081000000|100%| O|  |TAMS 0x0000000081000000, 0x0000000080f00000| Untracked 
|  16|0x0000000081000000, 0x0000000081100000, 0x0000000081100000|100%|HS|  |TAMS 0x0000000081100000, 0x0000000081000000| Complete 
|  17|0x0000000081100000, 0x0000000081200000, 0x0000000081200000|100%|HC|  |TAMS 0x0000000081200000, 0x0000000081100000| Complete 
|  18|0x0000000081200000, 0x0000000081300000, 0x0000000081300000|100%|HS|  |TAMS 0x0000000081300000, 0x0000000081200000| Complete 
|  19|0x0000000081300000, 0x0000000081400000, 0x0000000081400000|100%|HC|  |TAMS 0x0000000081400000, 0x0000000081300000| Complete 
|  20|0x0000000081400000, 0x0000000081500000, 0x0000000081500000|100%|HC|  |TAMS 0x0000000081500000, 0x0000000081400000| Complete 
|  21|0x0000000081500000, 0x0000000081600000, 0x0000000081600000|100%|HS|  |TAMS 0x0000000081600000, 0x0000000081500000| Complete 
|  22|0x0000000081600000, 0x0000000081700000, 0x0000000081700000|100%|HC|  |TAMS 0x0000000081700000, 0x0000000081600000| Complete 
|  23|0x0000000081700000, 0x0000000081800000, 0x0000000081800000|100%|HC|  |TAMS 0x0000000081800000, 0x0000000081700000| Complete 
|  24|0x0000000081800000, 0x0000000081900000, 0x0000000081900000|100%|HC|  |TAMS 0x0000000081900000, 0x0000000081800000| Complete 
|  25|0x0000000081900000, 0x0000000081a00000, 0x0000000081a00000|100%|HC|  |TAMS 0x0000000081a00000, 0x0000000081900000| Complete 
|  26|0x0000000081a00000, 0x0000000081b00000, 0x0000000081b00000|100%| O|  |TAMS 0x0000000081b00000, 0x0000000081a00000| Untracked 
|  27|0x0000000081b00000, 0x0000000081c00000, 0x0000000081c00000|100%| O|  |TAMS 0x0000000081c00000, 0x0000000081b00000| Untracked 
|  28|0x0000000081c00000, 0x0000000081d00000, 0x0000000081d00000|100%| O|  |TAMS 0x0000000081d00000, 0x0000000081c00000| Untracked 
|  29|0x0000000081d00000, 0x0000000081e00000, 0x0000000081e00000|100%| O|  |TAMS 0x0000000081e00000, 0x0000000081d00000| Untracked 
|  30|0x0000000081e00000, 0x0000000081f00000, 0x0000000081f00000|100%| O|  |TAMS 0x0000000081f00000, 0x0000000081e00000| Untracked 
|  31|0x0000000081f00000, 0x0000000082000000, 0x0000000082000000|100%| O|  |TAMS 0x0000000082000000, 0x0000000081f00000| Untracked 
|  32|0x0000000082000000, 0x0000000082100000, 0x0000000082100000|100%| O|  |TAMS 0x0000000082100000, 0x0000000082000000| Untracked 
|  33|0x0000000082100000, 0x0000000082200000, 0x0000000082200000|100%| O|  |TAMS 0x0000000082200000, 0x0000000082100000| Untracked 
|  34|0x0000000082200000, 0x0000000082300000, 0x0000000082300000|100%| O|  |TAMS 0x0000000082300000, 0x0000000082200000| Untracked 
|  35|0x0000000082300000, 0x0000000082400000, 0x0000000082400000|100%|HS|  |TAMS 0x0000000082400000, 0x0000000082300000| Complete 
|  36|0x0000000082400000, 0x0000000082500000, 0x0000000082500000|100%|HC|  |TAMS 0x0000000082500000, 0x0000000082400000| Complete 
|  37|0x0000000082500000, 0x0000000082600000, 0x0000000082600000|100%|HC|  |TAMS 0x0000000082600000, 0x0000000082500000| Complete 
|  38|0x0000000082600000, 0x0000000082700000, 0x0000000082700000|100%| O|  |TAMS 0x0000000082700000, 0x0000000082600000| Untracked 
|  39|0x0000000082700000, 0x0000000082800000, 0x0000000082800000|100%|HS|  |TAMS 0x0000000082800000, 0x0000000082700000| Complete 
|  40|0x0000000082800000, 0x0000000082900000, 0x0000000082900000|100%|HC|  |TAMS 0x0000000082900000, 0x0000000082800000| Complete 
|  41|0x0000000082900000, 0x0000000082a00000, 0x0000000082a00000|100%|HC|  |TAMS 0x0000000082a00000, 0x0000000082900000| Complete 
|  42|0x0000000082a00000, 0x0000000082b00000, 0x0000000082b00000|100%|HC|  |TAMS 0x0000000082b00000, 0x0000000082a00000| Complete 
|  43|0x0000000082b00000, 0x0000000082c00000, 0x0000000082c00000|100%|HC|  |TAMS 0x0000000082c00000, 0x0000000082b00000| Complete 
|  44|0x0000000082c00000, 0x0000000082d00000, 0x0000000082d00000|100%| O|  |TAMS 0x0000000082d00000, 0x0000000082c00000| Untracked 
|  45|0x0000000082d00000, 0x0000000082e00000, 0x0000000082e00000|100%| O|  |TAMS 0x0000000082e00000, 0x0000000082d00000| Untracked 
|  46|0x0000000082e00000, 0x0000000082f00000, 0x0000000082f00000|100%| O|  |TAMS 0x0000000082f00000, 0x0000000082e00000| Untracked 
|  47|0x0000000082f00000, 0x0000000083000000, 0x0000000083000000|100%| O|  |TAMS 0x0000000083000000, 0x0000000082f00000| Untracked 
|  48|0x0000000083000000, 0x0000000083100000, 0x0000000083100000|100%| O|  |TAMS 0x0000000083100000, 0x0000000083000000| Untracked 
|  49|0x0000000083100000, 0x0000000083200000, 0x0000000083200000|100%| O|  |TAMS 0x0000000083200000, 0x0000000083100000| Untracked 
|  50|0x0000000083200000, 0x0000000083300000, 0x0000000083300000|100%| O|  |TAMS 0x0000000083300000, 0x0000000083200000| Untracked 
|  51|0x0000000083300000, 0x0000000083400000, 0x0000000083400000|100%| O|  |TAMS 0x0000000083400000, 0x0000000083300000| Untracked 
|  52|0x0000000083400000, 0x0000000083500000, 0x0000000083500000|100%| O|  |TAMS 0x0000000083500000, 0x0000000083400000| Untracked 
|  53|0x0000000083500000, 0x0000000083600000, 0x0000000083600000|100%|HS|  |TAMS 0x0000000083600000, 0x0000000083500000| Complete 
|  54|0x0000000083600000, 0x0000000083700000, 0x0000000083700000|100%|HS|  |TAMS 0x0000000083700000, 0x0000000083600000| Complete 
|  55|0x0000000083700000, 0x0000000083800000, 0x0000000083800000|100%| O|  |TAMS 0x0000000083800000, 0x0000000083700000| Untracked 
|  56|0x0000000083800000, 0x0000000083900000, 0x0000000083900000|100%| O|  |TAMS 0x0000000083800000, 0x0000000083800000| Untracked 
|  57|0x0000000083900000, 0x0000000083a00000, 0x0000000083a00000|100%|HS|  |TAMS 0x0000000083a00000, 0x0000000083900000| Complete 
|  58|0x0000000083a00000, 0x0000000083b00000, 0x0000000083b00000|100%|HC|  |TAMS 0x0000000083b00000, 0x0000000083a00000| Complete 
|  59|0x0000000083b00000, 0x0000000083c00000, 0x0000000083c00000|100%| O|  |TAMS 0x0000000083c00000, 0x0000000083b00000| Untracked 
|  60|0x0000000083c00000, 0x0000000083d00000, 0x0000000083d00000|100%| O|  |TAMS 0x0000000083d00000, 0x0000000083c00000| Untracked 
|  61|0x0000000083d00000, 0x0000000083e00000, 0x0000000083e00000|100%| O|  |TAMS 0x0000000083e00000, 0x0000000083d00000| Untracked 
|  62|0x0000000083e00000, 0x0000000083f00000, 0x0000000083f00000|100%| O|  |TAMS 0x0000000083f00000, 0x0000000083e00000| Untracked 
|  63|0x0000000083f00000, 0x0000000084000000, 0x0000000084000000|100%| O|  |TAMS 0x0000000084000000, 0x0000000083f00000| Untracked 
|  64|0x0000000084000000, 0x0000000084100000, 0x0000000084100000|100%| O|  |TAMS 0x0000000084100000, 0x0000000084000000| Untracked 
|  65|0x0000000084100000, 0x0000000084200000, 0x0000000084200000|100%| O|  |TAMS 0x0000000084200000, 0x0000000084100000| Untracked 
|  66|0x0000000084200000, 0x0000000084300000, 0x0000000084300000|100%| O|  |TAMS 0x0000000084300000, 0x0000000084200000| Untracked 
|  67|0x0000000084300000, 0x0000000084400000, 0x0000000084400000|100%| O|  |TAMS 0x0000000084400000, 0x0000000084300000| Untracked 
|  68|0x0000000084400000, 0x0000000084500000, 0x0000000084500000|100%| O|  |TAMS 0x0000000084500000, 0x0000000084400000| Untracked 
|  69|0x0000000084500000, 0x0000000084600000, 0x0000000084600000|100%| O|  |TAMS 0x0000000084600000, 0x0000000084500000| Untracked 
|  70|0x0000000084600000, 0x0000000084700000, 0x0000000084700000|100%| O|  |TAMS 0x0000000084700000, 0x0000000084600000| Untracked 
|  71|0x0000000084700000, 0x0000000084800000, 0x0000000084800000|100%| O|  |TAMS 0x0000000084800000, 0x0000000084700000| Untracked 
|  72|0x0000000084800000, 0x0000000084900000, 0x0000000084900000|100%| O|  |TAMS 0x0000000084900000, 0x0000000084800000| Untracked 
|  73|0x0000000084900000, 0x0000000084a00000, 0x0000000084a00000|100%| O|  |TAMS 0x0000000084a00000, 0x0000000084900000| Untracked 
|  74|0x0000000084a00000, 0x0000000084b00000, 0x0000000084b00000|100%| O|  |TAMS 0x0000000084b00000, 0x0000000084a00000| Untracked 
|  75|0x0000000084b00000, 0x0000000084c00000, 0x0000000084c00000|100%| O|  |TAMS 0x0000000084c00000, 0x0000000084b00000| Untracked 
|  76|0x0000000084c00000, 0x0000000084d00000, 0x0000000084d00000|100%| O|  |TAMS 0x0000000084d00000, 0x0000000084c00000| Untracked 
|  77|0x0000000084d00000, 0x0000000084e00000, 0x0000000084e00000|100%| O|  |TAMS 0x0000000084e00000, 0x0000000084d00000| Untracked 
|  78|0x0000000084e00000, 0x0000000084f00000, 0x0000000084f00000|100%| O|  |TAMS 0x0000000084f00000, 0x0000000084e00000| Untracked 
|  79|0x0000000084f00000, 0x0000000085000000, 0x0000000085000000|100%| O|  |TAMS 0x0000000085000000, 0x0000000084f00000| Untracked 
|  80|0x0000000085000000, 0x0000000085100000, 0x0000000085100000|100%| O|  |TAMS 0x0000000085100000, 0x0000000085000000| Untracked 
|  81|0x0000000085100000, 0x0000000085200000, 0x0000000085200000|100%| O|  |TAMS 0x0000000085200000, 0x0000000085100000| Untracked 
|  82|0x0000000085200000, 0x0000000085300000, 0x0000000085300000|100%| O|  |TAMS 0x0000000085300000, 0x0000000085200000| Untracked 
|  83|0x0000000085300000, 0x0000000085400000, 0x0000000085400000|100%| O|  |TAMS 0x0000000085400000, 0x0000000085300000| Untracked 
|  84|0x0000000085400000, 0x0000000085500000, 0x0000000085500000|100%| O|  |TAMS 0x0000000085500000, 0x0000000085400000| Untracked 
|  85|0x0000000085500000, 0x0000000085600000, 0x0000000085600000|100%| O|  |TAMS 0x0000000085600000, 0x0000000085500000| Untracked 
|  86|0x0000000085600000, 0x0000000085700000, 0x0000000085700000|100%| O|  |TAMS 0x0000000085700000, 0x0000000085600000| Untracked 
|  87|0x0000000085700000, 0x0000000085800000, 0x0000000085800000|100%| O|  |TAMS 0x0000000085800000, 0x0000000085700000| Untracked 
|  88|0x0000000085800000, 0x0000000085900000, 0x0000000085900000|100%| O|  |TAMS 0x0000000085900000, 0x0000000085800000| Untracked 
|  89|0x0000000085900000, 0x0000000085a00000, 0x0000000085a00000|100%| O|  |TAMS 0x0000000085a00000, 0x0000000085900000| Untracked 
|  90|0x0000000085a00000, 0x0000000085b00000, 0x0000000085b00000|100%| O|  |TAMS 0x0000000085b00000, 0x0000000085a00000| Untracked 
|  91|0x0000000085b00000, 0x0000000085c00000, 0x0000000085c00000|100%| O|  |TAMS 0x0000000085c00000, 0x0000000085b00000| Untracked 
|  92|0x0000000085c00000, 0x0000000085d00000, 0x0000000085d00000|100%| O|  |TAMS 0x0000000085d00000, 0x0000000085c00000| Untracked 
|  93|0x0000000085d00000, 0x0000000085e00000, 0x0000000085e00000|100%| O|  |TAMS 0x0000000085e00000, 0x0000000085d00000| Untracked 
|  94|0x0000000085e00000, 0x0000000085f00000, 0x0000000085f00000|100%| O|  |TAMS 0x0000000085f00000, 0x0000000085e00000| Untracked 
|  95|0x0000000085f00000, 0x0000000086000000, 0x0000000086000000|100%| O|  |TAMS 0x0000000086000000, 0x0000000085f00000| Untracked 
|  96|0x0000000086000000, 0x0000000086100000, 0x0000000086100000|100%| O|  |TAMS 0x0000000086100000, 0x0000000086000000| Untracked 
|  97|0x0000000086100000, 0x0000000086200000, 0x0000000086200000|100%| O|  |TAMS 0x0000000086200000, 0x0000000086100000| Untracked 
|  98|0x0000000086200000, 0x0000000086300000, 0x0000000086300000|100%| O|  |TAMS 0x0000000086200000, 0x0000000086200000| Untracked 
|  99|0x0000000086300000, 0x0000000086400000, 0x0000000086400000|100%| O|  |TAMS 0x0000000086400000, 0x0000000086300000| Untracked 
| 100|0x0000000086400000, 0x0000000086500000, 0x0000000086500000|100%| O|  |TAMS 0x0000000086500000, 0x0000000086400000| Untracked 
| 101|0x0000000086500000, 0x0000000086600000, 0x0000000086600000|100%| O|  |TAMS 0x0000000086600000, 0x0000000086500000| Untracked 
| 102|0x0000000086600000, 0x0000000086700000, 0x0000000086700000|100%| O|  |TAMS 0x0000000086700000, 0x0000000086600000| Untracked 
| 103|0x0000000086700000, 0x0000000086800000, 0x0000000086800000|100%| O|  |TAMS 0x0000000086800000, 0x0000000086700000| Untracked 
| 104|0x0000000086800000, 0x0000000086900000, 0x0000000086900000|100%| O|  |TAMS 0x0000000086900000, 0x0000000086800000| Untracked 
| 105|0x0000000086900000, 0x0000000086a00000, 0x0000000086a00000|100%| O|  |TAMS 0x0000000086a00000, 0x0000000086900000| Untracked 
| 106|0x0000000086a00000, 0x0000000086b00000, 0x0000000086b00000|100%| O|  |TAMS 0x0000000086b00000, 0x0000000086a00000| Untracked 
| 107|0x0000000086b00000, 0x0000000086c00000, 0x0000000086c00000|100%| O|  |TAMS 0x0000000086c00000, 0x0000000086b00000| Untracked 
| 108|0x0000000086c00000, 0x0000000086d00000, 0x0000000086d00000|100%| O|  |TAMS 0x0000000086c00000, 0x0000000086c00000| Untracked 
| 109|0x0000000086d00000, 0x0000000086e00000, 0x0000000086e00000|100%| O|  |TAMS 0x0000000086d00000, 0x0000000086d00000| Untracked 
| 110|0x0000000086e00000, 0x0000000086f00000, 0x0000000086f00000|100%| O|  |TAMS 0x0000000086e00000, 0x0000000086e00000| Untracked 
| 111|0x0000000086f00000, 0x0000000087000000, 0x0000000087000000|100%| O|  |TAMS 0x0000000086f00000, 0x0000000086f00000| Untracked 
| 112|0x0000000087000000, 0x0000000087100000, 0x0000000087100000|100%| O|  |TAMS 0x0000000087100000, 0x0000000087000000| Untracked 
| 113|0x0000000087100000, 0x0000000087200000, 0x0000000087200000|100%| O|  |TAMS 0x0000000087100000, 0x0000000087100000| Untracked 
| 114|0x0000000087200000, 0x0000000087300000, 0x0000000087300000|100%| O|  |TAMS 0x0000000087200000, 0x0000000087200000| Untracked 
| 115|0x0000000087300000, 0x0000000087400000, 0x0000000087400000|100%| O|  |TAMS 0x0000000087300000, 0x0000000087300000| Untracked 
| 116|0x0000000087400000, 0x0000000087500000, 0x0000000087500000|100%| O|  |TAMS 0x0000000087400000, 0x0000000087400000| Untracked 
| 117|0x0000000087500000, 0x0000000087600000, 0x0000000087600000|100%| O|  |TAMS 0x0000000087500000, 0x0000000087500000| Untracked 
| 118|0x0000000087600000, 0x0000000087700000, 0x0000000087700000|100%| O|  |TAMS 0x0000000087700000, 0x0000000087600000| Untracked 
| 119|0x0000000087700000, 0x0000000087800000, 0x0000000087800000|100%| O|  |TAMS 0x0000000087700000, 0x0000000087700000| Untracked 
| 120|0x0000000087800000, 0x0000000087900000, 0x0000000087900000|100%| O|  |TAMS 0x0000000087800000, 0x0000000087800000| Untracked 
| 121|0x0000000087900000, 0x0000000087a00000, 0x0000000087a00000|100%| O|  |TAMS 0x0000000087900000, 0x0000000087900000| Untracked 
| 122|0x0000000087a00000, 0x0000000087b00000, 0x0000000087b00000|100%| O|  |TAMS 0x0000000087a00000, 0x0000000087a00000| Untracked 
| 123|0x0000000087b00000, 0x0000000087c00000, 0x0000000087c00000|100%| O|  |TAMS 0x0000000087b00000, 0x0000000087b00000| Untracked 
| 124|0x0000000087c00000, 0x0000000087d00000, 0x0000000087d00000|100%| O|  |TAMS 0x0000000087c00000, 0x0000000087c00000| Untracked 
| 125|0x0000000087d00000, 0x0000000087e00000, 0x0000000087e00000|100%| O|  |TAMS 0x0000000087d00000, 0x0000000087d00000| Untracked 
| 126|0x0000000087e00000, 0x0000000087f00000, 0x0000000087f00000|100%| O|  |TAMS 0x0000000087e00000, 0x0000000087e00000| Untracked 
| 127|0x0000000087f00000, 0x0000000088000000, 0x0000000088000000|100%| O|  |TAMS 0x0000000087f00000, 0x0000000087f00000| Untracked 
| 128|0x0000000088000000, 0x0000000088100000, 0x0000000088100000|100%| O|  |TAMS 0x0000000088000000, 0x0000000088000000| Untracked 
| 129|0x0000000088100000, 0x0000000088200000, 0x0000000088200000|100%| O|  |TAMS 0x0000000088100000, 0x0000000088100000| Untracked 
| 130|0x0000000088200000, 0x0000000088300000, 0x0000000088300000|100%| O|  |TAMS 0x0000000088200000, 0x0000000088200000| Untracked 
| 131|0x0000000088300000, 0x0000000088400000, 0x0000000088400000|100%| O|  |TAMS 0x0000000088300000, 0x0000000088300000| Untracked 
| 132|0x0000000088400000, 0x0000000088500000, 0x0000000088500000|100%| O|  |TAMS 0x0000000088400000, 0x0000000088400000| Untracked 
| 133|0x0000000088500000, 0x0000000088600000, 0x0000000088600000|100%| O|  |TAMS 0x0000000088500000, 0x0000000088500000| Untracked 
| 134|0x0000000088600000, 0x0000000088700000, 0x0000000088700000|100%| O|  |TAMS 0x0000000088600000, 0x0000000088600000| Untracked 
| 135|0x0000000088700000, 0x0000000088800000, 0x0000000088800000|100%|HS|  |TAMS 0x0000000088700000, 0x0000000088700000| Complete 
| 136|0x0000000088800000, 0x0000000088900000, 0x0000000088900000|100%| O|  |TAMS 0x0000000088800000, 0x0000000088800000| Untracked 
| 137|0x0000000088900000, 0x0000000088a00000, 0x0000000088a00000|100%| O|  |TAMS 0x0000000088900000, 0x0000000088900000| Untracked 
| 138|0x0000000088a00000, 0x0000000088b00000, 0x0000000088b00000|100%| O|  |TAMS 0x0000000088a00000, 0x0000000088a00000| Untracked 
| 139|0x0000000088b00000, 0x0000000088c00000, 0x0000000088c00000|100%| O|  |TAMS 0x0000000088b00000, 0x0000000088b00000| Untracked 
| 140|0x0000000088c00000, 0x0000000088d00000, 0x0000000088d00000|100%| O|  |TAMS 0x0000000088c00000, 0x0000000088c00000| Untracked 
| 141|0x0000000088d00000, 0x0000000088e00000, 0x0000000088e00000|100%|HS|  |TAMS 0x0000000088d00000, 0x0000000088d00000| Complete 
| 142|0x0000000088e00000, 0x0000000088f00000, 0x0000000088f00000|100%|HS|  |TAMS 0x0000000088e00000, 0x0000000088e00000| Complete 
| 143|0x0000000088f00000, 0x0000000089000000, 0x0000000089000000|100%|HC|  |TAMS 0x0000000088f00000, 0x0000000088f00000| Complete 
| 144|0x0000000089000000, 0x0000000089100000, 0x0000000089100000|100%|HC|  |TAMS 0x0000000089000000, 0x0000000089000000| Complete 
| 145|0x0000000089100000, 0x0000000089200000, 0x0000000089200000|100%| O|  |TAMS 0x0000000089100000, 0x0000000089100000| Untracked 
| 146|0x0000000089200000, 0x0000000089300000, 0x0000000089300000|100%| O|  |TAMS 0x0000000089200000, 0x0000000089200000| Untracked 
| 147|0x0000000089300000, 0x0000000089400000, 0x0000000089400000|100%| O|  |TAMS 0x0000000089300000, 0x0000000089300000| Untracked 
| 148|0x0000000089400000, 0x0000000089500000, 0x0000000089500000|100%| O|  |TAMS 0x0000000089400000, 0x0000000089400000| Untracked 
| 149|0x0000000089500000, 0x0000000089600000, 0x0000000089600000|100%| O|  |TAMS 0x0000000089500000, 0x0000000089500000| Untracked 
| 150|0x0000000089600000, 0x0000000089700000, 0x0000000089700000|100%| O|  |TAMS 0x0000000089600000, 0x0000000089600000| Untracked 
| 151|0x0000000089700000, 0x0000000089800000, 0x0000000089800000|100%| O|  |TAMS 0x0000000089700000, 0x0000000089700000| Untracked 
| 152|0x0000000089800000, 0x0000000089900000, 0x0000000089900000|100%| O|  |TAMS 0x0000000089800000, 0x0000000089800000| Untracked 
| 153|0x0000000089900000, 0x0000000089a00000, 0x0000000089a00000|100%| O|  |TAMS 0x0000000089900000, 0x0000000089900000| Untracked 
| 154|0x0000000089a00000, 0x0000000089b00000, 0x0000000089b00000|100%| O|  |TAMS 0x0000000089a00000, 0x0000000089a00000| Untracked 
| 155|0x0000000089b00000, 0x0000000089c00000, 0x0000000089c00000|100%| O|  |TAMS 0x0000000089b00000, 0x0000000089b00000| Untracked 
| 156|0x0000000089c00000, 0x0000000089d00000, 0x0000000089d00000|100%| O|  |TAMS 0x0000000089c00000, 0x0000000089c00000| Untracked 
| 157|0x0000000089d00000, 0x0000000089e00000, 0x0000000089e00000|100%| O|  |TAMS 0x0000000089d00000, 0x0000000089d00000| Untracked 
| 158|0x0000000089e00000, 0x0000000089f00000, 0x0000000089f00000|100%| O|  |TAMS 0x0000000089e00000, 0x0000000089e00000| Untracked 
| 159|0x0000000089f00000, 0x000000008a000000, 0x000000008a000000|100%| O|  |TAMS 0x0000000089f00000, 0x0000000089f00000| Untracked 
| 160|0x000000008a000000, 0x000000008a100000, 0x000000008a100000|100%| O|  |TAMS 0x000000008a000000, 0x000000008a000000| Untracked 
| 161|0x000000008a100000, 0x000000008a200000, 0x000000008a200000|100%| O|  |TAMS 0x000000008a100000, 0x000000008a100000| Untracked 
| 162|0x000000008a200000, 0x000000008a300000, 0x000000008a300000|100%| O|  |TAMS 0x000000008a200000, 0x000000008a200000| Untracked 
| 163|0x000000008a300000, 0x000000008a400000, 0x000000008a400000|100%| O|  |TAMS 0x000000008a300000, 0x000000008a300000| Untracked 
| 164|0x000000008a400000, 0x000000008a500000, 0x000000008a500000|100%| O|  |TAMS 0x000000008a400000, 0x000000008a400000| Untracked 
| 165|0x000000008a500000, 0x000000008a600000, 0x000000008a600000|100%| O|  |TAMS 0x000000008a500000, 0x000000008a500000| Untracked 
| 166|0x000000008a600000, 0x000000008a700000, 0x000000008a700000|100%| O|  |TAMS 0x000000008a600000, 0x000000008a600000| Untracked 
| 167|0x000000008a700000, 0x000000008a800000, 0x000000008a800000|100%| O|  |TAMS 0x000000008a700000, 0x000000008a700000| Untracked 
| 168|0x000000008a800000, 0x000000008a900000, 0x000000008a900000|100%| O|  |TAMS 0x000000008a800000, 0x000000008a800000| Untracked 
| 169|0x000000008a900000, 0x000000008aa00000, 0x000000008aa00000|100%| O|  |TAMS 0x000000008a900000, 0x000000008a900000| Untracked 
| 170|0x000000008aa00000, 0x000000008ab00000, 0x000000008ab00000|100%| O|  |TAMS 0x000000008aa00000, 0x000000008aa00000| Untracked 
| 171|0x000000008ab00000, 0x000000008ac00000, 0x000000008ac00000|100%| O|  |TAMS 0x000000008ab00000, 0x000000008ab00000| Untracked 
| 172|0x000000008ac00000, 0x000000008ad00000, 0x000000008ad00000|100%| O|  |TAMS 0x000000008ac00000, 0x000000008ac00000| Untracked 
| 173|0x000000008ad00000, 0x000000008ae00000, 0x000000008ae00000|100%| O|  |TAMS 0x000000008ad00000, 0x000000008ad00000| Untracked 
| 174|0x000000008ae00000, 0x000000008af00000, 0x000000008af00000|100%| O|  |TAMS 0x000000008ae00000, 0x000000008ae00000| Untracked 
| 175|0x000000008af00000, 0x000000008b000000, 0x000000008b000000|100%| O|  |TAMS 0x000000008af00000, 0x000000008af00000| Untracked 
| 176|0x000000008b000000, 0x000000008b100000, 0x000000008b100000|100%| O|  |TAMS 0x000000008b000000, 0x000000008b000000| Untracked 
| 177|0x000000008b100000, 0x000000008b200000, 0x000000008b200000|100%| O|  |TAMS 0x000000008b100000, 0x000000008b100000| Untracked 
| 178|0x000000008b200000, 0x000000008b300000, 0x000000008b300000|100%|HS|  |TAMS 0x000000008b200000, 0x000000008b200000| Complete 
| 179|0x000000008b300000, 0x000000008b400000, 0x000000008b400000|100%|HS|  |TAMS 0x000000008b300000, 0x000000008b300000| Complete 
| 180|0x000000008b400000, 0x000000008b500000, 0x000000008b500000|100%|HS|  |TAMS 0x000000008b400000, 0x000000008b400000| Complete 
| 181|0x000000008b500000, 0x000000008b600000, 0x000000008b600000|100%|HS|  |TAMS 0x000000008b500000, 0x000000008b500000| Complete 
| 182|0x000000008b600000, 0x000000008b700000, 0x000000008b700000|100%|HC|  |TAMS 0x000000008b600000, 0x000000008b600000| Complete 
| 183|0x000000008b700000, 0x000000008b800000, 0x000000008b800000|100%|HS|  |TAMS 0x000000008b700000, 0x000000008b700000| Complete 
| 184|0x000000008b800000, 0x000000008b900000, 0x000000008b900000|100%|HS|  |TAMS 0x000000008b800000, 0x000000008b800000| Complete 
| 185|0x000000008b900000, 0x000000008ba00000, 0x000000008ba00000|100%|HC|  |TAMS 0x000000008b900000, 0x000000008b900000| Complete 
| 186|0x000000008ba00000, 0x000000008bb00000, 0x000000008bb00000|100%|HS|  |TAMS 0x000000008ba00000, 0x000000008ba00000| Complete 
| 187|0x000000008bb00000, 0x000000008bc00000, 0x000000008bc00000|100%|HC|  |TAMS 0x000000008bb00000, 0x000000008bb00000| Complete 
| 188|0x000000008bc00000, 0x000000008bd00000, 0x000000008bd00000|100%| O|  |TAMS 0x000000008bc00000, 0x000000008bc00000| Untracked 
| 189|0x000000008bd00000, 0x000000008be00000, 0x000000008be00000|100%| O|  |TAMS 0x000000008bd00000, 0x000000008bd00000| Untracked 
| 190|0x000000008be00000, 0x000000008bf00000, 0x000000008bf00000|100%| O|  |TAMS 0x000000008be00000, 0x000000008be00000| Untracked 
| 191|0x000000008bf00000, 0x000000008c000000, 0x000000008c000000|100%| O|  |TAMS 0x000000008bf00000, 0x000000008bf00000| Untracked 
| 192|0x000000008c000000, 0x000000008c100000, 0x000000008c100000|100%| O|  |TAMS 0x000000008c000000, 0x000000008c000000| Untracked 
| 193|0x000000008c100000, 0x000000008c200000, 0x000000008c200000|100%| O|  |TAMS 0x000000008c100000, 0x000000008c100000| Untracked 
| 194|0x000000008c200000, 0x000000008c300000, 0x000000008c300000|100%| O|  |TAMS 0x000000008c200000, 0x000000008c200000| Untracked 
| 195|0x000000008c300000, 0x000000008c400000, 0x000000008c400000|100%| O|  |TAMS 0x000000008c300000, 0x000000008c300000| Untracked 
| 196|0x000000008c400000, 0x000000008c500000, 0x000000008c500000|100%| O|  |TAMS 0x000000008c400000, 0x000000008c400000| Untracked 
| 197|0x000000008c500000, 0x000000008c600000, 0x000000008c600000|100%| O|  |TAMS 0x000000008c500000, 0x000000008c500000| Untracked 
| 198|0x000000008c600000, 0x000000008c700000, 0x000000008c700000|100%| O|  |TAMS 0x000000008c600000, 0x000000008c600000| Untracked 
| 199|0x000000008c700000, 0x000000008c800000, 0x000000008c800000|100%| O|  |TAMS 0x000000008c700000, 0x000000008c700000| Untracked 
| 200|0x000000008c800000, 0x000000008c900000, 0x000000008c900000|100%| O|  |TAMS 0x000000008c800000, 0x000000008c800000| Untracked 
| 201|0x000000008c900000, 0x000000008c900000, 0x000000008ca00000|  0%| F|  |TAMS 0x000000008c900000, 0x000000008c900000| Untracked 
| 202|0x000000008ca00000, 0x000000008ca00000, 0x000000008cb00000|  0%| F|  |TAMS 0x000000008ca00000, 0x000000008ca00000| Untracked 
| 203|0x000000008cb00000, 0x000000008cb00000, 0x000000008cc00000|  0%| F|  |TAMS 0x000000008cb00000, 0x000000008cb00000| Untracked 
| 204|0x000000008cc00000, 0x000000008cd00000, 0x000000008cd00000|100%| E|CS|TAMS 0x000000008cc00000, 0x000000008cc00000| Complete 
| 205|0x000000008cd00000, 0x000000008ce00000, 0x000000008ce00000|100%| E|CS|TAMS 0x000000008cd00000, 0x000000008cd00000| Complete 
| 206|0x000000008ce00000, 0x000000008cf00000, 0x000000008cf00000|100%| E|CS|TAMS 0x000000008ce00000, 0x000000008ce00000| Complete 
| 207|0x000000008cf00000, 0x000000008d000000, 0x000000008d000000|100%| E|CS|TAMS 0x000000008cf00000, 0x000000008cf00000| Complete 
| 208|0x000000008d000000, 0x000000008d100000, 0x000000008d100000|100%| E|CS|TAMS 0x000000008d000000, 0x000000008d000000| Complete 
| 209|0x000000008d100000, 0x000000008d200000, 0x000000008d200000|100%| E|CS|TAMS 0x000000008d100000, 0x000000008d100000| Complete 
| 210|0x000000008d200000, 0x000000008d300000, 0x000000008d300000|100%| E|CS|TAMS 0x000000008d200000, 0x000000008d200000| Complete 
| 211|0x000000008d300000, 0x000000008d300000, 0x000000008d400000|  0%| F|  |TAMS 0x000000008d300000, 0x000000008d300000| Untracked 
| 212|0x000000008d400000, 0x000000008d400000, 0x000000008d500000|  0%| F|  |TAMS 0x000000008d400000, 0x000000008d400000| Untracked 
| 213|0x000000008d500000, 0x000000008d500000, 0x000000008d600000|  0%| F|  |TAMS 0x000000008d500000, 0x000000008d500000| Untracked 
| 214|0x000000008d600000, 0x000000008d600000, 0x000000008d700000|  0%| F|  |TAMS 0x000000008d600000, 0x000000008d600000| Untracked 
| 215|0x000000008d700000, 0x000000008d700000, 0x000000008d800000|  0%| F|  |TAMS 0x000000008d700000, 0x000000008d700000| Untracked 
| 216|0x000000008d800000, 0x000000008d800000, 0x000000008d900000|  0%| F|  |TAMS 0x000000008d800000, 0x000000008d800000| Untracked 
| 217|0x000000008d900000, 0x000000008d900000, 0x000000008da00000|  0%| F|  |TAMS 0x000000008d900000, 0x000000008d900000| Untracked 
| 218|0x000000008da00000, 0x000000008da00000, 0x000000008db00000|  0%| F|  |TAMS 0x000000008da00000, 0x000000008da00000| Untracked 
| 219|0x000000008db00000, 0x000000008db00000, 0x000000008dc00000|  0%| F|  |TAMS 0x000000008db00000, 0x000000008db00000| Untracked 
| 220|0x000000008dc00000, 0x000000008dd00000, 0x000000008dd00000|100%| E|CS|TAMS 0x000000008dc00000, 0x000000008dc00000| Complete 
| 221|0x000000008dd00000, 0x000000008de00000, 0x000000008de00000|100%| E|CS|TAMS 0x000000008dd00000, 0x000000008dd00000| Complete 
| 222|0x000000008de00000, 0x000000008df00000, 0x000000008df00000|100%| E|CS|TAMS 0x000000008de00000, 0x000000008de00000| Complete 
| 223|0x000000008df00000, 0x000000008e000000, 0x000000008e000000|100%| E|CS|TAMS 0x000000008df00000, 0x000000008df00000| Complete 
| 224|0x000000008e000000, 0x000000008e100000, 0x000000008e100000|100%| E|CS|TAMS 0x000000008e000000, 0x000000008e000000| Complete 
| 225|0x000000008e100000, 0x000000008e200000, 0x000000008e200000|100%| E|CS|TAMS 0x000000008e100000, 0x000000008e100000| Complete 
| 226|0x000000008e200000, 0x000000008e300000, 0x000000008e300000|100%| E|CS|TAMS 0x000000008e200000, 0x000000008e200000| Complete 
| 227|0x000000008e300000, 0x000000008e300000, 0x000000008e400000|  0%| F|  |TAMS 0x000000008e300000, 0x000000008e300000| Untracked 
| 228|0x000000008e400000, 0x000000008e400000, 0x000000008e500000|  0%| F|  |TAMS 0x000000008e400000, 0x000000008e400000| Untracked 
| 229|0x000000008e500000, 0x000000008e500000, 0x000000008e600000|  0%| F|  |TAMS 0x000000008e500000, 0x000000008e500000| Untracked 
| 230|0x000000008e600000, 0x000000008e600000, 0x000000008e700000|  0%| F|  |TAMS 0x000000008e600000, 0x000000008e600000| Untracked 
| 231|0x000000008e700000, 0x000000008e700000, 0x000000008e800000|  0%| F|  |TAMS 0x000000008e700000, 0x000000008e700000| Untracked 
| 232|0x000000008e800000, 0x000000008e800000, 0x000000008e900000|  0%| F|  |TAMS 0x000000008e800000, 0x000000008e800000| Untracked 
| 233|0x000000008e900000, 0x000000008e900000, 0x000000008ea00000|  0%| F|  |TAMS 0x000000008e900000, 0x000000008e900000| Untracked 
| 234|0x000000008ea00000, 0x000000008ea00000, 0x000000008eb00000|  0%| F|  |TAMS 0x000000008ea00000, 0x000000008ea00000| Untracked 
| 235|0x000000008eb00000, 0x000000008eb00000, 0x000000008ec00000|  0%| F|  |TAMS 0x000000008eb00000, 0x000000008eb00000| Untracked 
| 236|0x000000008ec00000, 0x000000008ec00000, 0x000000008ed00000|  0%| F|  |TAMS 0x000000008ec00000, 0x000000008ec00000| Untracked 
| 237|0x000000008ed00000, 0x000000008ed00000, 0x000000008ee00000|  0%| F|  |TAMS 0x000000008ed00000, 0x000000008ed00000| Untracked 
| 238|0x000000008ee00000, 0x000000008ee00000, 0x000000008ef00000|  0%| F|  |TAMS 0x000000008ee00000, 0x000000008ee00000| Untracked 
| 239|0x000000008ef00000, 0x000000008ef00000, 0x000000008f000000|  0%| F|  |TAMS 0x000000008ef00000, 0x000000008ef00000| Untracked 
| 240|0x000000008f000000, 0x000000008f000000, 0x000000008f100000|  0%| F|  |TAMS 0x000000008f000000, 0x000000008f000000| Untracked 
| 241|0x000000008f100000, 0x000000008f100000, 0x000000008f200000|  0%| F|  |TAMS 0x000000008f100000, 0x000000008f100000| Untracked 
| 242|0x000000008f200000, 0x000000008f200000, 0x000000008f300000|  0%| F|  |TAMS 0x000000008f200000, 0x000000008f200000| Untracked 
| 243|0x000000008f300000, 0x000000008f300000, 0x000000008f400000|  0%| F|  |TAMS 0x000000008f300000, 0x000000008f300000| Untracked 
| 244|0x000000008f400000, 0x000000008f400000, 0x000000008f500000|  0%| F|  |TAMS 0x000000008f400000, 0x000000008f400000| Untracked 
| 245|0x000000008f500000, 0x000000008f500000, 0x000000008f600000|  0%| F|  |TAMS 0x000000008f500000, 0x000000008f500000| Untracked 
| 246|0x000000008f600000, 0x000000008f600000, 0x000000008f700000|  0%| F|  |TAMS 0x000000008f600000, 0x000000008f600000| Untracked 
| 247|0x000000008f700000, 0x000000008f800000, 0x000000008f800000|100%| S|  |TAMS 0x000000008f700000, 0x000000008f700000| Complete 
| 248|0x000000008f800000, 0x000000008f900000, 0x000000008f900000|100%| S|  |TAMS 0x000000008f800000, 0x000000008f800000| Complete 
| 249|0x000000008f900000, 0x000000008fa00000, 0x000000008fa00000|100%| S|  |TAMS 0x000000008f900000, 0x000000008f900000| Complete 
| 250|0x000000008fa00000, 0x000000008fb00000, 0x000000008fb00000|100%| S|  |TAMS 0x000000008fa00000, 0x000000008fa00000| Complete 
| 251|0x000000008fb00000, 0x000000008fc00000, 0x000000008fc00000|100%| S|  |TAMS 0x000000008fb00000, 0x000000008fb00000| Complete 
| 252|0x000000008fc00000, 0x000000008fd00000, 0x000000008fd00000|100%| E|CS|TAMS 0x000000008fc00000, 0x000000008fc00000| Complete 
| 253|0x000000008fd00000, 0x000000008fe00000, 0x000000008fe00000|100%| E|CS|TAMS 0x000000008fd00000, 0x000000008fd00000| Complete 
| 254|0x000000008fe00000, 0x000000008ff00000, 0x000000008ff00000|100%| E|CS|TAMS 0x000000008fe00000, 0x000000008fe00000| Complete 
| 255|0x000000008ff00000, 0x0000000090000000, 0x0000000090000000|100%| E|CS|TAMS 0x000000008ff00000, 0x000000008ff00000| Complete 
| 256|0x0000000090000000, 0x0000000090100000, 0x0000000090100000|100%| E|CS|TAMS 0x0000000090000000, 0x0000000090000000| Complete 
| 257|0x0000000090100000, 0x0000000090200000, 0x0000000090200000|100%| E|CS|TAMS 0x0000000090100000, 0x0000000090100000| Complete 
| 258|0x0000000090200000, 0x0000000090300000, 0x0000000090300000|100%| E|CS|TAMS 0x0000000090200000, 0x0000000090200000| Complete 
| 259|0x0000000090300000, 0x0000000090400000, 0x0000000090400000|100%| E|CS|TAMS 0x0000000090300000, 0x0000000090300000| Complete 
| 260|0x0000000090400000, 0x0000000090500000, 0x0000000090500000|100%| E|CS|TAMS 0x0000000090400000, 0x0000000090400000| Complete 
| 261|0x0000000090500000, 0x0000000090600000, 0x0000000090600000|100%| E|CS|TAMS 0x0000000090500000, 0x0000000090500000| Complete 
| 262|0x0000000090600000, 0x0000000090700000, 0x0000000090700000|100%| E|CS|TAMS 0x0000000090600000, 0x0000000090600000| Complete 
| 263|0x0000000090700000, 0x0000000090800000, 0x0000000090800000|100%| E|CS|TAMS 0x0000000090700000, 0x0000000090700000| Complete 
| 264|0x0000000090800000, 0x0000000090900000, 0x0000000090900000|100%| E|CS|TAMS 0x0000000090800000, 0x0000000090800000| Complete 
| 265|0x0000000090900000, 0x0000000090a00000, 0x0000000090a00000|100%| E|CS|TAMS 0x0000000090900000, 0x0000000090900000| Complete 
| 266|0x0000000090a00000, 0x0000000090b00000, 0x0000000090b00000|100%| E|CS|TAMS 0x0000000090a00000, 0x0000000090a00000| Complete 
| 267|0x0000000090b00000, 0x0000000090c00000, 0x0000000090c00000|100%| E|CS|TAMS 0x0000000090b00000, 0x0000000090b00000| Complete 
| 268|0x0000000090c00000, 0x0000000090d00000, 0x0000000090d00000|100%| E|CS|TAMS 0x0000000090c00000, 0x0000000090c00000| Complete 
| 269|0x0000000090d00000, 0x0000000090e00000, 0x0000000090e00000|100%| E|CS|TAMS 0x0000000090d00000, 0x0000000090d00000| Complete 
| 270|0x0000000090e00000, 0x0000000090f00000, 0x0000000090f00000|100%| E|CS|TAMS 0x0000000090e00000, 0x0000000090e00000| Complete 
| 271|0x0000000090f00000, 0x0000000091000000, 0x0000000091000000|100%| E|CS|TAMS 0x0000000090f00000, 0x0000000090f00000| Complete 
| 272|0x0000000091000000, 0x0000000091100000, 0x0000000091100000|100%| E|CS|TAMS 0x0000000091000000, 0x0000000091000000| Complete 
| 273|0x0000000091100000, 0x0000000091200000, 0x0000000091200000|100%| E|CS|TAMS 0x0000000091100000, 0x0000000091100000| Complete 
| 274|0x0000000091200000, 0x0000000091300000, 0x0000000091300000|100%| E|CS|TAMS 0x0000000091200000, 0x0000000091200000| Complete 
| 275|0x0000000091300000, 0x0000000091400000, 0x0000000091400000|100%| E|CS|TAMS 0x0000000091300000, 0x0000000091300000| Complete 
| 276|0x0000000091400000, 0x0000000091500000, 0x0000000091500000|100%| E|CS|TAMS 0x0000000091400000, 0x0000000091400000| Complete 
| 277|0x0000000091500000, 0x0000000091600000, 0x0000000091600000|100%| E|CS|TAMS 0x0000000091500000, 0x0000000091500000| Complete 
| 278|0x0000000091600000, 0x0000000091700000, 0x0000000091700000|100%| E|CS|TAMS 0x0000000091600000, 0x0000000091600000| Complete 
| 279|0x0000000091700000, 0x0000000091800000, 0x0000000091800000|100%| E|CS|TAMS 0x0000000091700000, 0x0000000091700000| Complete 
| 280|0x0000000091800000, 0x0000000091900000, 0x0000000091900000|100%| E|CS|TAMS 0x0000000091800000, 0x0000000091800000| Complete 
| 281|0x0000000091900000, 0x0000000091a00000, 0x0000000091a00000|100%| E|CS|TAMS 0x0000000091900000, 0x0000000091900000| Complete 
| 282|0x0000000091a00000, 0x0000000091b00000, 0x0000000091b00000|100%| E|CS|TAMS 0x0000000091a00000, 0x0000000091a00000| Complete 
| 283|0x0000000091b00000, 0x0000000091c00000, 0x0000000091c00000|100%| E|CS|TAMS 0x0000000091b00000, 0x0000000091b00000| Complete 
| 284|0x0000000091c00000, 0x0000000091d00000, 0x0000000091d00000|100%| E|CS|TAMS 0x0000000091c00000, 0x0000000091c00000| Complete 
| 285|0x0000000091d00000, 0x0000000091e00000, 0x0000000091e00000|100%| E|CS|TAMS 0x0000000091d00000, 0x0000000091d00000| Complete 
| 286|0x0000000091e00000, 0x0000000091f00000, 0x0000000091f00000|100%| E|CS|TAMS 0x0000000091e00000, 0x0000000091e00000| Complete 
| 287|0x0000000091f00000, 0x0000000092000000, 0x0000000092000000|100%| E|CS|TAMS 0x0000000091f00000, 0x0000000091f00000| Complete 
| 288|0x0000000092000000, 0x0000000092100000, 0x0000000092100000|100%| E|CS|TAMS 0x0000000092000000, 0x0000000092000000| Complete 
| 289|0x0000000092100000, 0x0000000092200000, 0x0000000092200000|100%| E|CS|TAMS 0x0000000092100000, 0x0000000092100000| Complete 
| 290|0x0000000092200000, 0x0000000092300000, 0x0000000092300000|100%| E|CS|TAMS 0x0000000092200000, 0x0000000092200000| Complete 
| 291|0x0000000092300000, 0x0000000092400000, 0x0000000092400000|100%| E|CS|TAMS 0x0000000092300000, 0x0000000092300000| Complete 
| 292|0x0000000092400000, 0x0000000092500000, 0x0000000092500000|100%| E|CS|TAMS 0x0000000092400000, 0x0000000092400000| Complete 
| 293|0x0000000092500000, 0x0000000092600000, 0x0000000092600000|100%| E|CS|TAMS 0x0000000092500000, 0x0000000092500000| Complete 
| 294|0x0000000092600000, 0x0000000092700000, 0x0000000092700000|100%| E|CS|TAMS 0x0000000092600000, 0x0000000092600000| Complete 
| 295|0x0000000092700000, 0x0000000092800000, 0x0000000092800000|100%| E|CS|TAMS 0x0000000092700000, 0x0000000092700000| Complete 
| 296|0x0000000092800000, 0x0000000092900000, 0x0000000092900000|100%| E|CS|TAMS 0x0000000092800000, 0x0000000092800000| Complete 
| 297|0x0000000092900000, 0x0000000092a00000, 0x0000000092a00000|100%| E|CS|TAMS 0x0000000092900000, 0x0000000092900000| Complete 
| 298|0x0000000092a00000, 0x0000000092b00000, 0x0000000092b00000|100%| E|CS|TAMS 0x0000000092a00000, 0x0000000092a00000| Complete 
| 299|0x0000000092b00000, 0x0000000092c00000, 0x0000000092c00000|100%| E|CS|TAMS 0x0000000092b00000, 0x0000000092b00000| Complete 
| 300|0x0000000092c00000, 0x0000000092d00000, 0x0000000092d00000|100%| E|CS|TAMS 0x0000000092c00000, 0x0000000092c00000| Complete 
| 301|0x0000000092d00000, 0x0000000092e00000, 0x0000000092e00000|100%| E|CS|TAMS 0x0000000092d00000, 0x0000000092d00000| Complete 
| 302|0x0000000092e00000, 0x0000000092f00000, 0x0000000092f00000|100%| E|CS|TAMS 0x0000000092e00000, 0x0000000092e00000| Complete 
| 303|0x0000000092f00000, 0x0000000093000000, 0x0000000093000000|100%| E|CS|TAMS 0x0000000092f00000, 0x0000000092f00000| Complete 
| 304|0x0000000093000000, 0x0000000093100000, 0x0000000093100000|100%| E|CS|TAMS 0x0000000093000000, 0x0000000093000000| Complete 
| 305|0x0000000093100000, 0x0000000093200000, 0x0000000093200000|100%| E|CS|TAMS 0x0000000093100000, 0x0000000093100000| Complete 
| 306|0x0000000093200000, 0x0000000093300000, 0x0000000093300000|100%| E|CS|TAMS 0x0000000093200000, 0x0000000093200000| Complete 
| 307|0x0000000093300000, 0x0000000093400000, 0x0000000093400000|100%| E|CS|TAMS 0x0000000093300000, 0x0000000093300000| Complete 
| 308|0x0000000093400000, 0x0000000093500000, 0x0000000093500000|100%| E|CS|TAMS 0x0000000093400000, 0x0000000093400000| Complete 
| 309|0x0000000093500000, 0x0000000093600000, 0x0000000093600000|100%| E|CS|TAMS 0x0000000093500000, 0x0000000093500000| Complete 
| 310|0x0000000093600000, 0x0000000093700000, 0x0000000093700000|100%| E|CS|TAMS 0x0000000093600000, 0x0000000093600000| Complete 
| 311|0x0000000093700000, 0x0000000093800000, 0x0000000093800000|100%| E|CS|TAMS 0x0000000093700000, 0x0000000093700000| Complete 
| 312|0x0000000093800000, 0x0000000093900000, 0x0000000093900000|100%| E|CS|TAMS 0x0000000093800000, 0x0000000093800000| Complete 
| 313|0x0000000093900000, 0x0000000093a00000, 0x0000000093a00000|100%| E|CS|TAMS 0x0000000093900000, 0x0000000093900000| Complete 
| 314|0x0000000093a00000, 0x0000000093b00000, 0x0000000093b00000|100%| E|CS|TAMS 0x0000000093a00000, 0x0000000093a00000| Complete 
| 315|0x0000000093b00000, 0x0000000093c00000, 0x0000000093c00000|100%| E|CS|TAMS 0x0000000093b00000, 0x0000000093b00000| Complete 
| 316|0x0000000093c00000, 0x0000000093d00000, 0x0000000093d00000|100%| E|CS|TAMS 0x0000000093c00000, 0x0000000093c00000| Complete 
| 317|0x0000000093d00000, 0x0000000093e00000, 0x0000000093e00000|100%| E|CS|TAMS 0x0000000093d00000, 0x0000000093d00000| Complete 
| 318|0x0000000093e00000, 0x0000000093f00000, 0x0000000093f00000|100%| E|CS|TAMS 0x0000000093e00000, 0x0000000093e00000| Complete 
| 319|0x0000000093f00000, 0x0000000094000000, 0x0000000094000000|100%| E|CS|TAMS 0x0000000093f00000, 0x0000000093f00000| Complete 
| 320|0x0000000094000000, 0x0000000094100000, 0x0000000094100000|100%| E|CS|TAMS 0x0000000094000000, 0x0000000094000000| Complete 
| 321|0x0000000094100000, 0x0000000094200000, 0x0000000094200000|100%| E|CS|TAMS 0x0000000094100000, 0x0000000094100000| Complete 
| 322|0x0000000094200000, 0x0000000094300000, 0x0000000094300000|100%| E|CS|TAMS 0x0000000094200000, 0x0000000094200000| Complete 
| 323|0x0000000094300000, 0x0000000094400000, 0x0000000094400000|100%| E|CS|TAMS 0x0000000094300000, 0x0000000094300000| Complete 
| 324|0x0000000094400000, 0x0000000094500000, 0x0000000094500000|100%| E|CS|TAMS 0x0000000094400000, 0x0000000094400000| Complete 
| 325|0x0000000094500000, 0x0000000094600000, 0x0000000094600000|100%| E|CS|TAMS 0x0000000094500000, 0x0000000094500000| Complete 
| 326|0x0000000094600000, 0x0000000094700000, 0x0000000094700000|100%| E|CS|TAMS 0x0000000094600000, 0x0000000094600000| Complete 

Card table byte_map: [0x000002077cbe0000,0x000002077cfe0000] _byte_map_base: 0x000002077c7e0000

Marking Bits (Prev, Next): (CMBitMap*) 0x0000020778d39a48, (CMBitMap*) 0x0000020778d39a80
 Prev Bits: [0x000002077d3e0000, 0x000002077f3e0000)
 Next Bits: [0x000002070f000000, 0x0000020711000000)

Polling page: 0x0000020776bc0000

Metaspace:

Usage:
  Non-class:    130.24 MB capacity,   127.43 MB ( 98%) used,     2.33 MB (  2%) free+waste,   495.13 KB ( <1%) overhead. 
      Class:     19.34 MB capacity,    17.81 MB ( 92%) used,     1.32 MB (  7%) free+waste,   216.25 KB (  1%) overhead. 
       Both:    149.58 MB capacity,   145.24 MB ( 97%) used,     3.64 MB (  2%) free+waste,   711.38 KB ( <1%) overhead. 

Virtual space:
  Non-class space:      132.00 MB reserved,     130.37 MB ( 99%) committed 
      Class space:        1.00 GB reserved,      19.38 MB (  2%) committed 
             Both:        1.13 GB reserved,     149.75 MB ( 13%) committed 

Chunk freelists:
   Non-Class:  9.00 KB
       Class:  2.00 KB
        Both:  11.00 KB

MaxMetaspaceSize: 17179869184.00 GB
CompressedClassSpaceSize: 1.00 GB

CodeHeap 'non-profiled nmethods': size=120064Kb used=17095Kb max_used=17095Kb free=102968Kb
 bounds [0x0000020707ac0000, 0x0000020708b80000, 0x000002070f000000]
CodeHeap 'profiled nmethods': size=120000Kb used=57551Kb max_used=57551Kb free=62449Kb
 bounds [0x0000020700590000, 0x0000020703df0000, 0x0000020707ac0000]
CodeHeap 'non-nmethods': size=5696Kb used=2384Kb max_used=2473Kb free=3311Kb
 bounds [0x0000020700000000, 0x0000020700280000, 0x0000020700590000]
 total_blobs=25088 nmethods=24062 adapters=937
 compilation: enabled
              stopped_count=0, restarted_count=0
 full_count=0

Compilation events (20 events):
Event: 674.244 Thread 0x000002077f5dd800 27434       2       com.android.aaptcompiler.android.ResourceTypesKt::parseUnitType (46 bytes)
Event: 674.245 Thread 0x000002077f5dd800 nmethod 27434 0x0000020703de2f90 code [0x0000020703de3160, 0x0000020703de3478]
Event: 674.245 Thread 0x000002077f5dd800 27435       2       com.android.aaptcompiler.FloatParsingKt::parseFloat (82 bytes)
Event: 674.246 Thread 0x000002077f5dd800 nmethod 27435 0x0000020703de3690 code [0x0000020703de38e0, 0x0000020703de3d28]
Event: 674.247 Thread 0x000002077f5dd800 27436       2       kotlin.text.StringsKt__StringsKt::indexOf$StringsKt__StringsKt$default (23 bytes)
Event: 674.247 Thread 0x000002077f5dd800 nmethod 27436 0x0000020703de4090 code [0x0000020703de4240, 0x0000020703de4348]
Event: 674.247 Thread 0x000002077f5dd800 27437       2       kotlin.text.StringsKt__StringsKt::indexOf$StringsKt__StringsKt (231 bytes)
Event: 674.249 Thread 0x000002077f5dd800 nmethod 27437 0x0000020703de4410 code [0x0000020703de46a0, 0x0000020703de4ed8]
Event: 674.251 Thread 0x000002077f5dd800 27438       2       kotlin.text.StringsKt__StringsJVMKt::startsWith (38 bytes)
Event: 674.252 Thread 0x000002077f5dd800 nmethod 27438 0x0000020703de5390 code [0x0000020703de55e0, 0x0000020703de5ab8]
Event: 674.271 Thread 0x000002077f5dd800 27439 %     3       com.android.aaptcompiler.StringPool::encodeString @ 197 (398 bytes)
Event: 674.275 Thread 0x000002077f5dd800 nmethod 27439% 0x0000020703de5e10 code [0x0000020703de6200, 0x0000020703de7e58]
Event: 674.275 Thread 0x000002077f5dd800 27440       3       com.android.aaptcompiler.StringPool::encodeString (398 bytes)
Event: 674.279 Thread 0x000002077f5dd800 nmethod 27440 0x0000020703de8990 code [0x0000020703de8d80, 0x0000020703dea8d8]
Event: 674.289 Thread 0x000002077f5dd800 27441       2       com.android.aaptcompiler.ResourceName::equals (68 bytes)
Event: 674.290 Thread 0x000002077f5dd800 nmethod 27441 0x0000020703deb410 code [0x0000020703deb5e0, 0x0000020703deb8b8]
Event: 674.326 Thread 0x000002077f5dd800 27442       2       kotlin.text.StringsKt__StringsKt::removeSurrounding (113 bytes)
Event: 674.328 Thread 0x000002077f5dd800 nmethod 27442 0x0000020703deba10 code [0x0000020703debd00, 0x0000020703dec498]
Event: 674.332 Thread 0x000002077f5dd800 27443       2       com.android.aaptcompiler.RawString::<init> (16 bytes)
Event: 674.333 Thread 0x000002077f5dd800 nmethod 27443 0x0000020703deca10 code [0x0000020703decc20, 0x0000020703decff8]

GC Heap History (20 events):
Event: 333.852 GC heap after
{Heap after GC invocations=162 (full 0):
 garbage-first heap   total 334848K, used 141588K [0x0000000080000000, 0x0000000100000000)
  region size 1024K, 7 young (7168K), 7 survivors (7168K)
 Metaspace       used 142743K, capacity 146627K, committed 146940K, reserved 1177600K
  class space    used 17575K, capacity 18955K, committed 19072K, reserved 1048576K
}
Event: 335.425 GC heap before
{Heap before GC invocations=162 (full 0):
 garbage-first heap   total 334848K, used 286996K [0x0000000080000000, 0x0000000100000000)
  region size 1024K, 148 young (151552K), 7 survivors (7168K)
 Metaspace       used 142762K, capacity 146639K, committed 146940K, reserved 1177600K
  class space    used 17577K, capacity 18959K, committed 19072K, reserved 1048576K
}
Event: 335.467 GC heap after
{Heap after GC invocations=163 (full 0):
 garbage-first heap   total 334848K, used 145684K [0x0000000080000000, 0x0000000100000000)
  region size 1024K, 11 young (11264K), 11 survivors (11264K)
 Metaspace       used 142762K, capacity 146639K, committed 146940K, reserved 1177600K
  class space    used 17577K, capacity 18959K, committed 19072K, reserved 1048576K
}
Event: 336.951 GC heap before
{Heap before GC invocations=163 (full 0):
 garbage-first heap   total 334848K, used 285972K [0x0000000080000000, 0x0000000100000000)
  region size 1024K, 148 young (151552K), 11 survivors (11264K)
 Metaspace       used 142771K, capacity 146639K, committed 146940K, reserved 1177600K
  class space    used 17577K, capacity 18959K, committed 19072K, reserved 1048576K
}
Event: 336.986 GC heap after
{Heap after GC invocations=164 (full 0):
 garbage-first heap   total 334848K, used 144290K [0x0000000080000000, 0x0000000100000000)
  region size 1024K, 9 young (9216K), 9 survivors (9216K)
 Metaspace       used 142771K, capacity 146639K, committed 146940K, reserved 1177600K
  class space    used 17577K, capacity 18959K, committed 19072K, reserved 1048576K
}
Event: 338.678 GC heap before
{Heap before GC invocations=164 (full 0):
 garbage-first heap   total 334848K, used 286626K [0x0000000080000000, 0x0000000100000000)
  region size 1024K, 148 young (151552K), 9 survivors (9216K)
 Metaspace       used 142773K, capacity 146639K, committed 146940K, reserved 1177600K
  class space    used 17577K, capacity 18959K, committed 19072K, reserved 1048576K
}
Event: 338.705 GC heap after
{Heap after GC invocations=165 (full 0):
 garbage-first heap   total 334848K, used 144290K [0x0000000080000000, 0x0000000100000000)
  region size 1024K, 9 young (9216K), 9 survivors (9216K)
 Metaspace       used 142773K, capacity 146639K, committed 146940K, reserved 1177600K
  class space    used 17577K, capacity 18959K, committed 19072K, reserved 1048576K
}
Event: 340.266 GC heap before
{Heap before GC invocations=165 (full 0):
 garbage-first heap   total 334848K, used 287650K [0x0000000080000000, 0x0000000100000000)
  region size 1024K, 149 young (152576K), 9 survivors (9216K)
 Metaspace       used 142780K, capacity 146639K, committed 146940K, reserved 1177600K
  class space    used 17577K, capacity 18959K, committed 19072K, reserved 1048576K
}
Event: 340.293 GC heap after
{Heap after GC invocations=166 (full 0):
 garbage-first heap   total 334848K, used 144551K [0x0000000080000000, 0x0000000100000000)
  region size 1024K, 8 young (8192K), 8 survivors (8192K)
 Metaspace       used 142780K, capacity 146639K, committed 146940K, reserved 1177600K
  class space    used 17577K, capacity 18959K, committed 19072K, reserved 1048576K
}
Event: 342.325 GC heap before
{Heap before GC invocations=166 (full 0):
 garbage-first heap   total 334848K, used 288935K [0x0000000080000000, 0x0000000100000000)
  region size 1024K, 149 young (152576K), 8 survivors (8192K)
 Metaspace       used 142781K, capacity 146639K, committed 146940K, reserved 1177600K
  class space    used 17577K, capacity 18959K, committed 19072K, reserved 1048576K
}
Event: 342.357 GC heap after
{Heap after GC invocations=167 (full 0):
 garbage-first heap   total 334848K, used 145196K [0x0000000080000000, 0x0000000100000000)
  region size 1024K, 8 young (8192K), 8 survivors (8192K)
 Metaspace       used 142781K, capacity 146639K, committed 146940K, reserved 1177600K
  class space    used 17577K, capacity 18959K, committed 19072K, reserved 1048576K
}
Event: 346.630 GC heap before
{Heap before GC invocations=167 (full 0):
 garbage-first heap   total 334848K, used 300844K [0x0000000080000000, 0x0000000100000000)
  region size 1024K, 150 young (153600K), 8 survivors (8192K)
 Metaspace       used 143874K, capacity 147828K, committed 148092K, reserved 1177600K
  class space    used 17695K, capacity 19114K, committed 19200K, reserved 1048576K
}
Event: 346.744 GC heap after
{Heap after GC invocations=168 (full 0):
 garbage-first heap   total 334848K, used 168736K [0x0000000080000000, 0x0000000100000000)
  region size 1024K, 19 young (19456K), 19 survivors (19456K)
 Metaspace       used 143874K, capacity 147828K, committed 148092K, reserved 1177600K
  class space    used 17695K, capacity 19114K, committed 19200K, reserved 1048576K
}
Event: 600.900 GC heap before
{Heap before GC invocations=168 (full 0):
 garbage-first heap   total 334848K, used 270112K [0x0000000080000000, 0x0000000100000000)
  region size 1024K, 119 young (121856K), 19 survivors (19456K)
 Metaspace       used 147275K, capacity 151538K, committed 151676K, reserved 1181696K
  class space    used 18126K, capacity 19633K, committed 19712K, reserved 1048576K
}
Event: 601.086 GC heap after
{Heap after GC invocations=169 (full 0):
 garbage-first heap   total 334848K, used 172080K [0x0000000080000000, 0x0000000100000000)
  region size 1024K, 7 young (7168K), 7 survivors (7168K)
 Metaspace       used 147275K, capacity 151538K, committed 151676K, reserved 1181696K
  class space    used 18126K, capacity 19633K, committed 19712K, reserved 1048576K
}
Event: 617.727 GC heap before
{Heap before GC invocations=169 (full 0):
 garbage-first heap   total 334848K, used 272432K [0x0000000080000000, 0x0000000100000000)
  region size 1024K, 106 young (108544K), 7 survivors (7168K)
 Metaspace       used 147642K, capacity 151983K, committed 152188K, reserved 1181696K
  class space    used 18150K, capacity 19688K, committed 19712K, reserved 1048576K
}
Event: 617.776 GC heap after
{Heap after GC invocations=170 (full 0):
 garbage-first heap   total 334848K, used 175664K [0x0000000080000000, 0x0000000100000000)
  region size 1024K, 10 young (10240K), 10 survivors (10240K)
 Metaspace       used 147642K, capacity 151983K, committed 152188K, reserved 1181696K
  class space    used 18150K, capacity 19688K, committed 19712K, reserved 1048576K
}
Event: 672.084 GC heap before
{Heap before GC invocations=170 (full 0):
 garbage-first heap   total 334848K, used 277040K [0x0000000080000000, 0x0000000100000000)
  region size 1024K, 109 young (111616K), 10 survivors (10240K)
 Metaspace       used 148573K, capacity 153102K, committed 153340K, reserved 1183744K
  class space    used 18239K, capacity 19806K, committed 19840K, reserved 1048576K
}
Event: 672.173 GC heap after
{Heap after GC invocations=171 (full 0):
 garbage-first heap   total 334848K, used 195244K [0x0000000080000000, 0x0000000100000000)
  region size 1024K, 14 young (14336K), 14 survivors (14336K)
 Metaspace       used 148573K, capacity 153102K, committed 153340K, reserved 1183744K
  class space    used 18239K, capacity 19806K, committed 19840K, reserved 1048576K
}
Event: 674.453 GC heap before
{Heap before GC invocations=171 (full 0):
 garbage-first heap   total 334848K, used 282284K [0x0000000080000000, 0x0000000100000000)
  region size 1024K, 89 young (91136K), 14 survivors (14336K)
 Metaspace       used 148726K, capacity 153169K, committed 153340K, reserved 1183744K
  class space    used 18241K, capacity 19806K, committed 19840K, reserved 1048576K
}

Deoptimization events (20 events):
Event: 673.878 Thread 0x0000020714ee1000 Uncommon trap: trap_request=0xffffffbe fr.pc=0x0000020708b58f6c relative=0x00000000000048cc
Event: 673.878 Thread 0x0000020714ee1000 Uncommon trap: reason=profile_predicate action=maybe_recompile pc=0x0000020708b58f6c method=com.android.utils.XmlUtils.toXmlTextValue(Ljava/lang/String;)Ljava/lang/String; @ 9 c2
Event: 673.878 Thread 0x0000020714ee1000 DEOPT PACKING pc=0x0000020708b58f6c sp=0x000000a90c5f74a0
Event: 673.878 Thread 0x0000020714ee1000 DEOPT UNPACKING pc=0x0000020700026ca9 sp=0x000000a90c5f7408 mode 2
Event: 673.878 Thread 0x0000020714ee1000 Uncommon trap: trap_request=0xffffffbe fr.pc=0x0000020708b58f6c relative=0x00000000000048cc
Event: 673.878 Thread 0x0000020714ee1000 Uncommon trap: reason=profile_predicate action=maybe_recompile pc=0x0000020708b58f6c method=com.android.utils.XmlUtils.toXmlTextValue(Ljava/lang/String;)Ljava/lang/String; @ 9 c2
Event: 673.878 Thread 0x0000020714ee1000 DEOPT PACKING pc=0x0000020708b58f6c sp=0x000000a90c5f74a0
Event: 673.878 Thread 0x0000020714ee1000 DEOPT UNPACKING pc=0x0000020700026ca9 sp=0x000000a90c5f7408 mode 2
Event: 673.878 Thread 0x0000020714ee1000 Uncommon trap: trap_request=0xffffffbe fr.pc=0x0000020708b58f6c relative=0x00000000000048cc
Event: 673.878 Thread 0x0000020714ee1000 Uncommon trap: reason=profile_predicate action=maybe_recompile pc=0x0000020708b58f6c method=com.android.utils.XmlUtils.toXmlTextValue(Ljava/lang/String;)Ljava/lang/String; @ 9 c2
Event: 673.878 Thread 0x0000020714ee1000 DEOPT PACKING pc=0x0000020708b58f6c sp=0x000000a90c5f74a0
Event: 673.878 Thread 0x0000020714ee1000 DEOPT UNPACKING pc=0x0000020700026ca9 sp=0x000000a90c5f7408 mode 2
Event: 673.878 Thread 0x0000020714ee1000 Uncommon trap: trap_request=0xffffffbe fr.pc=0x0000020708b58f6c relative=0x00000000000048cc
Event: 673.878 Thread 0x0000020714ee1000 Uncommon trap: reason=profile_predicate action=maybe_recompile pc=0x0000020708b58f6c method=com.android.utils.XmlUtils.toXmlTextValue(Ljava/lang/String;)Ljava/lang/String; @ 9 c2
Event: 673.878 Thread 0x0000020714ee1000 DEOPT PACKING pc=0x0000020708b58f6c sp=0x000000a90c5f74a0
Event: 673.878 Thread 0x0000020714ee1000 DEOPT UNPACKING pc=0x0000020700026ca9 sp=0x000000a90c5f7408 mode 2
Event: 674.144 Thread 0x00000207197e3000 DEOPT PACKING pc=0x00000207028cf38b sp=0x000000a90dffc990
Event: 674.144 Thread 0x00000207197e3000 DEOPT UNPACKING pc=0x0000020700026abf sp=0x000000a90dffbe38 mode 0
Event: 674.286 Thread 0x0000020714ee3800 DEOPT PACKING pc=0x0000020702b85f55 sp=0x000000a90e0fd9a0
Event: 674.286 Thread 0x0000020714ee3800 DEOPT UNPACKING pc=0x0000020700026abf sp=0x000000a90e0fcee8 mode 0

Classes redefined (0 events):
No events

Internal exceptions (20 events):
Event: 601.206 Thread 0x0000020714ee1000 Exception <a 'sun/nio/fs/WindowsException'{0x00000000944af708}> (0x00000000944af708) thrown at [./src/hotspot/share/prims/jni.cpp, line 615]
Event: 601.258 Thread 0x0000020714ee1000 Exception <a 'sun/nio/fs/WindowsException'{0x0000000094351548}> (0x0000000094351548) thrown at [./src/hotspot/share/prims/jni.cpp, line 615]
Event: 601.258 Thread 0x0000020714ee1000 Exception <a 'sun/nio/fs/WindowsException'{0x00000000943528d0}> (0x00000000943528d0) thrown at [./src/hotspot/share/prims/jni.cpp, line 615]
Event: 601.259 Thread 0x0000020714ee1000 Exception <a 'sun/nio/fs/WindowsException'{0x0000000094353ca8}> (0x0000000094353ca8) thrown at [./src/hotspot/share/prims/jni.cpp, line 615]
Event: 601.259 Thread 0x0000020714ee1000 Exception <a 'sun/nio/fs/WindowsException'{0x0000000094355080}> (0x0000000094355080) thrown at [./src/hotspot/share/prims/jni.cpp, line 615]
Event: 601.370 Thread 0x0000020714ee1000 Exception <a 'java/lang/reflect/InvocationTargetException'{0x00000000942f96c8}> (0x00000000942f96c8) thrown at [./src/hotspot/share/runtime/reflection.cpp, line 1247]
Event: 608.569 Thread 0x0000020714ee1000 Exception <a 'java/net/SocketTimeoutException'{0x00000000934ee550}: Read timed out> (0x00000000934ee550) thrown at [./src/hotspot/share/prims/jni.cpp, line 636]
Event: 609.163 Thread 0x00000207197d5000 Exception <a 'sun/nio/fs/WindowsException'{0x0000000092fda758}> (0x0000000092fda758) thrown at [./src/hotspot/share/prims/jni.cpp, line 615]
Event: 610.864 Thread 0x00000207197d5000 Exception <a 'sun/nio/fs/WindowsException'{0x0000000091d6c9a0}> (0x0000000091d6c9a0) thrown at [./src/hotspot/share/prims/jni.cpp, line 615]
Event: 620.644 Thread 0x0000020714ee1000 Exception <a 'java/lang/NoSuchMethodError'{0x000000009457fa20}: <clinit>> (0x000000009457fa20) thrown at [./src/hotspot/share/prims/jni.cpp, line 1362]
Event: 620.660 Thread 0x0000020714ee1000 Exception <a 'java/lang/ClassNotFoundException'{0x00000000945c6fb0}: org/jetbrains/plugins/gradle/tooling/util/JavaPluginUtilBeanInfo> (0x00000000945c6fb0) thrown at [./src/hotspot/share/classfile/systemDictionary.cpp, line 231]
Event: 620.661 Thread 0x0000020714ee1000 Exception <a 'java/lang/ClassNotFoundException'{0x00000000945d7658}: org/jetbrains/plugins/gradle/tooling/util/JavaPluginUtilCustomizer> (0x00000000945d7658) thrown at [./src/hotspot/share/classfile/systemDictionary.cpp, line 231]
Event: 668.017 Thread 0x0000020714ee1000 Exception <a 'sun/nio/fs/WindowsException'{0x0000000092e1c1f8}> (0x0000000092e1c1f8) thrown at [./src/hotspot/share/prims/jni.cpp, line 615]
Event: 668.152 Thread 0x0000020714ee1000 Exception <a 'java/lang/NoClassDefFoundError'{0x0000000092ced3e0}: org/jetbrains/kotlin/gradle/plugin/KotlinBasePluginWrapper> (0x0000000092ced3e0) thrown at [./src/hotspot/share/oops/constantPool.cpp, line 775]
Event: 668.168 Thread 0x0000020714ee1000 Exception <a 'sun/nio/fs/WindowsException'{0x0000000092bba630}> (0x0000000092bba630) thrown at [./src/hotspot/share/prims/jni.cpp, line 615]
Event: 668.174 Thread 0x0000020714ee1000 Exception <a 'sun/nio/fs/WindowsException'{0x0000000092a5c990}> (0x0000000092a5c990) thrown at [./src/hotspot/share/prims/jni.cpp, line 615]
Event: 668.174 Thread 0x0000020714ee1000 Exception <a 'sun/nio/fs/WindowsException'{0x0000000092a5da70}> (0x0000000092a5da70) thrown at [./src/hotspot/share/prims/jni.cpp, line 615]
Event: 668.174 Thread 0x0000020714ee1000 Exception <a 'sun/nio/fs/WindowsException'{0x0000000092a5eba0}> (0x0000000092a5eba0) thrown at [./src/hotspot/share/prims/jni.cpp, line 615]
Event: 668.175 Thread 0x0000020714ee1000 Exception <a 'sun/nio/fs/WindowsException'{0x0000000092a5fcd0}> (0x0000000092a5fcd0) thrown at [./src/hotspot/share/prims/jni.cpp, line 615]
Event: 668.800 Thread 0x0000020714ee1000 Exception <a 'java/lang/NoSuchMethodError'{0x0000000091e7f528}: 'int java.lang.invoke.DirectMethodHandle$Holder.invokeStaticInit(java.lang.Object, java.lang.Object, java.lang.Object, java.lang.Object, java.lang.Object)'> (0x0000000091e7f528) thrown at [./src/hotspot/share/interpreter/linkResolver.cpp, line 773]

Events (20 events):
Event: 673.295 Executing VM operation: RevokeBias
Event: 673.295 Executing VM operation: RevokeBias done
Event: 673.295 Executing VM operation: RevokeBias
Event: 673.296 Executing VM operation: RevokeBias done
Event: 673.296 Executing VM operation: RevokeBias
Event: 673.296 Executing VM operation: RevokeBias done
Event: 673.790 Executing VM operation: RevokeBias
Event: 673.790 Executing VM operation: RevokeBias done
Event: 674.019 Thread 0x0000020714ee3800 Thread added: 0x0000020714ee3800
Event: 674.082 Executing VM operation: BulkRevokeBias
Event: 674.083 Executing VM operation: BulkRevokeBias done
Event: 674.133 Executing VM operation: RevokeBias
Event: 674.134 Executing VM operation: RevokeBias done
Event: 674.134 Executing VM operation: RevokeBias
Event: 674.134 Executing VM operation: RevokeBias done
Event: 674.263 loading class com/android/aaptcompiler/TableExtractor$extractResource$parseBagMethod$9
Event: 674.263 loading class com/android/aaptcompiler/TableExtractor$extractResource$parseBagMethod$9 done
Event: 674.280 loading class com/android/aaptcompiler/Plural
Event: 674.280 loading class com/android/aaptcompiler/Plural done
Event: 674.453 Executing VM operation: G1CollectForAllocation


Dynamic libraries:
0x00007ff7a33f0000 - 0x00007ff7a33fa000 	C:\Program Files\Android\Android Studio\jre\bin\java.exe
0x00007ff8d4190000 - 0x00007ff8d4385000 	C:\Windows\SYSTEM32\ntdll.dll
0x00007ff8d3180000 - 0x00007ff8d323d000 	C:\Windows\System32\KERNEL32.DLL
0x00007ff8d18d0000 - 0x00007ff8d1b98000 	C:\Windows\System32\KERNELBASE.dll
0x00007ff8cf390000 - 0x00007ff8cf420000 	C:\Windows\SYSTEM32\apphelp.dll
0x00007ff8d1dd0000 - 0x00007ff8d1ed0000 	C:\Windows\System32\ucrtbase.dll
0x00007ff8aa7b0000 - 0x00007ff8aa7c7000 	C:\Program Files\Android\Android Studio\jre\bin\VCRUNTIME140.dll
0x00007ff8bc870000 - 0x00007ff8bc889000 	C:\Program Files\Android\Android Studio\jre\bin\jli.dll
0x00007ff8d2220000 - 0x00007ff8d23c0000 	C:\Windows\System32\USER32.dll
0x00007ff8c2200000 - 0x00007ff8c249a000 	C:\Windows\WinSxS\amd64_microsoft.windows.common-controls_6595b64144ccf1df_6.0.19041.844_none_ca00b6081b84eb1d\COMCTL32.dll
0x00007ff8d1f80000 - 0x00007ff8d1fa2000 	C:\Windows\System32\win32u.dll
0x00007ff8d2450000 - 0x00007ff8d24ee000 	C:\Windows\System32\msvcrt.dll
0x00007ff8d4100000 - 0x00007ff8d412a000 	C:\Windows\System32\GDI32.dll
0x00007ff8d1fb0000 - 0x00007ff8d20bb000 	C:\Windows\System32\gdi32full.dll
0x00007ff8d20f0000 - 0x00007ff8d218d000 	C:\Windows\System32\msvcp_win.dll
0x00007ff8d21f0000 - 0x00007ff8d2220000 	C:\Windows\System32\IMM32.DLL
0x00007ff882270000 - 0x00007ff88230d000 	C:\Program Files\Android\Android Studio\jre\bin\msvcp140.dll
0x00007ff897ae0000 - 0x00007ff8985af000 	C:\Program Files\Android\Android Studio\jre\bin\server\jvm.dll
0x00007ff8d4050000 - 0x00007ff8d40fc000 	C:\Windows\System32\ADVAPI32.dll
0x00007ff8d2560000 - 0x00007ff8d25fb000 	C:\Windows\System32\sechost.dll
0x00007ff8d27f0000 - 0x00007ff8d291b000 	C:\Windows\System32\RPCRT4.dll
0x00007ff8d24f0000 - 0x00007ff8d24f8000 	C:\Windows\System32\PSAPI.DLL
0x00007ff8c95c0000 - 0x00007ff8c95c9000 	C:\Windows\SYSTEM32\WSOCK32.dll
0x00007ff8d26d0000 - 0x00007ff8d273b000 	C:\Windows\System32\WS2_32.dll
0x00007ff8bc260000 - 0x00007ff8bc287000 	C:\Windows\SYSTEM32\WINMM.dll
0x00007ff8c6220000 - 0x00007ff8c622a000 	C:\Windows\SYSTEM32\VERSION.dll
0x00007ff8cf810000 - 0x00007ff8cf822000 	C:\Windows\SYSTEM32\kernel.appcore.dll
0x00007ff8bbbb0000 - 0x00007ff8bbbc1000 	C:\Program Files\Android\Android Studio\jre\bin\verify.dll
0x00007ff8c4d00000 - 0x00007ff8c4ee4000 	C:\Windows\SYSTEM32\DBGHELP.DLL
0x00007ff8c4cd0000 - 0x00007ff8c4cfc000 	C:\Windows\SYSTEM32\dbgcore.DLL
0x00007ff8d1ba0000 - 0x00007ff8d1c20000 	C:\Windows\System32\bcryptPrimitives.dll
0x00007ff8b6130000 - 0x00007ff8b6159000 	C:\Program Files\Android\Android Studio\jre\bin\java.dll
0x00007ff8c9550000 - 0x00007ff8c955b000 	C:\Program Files\Android\Android Studio\jre\bin\jimage.dll
0x00007ff8bbb60000 - 0x00007ff8bbb78000 	C:\Program Files\Android\Android Studio\jre\bin\zip.dll
0x00007ff8d3390000 - 0x00007ff8d3ad2000 	C:\Windows\System32\SHELL32.dll
0x00007ff8cfa10000 - 0x00007ff8d01a1000 	C:\Windows\SYSTEM32\windows.storage.dll
0x00007ff8d3c70000 - 0x00007ff8d3fc5000 	C:\Windows\System32\combase.dll
0x00007ff8d12f0000 - 0x00007ff8d131c000 	C:\Windows\SYSTEM32\Wldp.dll
0x00007ff8d2740000 - 0x00007ff8d27ee000 	C:\Windows\System32\SHCORE.dll
0x00007ff8d3120000 - 0x00007ff8d3175000 	C:\Windows\System32\shlwapi.dll
0x00007ff8d1810000 - 0x00007ff8d182f000 	C:\Windows\SYSTEM32\profapi.dll
0x00007ff8b6110000 - 0x00007ff8b612a000 	C:\Program Files\Android\Android Studio\jre\bin\net.dll
0x00007ff8c9950000 - 0x00007ff8c9a5b000 	C:\Windows\SYSTEM32\WINHTTP.dll
0x00007ff8d0fe0000 - 0x00007ff8d104a000 	C:\Windows\system32\mswsock.dll
0x00007ff8b60c0000 - 0x00007ff8b60d4000 	C:\Program Files\Android\Android Studio\jre\bin\nio.dll
0x00007ff8c46b0000 - 0x00007ff8c46d7000 	C:\Users\Prasanth\.gradle\native\8bec1ad78214c89d9ad589b4d07fe93259594b29d510b10fafb7a158f7737e5d\windows-amd64\native-platform.dll
0x00007ff8c26c0000 - 0x00007ff8c27fd000 	C:\Users\Prasanth\.gradle\native\53dbd7edfb1c66fb8903c78663c9afc45aea4f116125fa6feffd364cf09443e8\windows-amd64\native-platform-file-events.dll
0x00007ff8c24a0000 - 0x00007ff8c24aa000 	C:\Program Files\Android\Android Studio\jre\bin\management.dll
0x00007ff8c0100000 - 0x00007ff8c010c000 	C:\Program Files\Android\Android Studio\jre\bin\management_ext.dll
0x00007ff8d11b0000 - 0x00007ff8d11c8000 	C:\Windows\SYSTEM32\CRYPTSP.dll
0x00007ff8d0980000 - 0x00007ff8d09b4000 	C:\Windows\system32\rsaenh.dll
0x00007ff8d20c0000 - 0x00007ff8d20e7000 	C:\Windows\System32\bcrypt.dll
0x00007ff8d1790000 - 0x00007ff8d17be000 	C:\Windows\SYSTEM32\USERENV.dll
0x00007ff8d11d0000 - 0x00007ff8d11dc000 	C:\Windows\SYSTEM32\CRYPTBASE.dll
0x00007ff8d0cd0000 - 0x00007ff8d0d0b000 	C:\Windows\SYSTEM32\IPHLPAPI.DLL
0x00007ff8d2920000 - 0x00007ff8d2928000 	C:\Windows\System32\NSI.dll
0x00007ff8cb590000 - 0x00007ff8cb5a7000 	C:\Windows\SYSTEM32\dhcpcsvc6.DLL
0x00007ff8cb570000 - 0x00007ff8cb58d000 	C:\Windows\SYSTEM32\dhcpcsvc.DLL
0x00007ff8d0d10000 - 0x00007ff8d0ddc000 	C:\Windows\SYSTEM32\DNSAPI.dll
0x00007ff899620000 - 0x00007ff899647000 	C:\Program Files\Android\Android Studio\jre\bin\sunec.dll
0x00007ff8c8de0000 - 0x00007ff8c8dea000 	C:\Windows\System32\rasadhlp.dll
0x00007ff8c9a60000 - 0x00007ff8c9adf000 	C:\Windows\System32\fwpuclnt.dll
0x00007ff8d0610000 - 0x00007ff8d0643000 	C:\Windows\SYSTEM32\ntmarta.dll

dbghelp: loaded successfully - version: 4.0.5 - missing functions: none
symbol engine: initialized successfully - sym options: 0x614 - pdb path: .;C:\Program Files\Android\Android Studio\jre\bin;C:\Windows\SYSTEM32;C:\Windows\WinSxS\amd64_microsoft.windows.common-controls_6595b64144ccf1df_6.0.19041.844_none_ca00b6081b84eb1d;C:\Program Files\Android\Android Studio\jre\bin\server;C:\Users\Prasanth\.gradle\native\8bec1ad78214c89d9ad589b4d07fe93259594b29d510b10fafb7a158f7737e5d\windows-amd64;C:\Users\Prasanth\.gradle\native\53dbd7edfb1c66fb8903c78663c9afc45aea4f116125fa6feffd364cf09443e8\windows-amd64

VM Arguments:
jvm_args: --add-opens=java.base/java.util=ALL-UNNAMED --add-opens=java.base/java.lang=ALL-UNNAMED --add-opens=java.base/java.lang.invoke=ALL-UNNAMED --add-opens=java.base/java.util=ALL-UNNAMED --add-opens=java.prefs/java.util.prefs=ALL-UNNAMED --add-opens=java.prefs/java.util.prefs=ALL-UNNAMED --add-opens=java.base/java.nio.charset=ALL-UNNAMED --add-opens=java.base/java.net=ALL-UNNAMED --add-opens=java.base/java.util.concurrent.atomic=ALL-UNNAMED -Xmx2048m -Dfile.encoding=windows-1252 -Duser.country=IN -Duser.language=en -Duser.variant 
java_command: org.gradle.launcher.daemon.bootstrap.GradleDaemon 7.0.2
java_class_path (initial): C:\Users\Prasanth\.gradle\wrapper\dists\gradle-7.0.2-bin\857tjihv64xamwrf0h14cai3r\gradle-7.0.2\lib\gradle-launcher-7.0.2.jar
Launcher Type: SUN_STANDARD

[Global flags]
     intx CICompilerCount                          = 2                                         {product} {ergonomic}
     uint ConcGCThreads                            = 1                                         {product} {ergonomic}
     uint G1ConcRefinementThreads                  = 2                                         {product} {ergonomic}
   size_t G1HeapRegionSize                         = 1048576                                   {product} {ergonomic}
    uintx GCDrainStackTargetSize                   = 64                                        {product} {ergonomic}
   size_t InitialHeapSize                          = 65011712                                  {product} {ergonomic}
   size_t MarkStackSize                            = 4194304                                   {product} {ergonomic}
   size_t MaxHeapSize                              = 2147483648                                {product} {command line}
   size_t MaxNewSize                               = 1287651328                                {product} {ergonomic}
   size_t MinHeapDeltaBytes                        = 1048576                                   {product} {ergonomic}
    uintx NonNMethodCodeHeapSize                   = 5825164                                {pd product} {ergonomic}
    uintx NonProfiledCodeHeapSize                  = 122916538                              {pd product} {ergonomic}
    uintx ProfiledCodeHeapSize                     = 122916538                              {pd product} {ergonomic}
    uintx ReservedCodeCacheSize                    = 251658240                              {pd product} {ergonomic}
     bool SegmentedCodeCache                       = true                                      {product} {ergonomic}
     bool UseCompressedClassPointers               = true                                 {lp64_product} {ergonomic}
     bool UseCompressedOops                        = true                                 {lp64_product} {ergonomic}
     bool UseG1GC                                  = true                                      {product} {ergonomic}
     bool UseLargePagesIndividualAllocation        = false                                  {pd product} {ergonomic}

Logging:
Log output configuration:
 #0: stdout all=warning uptime,level,tags
 #1: stderr all=off uptime,level,tags

Environment Variables:
PATH=C:\Windows\system32;C:\Windows;C:\Windows\System32\Wbem;C:\Windows\System32\WindowsPowerShell\v1.0\;C:\Windows\System32\OpenSSH\;C:\Users\Prasanth\AppData\Local\Microsoft\WindowsApps;
USERNAME=Prasanth
OS=Windows_NT
PROCESSOR_IDENTIFIER=Intel64 Family 6 Model 42 Stepping 7, GenuineIntel



---------------  S Y S T E M  ---------------

OS: Windows 10 , 64 bit Build 19041 (10.0.19041.928)
OS uptime: 0 days 7:36 hours

CPU:total 2 (initial active 2) (2 cores per cpu, 1 threads per core) family 6 model 42 stepping 7 microcode 0x2f, cmov, cx8, fxsr, mmx, sse, sse2, sse3, ssse3, sse4.1, sse4.2, popcnt, clmul, tsc, tscinvbit

Memory: 4k page, system-wide physical 3931M (387M free)
TotalPageFile size 6249M (AvailPageFile size 1043M)
current process WorkingSet (physical memory assigned to process): 630M, peak: 667M
current process commit charge ("private bytes"): 742M, peak: 763M

vm_info: OpenJDK 64-Bit Server VM (11.0.10+0-b96-7249189) for windows-amd64 JRE (11.0.10+0-b96-7249189), built on Mar 31 2021 21:44:00 by "builder" with MS VC++ 14.0 (VS2015)

END.
